Log file open, 12/11/19 18:18:04
LogWindows: Failed to load 'aqProf.dll' (GetLastError=126)
LogWindows: File 'aqProf.dll' does not exist
LogWindows: Failed to load 'VtuneApi.dll' (GetLastError=126)
LogWindows: File 'VtuneApi.dll' does not exist
LogWindows: Failed to load 'VtuneApi32e.dll' (GetLastError=126)
LogWindows: File 'VtuneApi32e.dll' does not exist
LogConsoleResponse: Display: Failed to find resolution value strings in scalability ini. Falling back to default.
LogInit: Display: Running engine for game: JuegoX
LogPlatformFile: Not using cached read wrapper
LogTaskGraph: Started task graph with 5 named threads and 23 total threads with 3 sets of task threads.
LogStats: Stats thread started at 0.100125
LogD3D11RHI: Loaded GFSDK_Aftermath_Lib.x64.dll
LogICUInternationalization: ICU TimeZone Detection - Raw Offset: +1:00, Platform Override: ''
LogPluginManager: Mounting plugin Paper2D
LogPluginManager: Mounting plugin AISupport
LogPluginManager: Mounting plugin LightPropagationVolume
LogPluginManager: Mounting plugin ActorLayerUtilities
LogPluginManager: Mounting plugin AnimationSharing
LogPluginManager: Mounting plugin CLionSourceCodeAccess
LogPluginManager: Mounting plugin CodeLiteSourceCodeAccess
LogPluginManager: Mounting plugin GitSourceControl
LogPluginManager: Mounting plugin KDevelopSourceCodeAccess
LogPluginManager: Mounting plugin NullSourceCodeAccess
LogPluginManager: Mounting plugin PerforceSourceControl
LogPluginManager: Mounting plugin SubversionSourceControl
LogPluginManager: Mounting plugin UObjectPlugin
LogPluginManager: Mounting plugin VisualStudioCodeSourceCodeAccess
LogPluginManager: Mounting plugin VisualStudioSourceCodeAccess
LogPluginManager: Mounting plugin XCodeSourceCodeAccess
LogPluginManager: Mounting plugin AssetManagerEditor
LogPluginManager: Mounting plugin CryptoKeys
LogPluginManager: Mounting plugin CurveEditorTools
LogPluginManager: Mounting plugin DataValidation
LogPluginManager: Mounting plugin FacialAnimation
LogPluginManager: Mounting plugin GameplayTagsEditor
LogPluginManager: Mounting plugin MacGraphicsSwitching
LogPluginManager: Mounting plugin MaterialAnalyzer
LogPluginManager: Mounting plugin MobileLauncherProfileWizard
LogPluginManager: Mounting plugin PluginBrowser
LogPluginManager: Mounting plugin SpeedTreeImporter
LogPluginManager: Mounting plugin DatasmithContent
LogPluginManager: Mounting plugin VariantManagerContent
LogPluginManager: Mounting plugin AlembicImporter
LogPluginManager: Mounting plugin AutomationUtils
LogPluginManager: Mounting plugin BackChannel
LogPluginManager: Mounting plugin CharacterAI
LogPluginManager: Mounting plugin GeometryCache
LogPluginManager: Mounting plugin HTML5Networking
LogPluginManager: Mounting plugin PlatformCrypto
LogPluginManager: Mounting plugin ProxyLODPlugin
LogPluginManager: Mounting plugin SkeletalReduction
LogPluginManager: Mounting plugin MagicLeap
LogPluginManager: Mounting plugin MagicLeapMedia
LogPluginManager: Mounting plugin AndroidMedia
LogPluginManager: Mounting plugin AvfMedia
LogPluginManager: Mounting plugin ImgMedia
LogPluginManager: Mounting plugin MediaCompositing
LogPluginManager: Mounting plugin MediaPlayerEditor
LogPluginManager: Mounting plugin WebMMedia
LogPluginManager: Mounting plugin WmfMedia
LogPluginManager: Mounting plugin TcpMessaging
LogPluginManager: Mounting plugin UdpMessaging
LogPluginManager: Mounting plugin ActorSequence
LogPluginManager: Mounting plugin LevelSequenceEditor
LogPluginManager: Mounting plugin MatineeToLevelSequence
LogPluginManager: Mounting plugin NetcodeUnitTest
LogPluginManager: Mounting plugin NUTUnrealEngine4
LogPluginManager: Mounting plugin OnlineSubsystemGooglePlay
LogPluginManager: Mounting plugin OnlineSubsystemIOS
LogPluginManager: Mounting plugin OnlineSubsystem
LogPluginManager: Mounting plugin OnlineSubsystemNull
LogPluginManager: Mounting plugin OnlineSubsystemUtils
LogPluginManager: Mounting plugin LauncherChunkInstaller
LogPluginManager: Mounting plugin AndroidDeviceProfileSelector
LogPluginManager: Mounting plugin AndroidMoviePlayer
LogPluginManager: Mounting plugin AndroidPermission
LogPluginManager: Mounting plugin AppleImageUtils
LogPluginManager: Mounting plugin AppleMoviePlayer
LogPluginManager: Mounting plugin ArchVisCharacter
LogPluginManager: Mounting plugin AudioCapture
LogPluginManager: Mounting plugin CableComponent
LogPluginManager: Mounting plugin CustomMeshComponent
LogPluginManager: Mounting plugin EditableMesh
LogPluginManager: Mounting plugin ExampleDeviceProfileSelector
LogPluginManager: Mounting plugin GoogleCloudMessaging
LogPluginManager: Mounting plugin IOSDeviceProfileSelector
LogPluginManager: Mounting plugin LinuxDeviceProfileSelector
LogPluginManager: Mounting plugin LocationServicesBPLibrary
LogPluginManager: Mounting plugin MobilePatchingUtils
LogPluginManager: Mounting plugin OculusVR
LogPluginManager: Mounting plugin PhysXVehicles
LogPluginManager: Mounting plugin ProceduralMeshComponent
LogPluginManager: Mounting plugin RuntimePhysXCooking
LogPluginManager: Mounting plugin SignificanceManager
LogPluginManager: Mounting plugin SteamVR
LogPluginManager: Mounting plugin WebMMoviePlayer
LogPluginManager: Mounting plugin WindowsMoviePlayer
LogPluginManager: Mounting plugin ScreenshotTools
LogInit: Using libcurl 7.55.1-DEV
LogInit:  - built for x86_64-pc-win32
LogInit:  - supports SSL with OpenSSL/1.1.1
LogInit:  - supports HTTP deflate (compression) using libz 1.2.8
LogInit:  - other features:
LogInit:      CURL_VERSION_SSL
LogInit:      CURL_VERSION_LIBZ
LogInit:      CURL_VERSION_IPV6
LogInit:      CURL_VERSION_ASYNCHDNS
LogInit:      CURL_VERSION_LARGEFILE
LogInit:      CURL_VERSION_IDN
LogInit:  CurlRequestOptions (configurable via config and command line):
LogInit:  - bVerifyPeer = true  - Libcurl will verify peer certificate
LogInit:  - bUseHttpProxy = false  - Libcurl will NOT use HTTP proxy
LogInit:  - bDontReuseConnections = false  - Libcurl will reuse connections
LogInit:  - MaxHostConnections = 16  - Libcurl will limit the number of connections to a host
LogInit:  - LocalHostAddr = Default
LogInit:  - BufferSize = 65536
LogOnline: OSS: Creating online subsystem instance for: NULL
LogInit: WinSock: version 1.1 (2.2), MaxSocks=32767, MaxUdp=65467
LogInit: Build: ++UE4+Release-4.23-CL-9631420
LogInit: Engine Version: 4.23.1-9631420+++UE4+Release-4.23
LogInit: Compatible Engine Version: 4.23.0-8386587+++UE4+Release-4.23
LogInit: Net CL: 8386587
LogInit: OS: Windows 10 (Release 1809) (), CPU: Intel(R) Core(TM) i7-7700HQ CPU @ 2.80GHz, GPU: Intel(R) HD Graphics 630
LogInit: Compiled (64-bit): Oct 18 2019 02:07:44
LogInit: Compiled with Visual C++: 19.16.27030.01
LogInit: Build Configuration: Development
LogInit: Branch Name: ++UE4+Release-4.23
LogInit: Command Line: 
LogInit: Base Directory: C:/Program Files/Epic Games/UE_4.23/Engine/Binaries/Win64/
LogInit: Installed Engine Build: 1
LogDevObjectVersion: Number of dev versions registered: 23
LogDevObjectVersion:   Dev-Blueprints (B0D832E4-1F89-4F0D-ACCF-7EB736FD4AA2): 10
LogDevObjectVersion:   Dev-Build (E1C64328-A22C-4D53-A36C-8E866417BD8C): 0
LogDevObjectVersion:   Dev-Core (375EC13C-06E4-48FB-B500-84F0262A717E): 3
LogDevObjectVersion:   Dev-Editor (E4B068ED-F494-42E9-A231-DA0B2E46BB41): 34
LogDevObjectVersion:   Dev-Framework (CFFC743F-43B0-4480-9391-14DF171D2073): 35
LogDevObjectVersion:   Dev-Mobile (B02B49B5-BB20-44E9-A304-32B752E40360): 2
LogDevObjectVersion:   Dev-Networking (A4E4105C-59A1-49B5-A7C5-40C4547EDFEE): 0
LogDevObjectVersion:   Dev-Online (39C831C9-5AE6-47DC-9A44-9C173E1C8E7C): 0
LogDevObjectVersion:   Dev-Physics (78F01B33-EBEA-4F98-B9B4-84EACCB95AA2): 0
LogDevObjectVersion:   Dev-Platform (6631380F-2D4D-43E0-8009-CF276956A95A): 0
LogDevObjectVersion:   Dev-Rendering (12F88B9F-8875-4AFC-A67C-D90C383ABD29): 31
LogDevObjectVersion:   Dev-Sequencer (7B5AE74C-D270-4C10-A958-57980B212A5A): 11
LogDevObjectVersion:   Dev-VR (D7296918-1DD6-4BDD-9DE2-64A83CC13884): 2
LogDevObjectVersion:   Dev-LoadTimes (C2A15278-BFE7-4AFE-6C17-90FF531DF755): 1
LogDevObjectVersion:   Private-Geometry (6EACA3D4-40EC-4CC1-B786-8BED09428FC5): 3
LogDevObjectVersion:   Dev-AnimPhys (29E575DD-E0A3-4627-9D10-D276232CDCEA): 17
LogDevObjectVersion:   Dev-Anim (AF43A65D-7FD3-4947-9873-3E8ED9C1BB05): 2
LogDevObjectVersion:   Dev-ReflectionCapture (6B266CEC-1EC7-4B8F-A30B-E4D90942FC07): 1
LogDevObjectVersion:   Dev-Automation (0DF73D61-A23F-47EA-B727-89E90C41499A): 1
LogDevObjectVersion:   FortniteMain (601D1886-AC64-4F84-AA16-D3DE0DEAC7D6): 27
LogDevObjectVersion:   Dev-Enterprise (9DFFBCD6-494F-0158-E221-12823C92A888): 6
LogDevObjectVersion:   Dev-Niagara (F2AED0AC-9AFE-416F-8664-AA7FFA26D6FC): 1
LogDevObjectVersion:   Dev-Destruction (174F1F0B-B4C6-45A5-B13F-2EE8D0FB917D): 9
LogInit: Presizing for max 16777216 objects, including 0 objects not considered by GC, pre-allocating 0 bytes for permanent pool.
LogInit: Object subsystem initialized
LogConfig: Setting CVar [[con.DebugEarlyDefault:1]]
LogConfig: Setting CVar [[r.setres:1280x720]]
[2019.12.11-17.18.04:789][  0]LogConfig: Setting CVar [[r.VSync:0]]
[2019.12.11-17.18.04:789][  0]LogConfig: Setting CVar [[r.RHICmdBypass:0]]
[2019.12.11-17.18.04:789][  0]LogConfig: Applying CVar settings from Section [/Script/Engine.RendererSettings] File [C:/Users/alumno/Documents/GitHub/JuegoX/JuegoX/Saved/Config/Windows/Engine.ini]
[2019.12.11-17.18.04:789][  0]LogConfig: Setting CVar [[r.GPUCrashDebugging:0]]
[2019.12.11-17.18.04:789][  0]LogConfig: Setting CVar [[r.CustomDepth:3]]
[2019.12.11-17.18.04:789][  0]LogConfig: Applying CVar settings from Section [/Script/Engine.RendererOverrideSettings] File [C:/Users/alumno/Documents/GitHub/JuegoX/JuegoX/Saved/Config/Windows/Engine.ini]
[2019.12.11-17.18.04:789][  0]LogConfig: Applying CVar settings from Section [/Script/Engine.StreamingSettings] File [C:/Users/alumno/Documents/GitHub/JuegoX/JuegoX/Saved/Config/Windows/Engine.ini]
[2019.12.11-17.18.04:789][  0]LogConfig: Setting CVar [[s.MinBulkDataSizeForAsyncLoading:131072]]
[2019.12.11-17.18.04:789][  0]LogConfig: Setting CVar [[s.AsyncLoadingThreadEnabled:0]]
[2019.12.11-17.18.04:789][  0]LogConfig: Setting CVar [[s.EventDrivenLoaderEnabled:1]]
[2019.12.11-17.18.04:789][  0]LogConfig: Setting CVar [[s.WarnIfTimeLimitExceeded:0]]
[2019.12.11-17.18.04:789][  0]LogConfig: Setting CVar [[s.TimeLimitExceededMultiplier:1.5]]
[2019.12.11-17.18.04:789][  0]LogConfig: Setting CVar [[s.TimeLimitExceededMinTime:0.005]]
[2019.12.11-17.18.04:789][  0]LogConfig: Setting CVar [[s.UseBackgroundLevelStreaming:1]]
[2019.12.11-17.18.04:789][  0]LogConfig: Setting CVar [[s.PriorityAsyncLoadingExtraTime:15.0]]
[2019.12.11-17.18.04:789][  0]LogConfig: Setting CVar [[s.LevelStreamingActorsUpdateTimeLimit:5.0]]
[2019.12.11-17.18.04:789][  0]LogConfig: Setting CVar [[s.PriorityLevelStreamingActorsUpdateExtraTime:5.0]]
[2019.12.11-17.18.04:789][  0]LogConfig: Setting CVar [[s.LevelStreamingComponentsRegistrationGranularity:10]]
[2019.12.11-17.18.04:789][  0]LogConfig: Setting CVar [[s.UnregisterComponentsTimeLimit:1.0]]
[2019.12.11-17.18.04:789][  0]LogConfig: Setting CVar [[s.LevelStreamingComponentsUnregistrationGranularity:5]]
[2019.12.11-17.18.04:789][  0]LogConfig: Applying CVar settings from Section [/Script/Engine.GarbageCollectionSettings] File [C:/Users/alumno/Documents/GitHub/JuegoX/JuegoX/Saved/Config/Windows/Engine.ini]
[2019.12.11-17.18.04:789][  0]LogConfig: Setting CVar [[gc.MaxObjectsNotConsideredByGC:1]]
[2019.12.11-17.18.04:789][  0]LogConfig: Setting CVar [[gc.SizeOfPermanentObjectPool:0]]
[2019.12.11-17.18.04:789][  0]LogConfig: Setting CVar [[gc.FlushStreamingOnGC:0]]
[2019.12.11-17.18.04:789][  0]LogConfig: Setting CVar [[gc.NumRetriesBeforeForcingGC:10]]
[2019.12.11-17.18.04:789][  0]LogConfig: Setting CVar [[gc.AllowParallelGC:1]]
[2019.12.11-17.18.04:789][  0]LogConfig: Setting CVar [[gc.TimeBetweenPurgingPendingKillObjects:61.1]]
[2019.12.11-17.18.04:789][  0]LogConfig: Setting CVar [[gc.MaxObjectsInEditor:16777216]]
[2019.12.11-17.18.04:789][  0]LogConfig: Setting CVar [[gc.IncrementalBeginDestroyEnabled:1]]
[2019.12.11-17.18.04:790][  0]LogConfig: Setting CVar [[gc.CreateGCClusters:1]]
[2019.12.11-17.18.04:790][  0]LogConfig: Setting CVar [[gc.MinGCClusterSize:5]]
[2019.12.11-17.18.04:790][  0]LogConfig: Setting CVar [[gc.ActorClusteringEnabled:0]]
[2019.12.11-17.18.04:790][  0]LogConfig: Setting CVar [[gc.BlueprintClusteringEnabled:0]]
[2019.12.11-17.18.04:790][  0]LogConfig: Setting CVar [[gc.UseDisregardForGCOnDedicatedServers:0]]
[2019.12.11-17.18.04:790][  0]LogConfig: Applying CVar settings from Section [/Script/Engine.NetworkSettings] File [C:/Users/alumno/Documents/GitHub/JuegoX/JuegoX/Saved/Config/Windows/Engine.ini]
[2019.12.11-17.18.04:790][  0]LogConfig: Applying CVar settings from Section [/Script/UnrealEd.CookerSettings] File [C:/Users/alumno/Documents/GitHub/JuegoX/JuegoX/Saved/Config/Windows/Engine.ini]
[2019.12.11-17.18.04:792][  0]LogConfig: Applying CVar settings from Section [ViewDistanceQuality@3] File [C:/Users/alumno/Documents/GitHub/JuegoX/JuegoX/Saved/Config/Windows/Scalability.ini]
[2019.12.11-17.18.04:792][  0]LogConfig: Setting CVar [[r.SkeletalMeshLODBias:0]]
[2019.12.11-17.18.04:792][  0]LogConfig: Setting CVar [[r.ViewDistanceScale:1.0]]
[2019.12.11-17.18.04:792][  0]LogConfig: Applying CVar settings from Section [AntiAliasingQuality@3] File [C:/Users/alumno/Documents/GitHub/JuegoX/JuegoX/Saved/Config/Windows/Scalability.ini]
[2019.12.11-17.18.04:792][  0]LogConfig: Setting CVar [[r.PostProcessAAQuality:4]]
[2019.12.11-17.18.04:792][  0]LogConfig: Applying CVar settings from Section [ShadowQuality@3] File [C:/Users/alumno/Documents/GitHub/JuegoX/JuegoX/Saved/Config/Windows/Scalability.ini]
[2019.12.11-17.18.04:792][  0]LogConfig: Setting CVar [[r.LightFunctionQuality:1]]
[2019.12.11-17.18.04:792][  0]LogConfig: Setting CVar [[r.ShadowQuality:5]]
[2019.12.11-17.18.04:792][  0]LogConfig: Setting CVar [[r.Shadow.CSM.MaxCascades:10]]
[2019.12.11-17.18.04:792][  0]LogConfig: Setting CVar [[r.Shadow.MaxResolution:2048]]
[2019.12.11-17.18.04:792][  0]LogConfig: Setting CVar [[r.Shadow.MaxCSMResolution:2048]]
[2019.12.11-17.18.04:792][  0]LogConfig: Setting CVar [[r.Shadow.RadiusThreshold:0.01]]
[2019.12.11-17.18.04:792][  0]LogConfig: Setting CVar [[r.Shadow.DistanceScale:1.0]]
[2019.12.11-17.18.04:792][  0]LogConfig: Setting CVar [[r.Shadow.CSM.TransitionScale:1.0]]
[2019.12.11-17.18.04:792][  0]LogConfig: Setting CVar [[r.Shadow.PreShadowResolutionFactor:1.0]]
[2019.12.11-17.18.04:792][  0]LogConfig: Setting CVar [[r.DistanceFieldShadowing:1]]
[2019.12.11-17.18.04:792][  0]LogConfig: Setting CVar [[r.DistanceFieldAO:1]]
[2019.12.11-17.18.04:792][  0]LogConfig: Setting CVar [[r.AOQuality:2]]
[2019.12.11-17.18.04:792][  0]LogConfig: Setting CVar [[r.VolumetricFog:1]]
[2019.12.11-17.18.04:792][  0]LogConfig: Setting CVar [[r.VolumetricFog.GridPixelSize:8]]
[2019.12.11-17.18.04:792][  0]LogConfig: Setting CVar [[r.VolumetricFog.GridSizeZ:128]]
[2019.12.11-17.18.04:792][  0]LogConfig: Setting CVar [[r.VolumetricFog.HistoryMissSupersampleCount:4]]
[2019.12.11-17.18.04:792][  0]LogConfig: Setting CVar [[r.LightMaxDrawDistanceScale:1]]
[2019.12.11-17.18.04:792][  0]LogConfig: Setting CVar [[r.CapsuleShadows:1]]
[2019.12.11-17.18.04:792][  0]LogConfig: Applying CVar settings from Section [PostProcessQuality@3] File [C:/Users/alumno/Documents/GitHub/JuegoX/JuegoX/Saved/Config/Windows/Scalability.ini]
[2019.12.11-17.18.04:792][  0]LogConfig: Setting CVar [[r.MotionBlurQuality:4]]
[2019.12.11-17.18.04:792][  0]LogConfig: Setting CVar [[r.AmbientOcclusionMipLevelFactor:0.4]]
[2019.12.11-17.18.04:792][  0]LogConfig: Setting CVar [[r.AmbientOcclusionMaxQuality:100]]
[2019.12.11-17.18.04:792][  0]LogConfig: Setting CVar [[r.AmbientOcclusionLevels:-1]]
[2019.12.11-17.18.04:792][  0]LogConfig: Setting CVar [[r.AmbientOcclusionRadiusScale:1.0]]
[2019.12.11-17.18.04:792][  0]LogConfig: Setting CVar [[r.DepthOfFieldQuality:2]]
[2019.12.11-17.18.04:792][  0]LogConfig: Setting CVar [[r.RenderTargetPoolMin:400]]
[2019.12.11-17.18.04:792][  0]LogConfig: Setting CVar [[r.LensFlareQuality:2]]
[2019.12.11-17.18.04:792][  0]LogConfig: Setting CVar [[r.SceneColorFringeQuality:1]]
[2019.12.11-17.18.04:792][  0]LogConfig: Setting CVar [[r.EyeAdaptationQuality:2]]
[2019.12.11-17.18.04:792][  0]LogConfig: Setting CVar [[r.BloomQuality:5]]
[2019.12.11-17.18.04:792][  0]LogConfig: Setting CVar [[r.FastBlurThreshold:100]]
[2019.12.11-17.18.04:792][  0]LogConfig: Setting CVar [[r.Upscale.Quality:3]]
[2019.12.11-17.18.04:792][  0]LogConfig: Setting CVar [[r.Tonemapper.GrainQuantization:1]]
[2019.12.11-17.18.04:792][  0]LogConfig: Setting CVar [[r.LightShaftQuality:1]]
[2019.12.11-17.18.04:792][  0]LogConfig: Setting CVar [[r.Filter.SizeScale:1]]
[2019.12.11-17.18.04:792][  0]LogConfig: Setting CVar [[r.Tonemapper.Quality:5]]
[2019.12.11-17.18.04:792][  0]LogConfig: Setting CVar [[r.DOF.Gather.AccumulatorQuality:1        ; higher gathering accumulator quality]]
[2019.12.11-17.18.04:792][  0]LogConfig: Setting CVar [[r.DOF.Gather.PostfilterMethod:1          ; Median3x3 postfilering method]]
[2019.12.11-17.18.04:792][  0]LogConfig: Setting CVar [[r.DOF.Gather.EnableBokehSettings:0       ; no bokeh simulation when gathering]]
[2019.12.11-17.18.04:792][  0]LogConfig: Setting CVar [[r.DOF.Gather.RingCount:4                 ; medium number of samples when gathering]]
[2019.12.11-17.18.04:792][  0]LogConfig: Setting CVar [[r.DOF.Scatter.ForegroundCompositing:1    ; additive foreground scattering]]
[2019.12.11-17.18.04:792][  0]LogConfig: Setting CVar [[r.DOF.Scatter.BackgroundCompositing:2    ; additive background scattering]]
[2019.12.11-17.18.04:792][  0]LogConfig: Setting CVar [[r.DOF.Scatter.EnableBokehSettings:1      ; bokeh simulation when scattering]]
[2019.12.11-17.18.04:793][  0]LogConfig: Setting CVar [[r.DOF.Scatter.MaxSpriteRatio:0.1         ; only a maximum of 10% of scattered bokeh]]
[2019.12.11-17.18.04:793][  0]LogConfig: Setting CVar [[r.DOF.Recombine.Quality:1                ; cheap slight out of focus]]
[2019.12.11-17.18.04:793][  0]LogConfig: Setting CVar [[r.DOF.Recombine.EnableBokehSettings:0    ; no bokeh simulation on slight out of focus]]
[2019.12.11-17.18.04:793][  0]LogConfig: Setting CVar [[r.DOF.TemporalAAQuality:1                ; more stable temporal accumulation]]
[2019.12.11-17.18.04:793][  0]LogConfig: Setting CVar [[r.DOF.Kernel.MaxForegroundRadius:0.025]]
[2019.12.11-17.18.04:793][  0]LogConfig: Setting CVar [[r.DOF.Kernel.MaxBackgroundRadius:0.025]]
[2019.12.11-17.18.04:793][  0]LogConfig: Applying CVar settings from Section [TextureQuality@3] File [C:/Users/alumno/Documents/GitHub/JuegoX/JuegoX/Saved/Config/Windows/Scalability.ini]
[2019.12.11-17.18.04:793][  0]LogConfig: Setting CVar [[r.Streaming.MipBias:0]]
[2019.12.11-17.18.04:793][  0]LogConfig: Setting CVar [[r.Streaming.AmortizeCPUToGPUCopy:0]]
[2019.12.11-17.18.04:793][  0]LogConfig: Setting CVar [[r.Streaming.MaxNumTexturesToStreamPerFrame:0]]
[2019.12.11-17.18.04:793][  0]LogConfig: Setting CVar [[r.Streaming.Boost:1]]
[2019.12.11-17.18.04:793][  0]LogConfig: Setting CVar [[r.MaxAnisotropy:8]]
[2019.12.11-17.18.04:793][  0]LogConfig: Setting CVar [[r.Streaming.LimitPoolSizeToVRAM:0]]
[2019.12.11-17.18.04:793][  0]LogConfig: Setting CVar [[r.Streaming.PoolSize:1000]]
[2019.12.11-17.18.04:793][  0]LogConfig: Setting CVar [[r.Streaming.MaxEffectiveScreenSize:0]]
[2019.12.11-17.18.04:793][  0]LogConfig: Applying CVar settings from Section [EffectsQuality@3] File [C:/Users/alumno/Documents/GitHub/JuegoX/JuegoX/Saved/Config/Windows/Scalability.ini]
[2019.12.11-17.18.04:793][  0]LogConfig: Setting CVar [[r.TranslucencyLightingVolumeDim:64]]
[2019.12.11-17.18.04:793][  0]LogConfig: Setting CVar [[r.RefractionQuality:2]]
[2019.12.11-17.18.04:793][  0]LogConfig: Setting CVar [[r.SSR.Quality:3]]
[2019.12.11-17.18.04:793][  0]LogConfig: Setting CVar [[r.SceneColorFormat:4]]
[2019.12.11-17.18.04:793][  0]LogConfig: Setting CVar [[r.DetailMode:2]]
[2019.12.11-17.18.04:793][  0]LogConfig: Setting CVar [[r.TranslucencyVolumeBlur:1]]
[2019.12.11-17.18.04:793][  0]LogConfig: Setting CVar [[r.MaterialQualityLevel:1 ; High quality]]
[2019.12.11-17.18.04:793][  0]LogConfig: Setting CVar [[r.SSS.Scale:1]]
[2019.12.11-17.18.04:793][  0]LogConfig: Setting CVar [[r.SSS.SampleSet:2]]
[2019.12.11-17.18.04:793][  0]LogConfig: Setting CVar [[r.SSS.Quality:1]]
[2019.12.11-17.18.04:793][  0]LogConfig: Setting CVar [[r.SSS.HalfRes:1]]
[2019.12.11-17.18.04:793][  0]LogConfig: Setting CVar [[r.EmitterSpawnRateScale:1.0]]
[2019.12.11-17.18.04:793][  0]LogConfig: Setting CVar [[r.ParticleLightQuality:2]]
[2019.12.11-17.18.04:793][  0]LogConfig: Applying CVar settings from Section [FoliageQuality@3] File [C:/Users/alumno/Documents/GitHub/JuegoX/JuegoX/Saved/Config/Windows/Scalability.ini]
[2019.12.11-17.18.04:793][  0]LogConfig: Setting CVar [[foliage.DensityScale:1.0]]
[2019.12.11-17.18.04:793][  0]LogConfig: Setting CVar [[grass.DensityScale:1.0]]
[2019.12.11-17.18.04:793][  0]LogInit: Selected Device Profile: [Windows]
[2019.12.11-17.18.04:793][  0]LogInit: Applying CVar settings loaded from the selected device profile: [Windows]
[2019.12.11-17.18.04:795][  0]LogHAL: Display: Platform has ~ 8 GB [8469774336 / 8589934592 / 8], which maps to Default [LargestMinGB=32, LargerMinGB=12, DefaultMinGB=8, SmallerMinGB=6, SmallestMinGB=0)
[2019.12.11-17.18.04:795][  0]LogInit: Going up to parent DeviceProfile []
[2019.12.11-17.18.04:795][  0]LogConfig: Applying CVar settings from Section [ViewDistanceQuality@3] File [C:/Users/alumno/Documents/GitHub/JuegoX/JuegoX/Saved/Config/Windows/Scalability.ini]
[2019.12.11-17.18.04:795][  0]LogConfig: Setting CVar [[r.SkeletalMeshLODBias:0]]
[2019.12.11-17.18.04:795][  0]LogConfig: Setting CVar [[r.ViewDistanceScale:1.0]]
[2019.12.11-17.18.04:795][  0]LogConfig: Applying CVar settings from Section [AntiAliasingQuality@3] File [C:/Users/alumno/Documents/GitHub/JuegoX/JuegoX/Saved/Config/Windows/Scalability.ini]
[2019.12.11-17.18.04:795][  0]LogConfig: Setting CVar [[r.PostProcessAAQuality:4]]
[2019.12.11-17.18.04:795][  0]LogConfig: Applying CVar settings from Section [ShadowQuality@3] File [C:/Users/alumno/Documents/GitHub/JuegoX/JuegoX/Saved/Config/Windows/Scalability.ini]
[2019.12.11-17.18.04:795][  0]LogConfig: Setting CVar [[r.LightFunctionQuality:1]]
[2019.12.11-17.18.04:796][  0]LogConfig: Setting CVar [[r.ShadowQuality:5]]
[2019.12.11-17.18.04:796][  0]LogConfig: Setting CVar [[r.Shadow.CSM.MaxCascades:10]]
[2019.12.11-17.18.04:796][  0]LogConfig: Setting CVar [[r.Shadow.MaxResolution:2048]]
[2019.12.11-17.18.04:796][  0]LogConfig: Setting CVar [[r.Shadow.MaxCSMResolution:2048]]
[2019.12.11-17.18.04:796][  0]LogConfig: Setting CVar [[r.Shadow.RadiusThreshold:0.01]]
[2019.12.11-17.18.04:796][  0]LogConfig: Setting CVar [[r.Shadow.DistanceScale:1.0]]
[2019.12.11-17.18.04:796][  0]LogConfig: Setting CVar [[r.Shadow.CSM.TransitionScale:1.0]]
[2019.12.11-17.18.04:796][  0]LogConfig: Setting CVar [[r.Shadow.PreShadowResolutionFactor:1.0]]
[2019.12.11-17.18.04:796][  0]LogConfig: Setting CVar [[r.DistanceFieldShadowing:1]]
[2019.12.11-17.18.04:796][  0]LogConfig: Setting CVar [[r.DistanceFieldAO:1]]
[2019.12.11-17.18.04:796][  0]LogConfig: Setting CVar [[r.AOQuality:2]]
[2019.12.11-17.18.04:796][  0]LogConfig: Setting CVar [[r.VolumetricFog:1]]
[2019.12.11-17.18.04:796][  0]LogConfig: Setting CVar [[r.VolumetricFog.GridPixelSize:8]]
[2019.12.11-17.18.04:796][  0]LogConfig: Setting CVar [[r.VolumetricFog.GridSizeZ:128]]
[2019.12.11-17.18.04:796][  0]LogConfig: Setting CVar [[r.VolumetricFog.HistoryMissSupersampleCount:4]]
[2019.12.11-17.18.04:796][  0]LogConfig: Setting CVar [[r.LightMaxDrawDistanceScale:1]]
[2019.12.11-17.18.04:796][  0]LogConfig: Setting CVar [[r.CapsuleShadows:1]]
[2019.12.11-17.18.04:796][  0]LogConfig: Applying CVar settings from Section [PostProcessQuality@3] File [C:/Users/alumno/Documents/GitHub/JuegoX/JuegoX/Saved/Config/Windows/Scalability.ini]
[2019.12.11-17.18.04:796][  0]LogConfig: Setting CVar [[r.MotionBlurQuality:4]]
[2019.12.11-17.18.04:796][  0]LogConfig: Setting CVar [[r.AmbientOcclusionMipLevelFactor:0.4]]
[2019.12.11-17.18.04:796][  0]LogConfig: Setting CVar [[r.AmbientOcclusionMaxQuality:100]]
[2019.12.11-17.18.04:796][  0]LogConfig: Setting CVar [[r.AmbientOcclusionLevels:-1]]
[2019.12.11-17.18.04:796][  0]LogConfig: Setting CVar [[r.AmbientOcclusionRadiusScale:1.0]]
[2019.12.11-17.18.04:796][  0]LogConfig: Setting CVar [[r.DepthOfFieldQuality:2]]
[2019.12.11-17.18.04:796][  0]LogConfig: Setting CVar [[r.RenderTargetPoolMin:400]]
[2019.12.11-17.18.04:796][  0]LogConfig: Setting CVar [[r.LensFlareQuality:2]]
[2019.12.11-17.18.04:796][  0]LogConfig: Setting CVar [[r.SceneColorFringeQuality:1]]
[2019.12.11-17.18.04:796][  0]LogConfig: Setting CVar [[r.EyeAdaptationQuality:2]]
[2019.12.11-17.18.04:796][  0]LogConfig: Setting CVar [[r.BloomQuality:5]]
[2019.12.11-17.18.04:796][  0]LogConfig: Setting CVar [[r.FastBlurThreshold:100]]
[2019.12.11-17.18.04:796][  0]LogConfig: Setting CVar [[r.Upscale.Quality:3]]
[2019.12.11-17.18.04:796][  0]LogConfig: Setting CVar [[r.Tonemapper.GrainQuantization:1]]
[2019.12.11-17.18.04:796][  0]LogConfig: Setting CVar [[r.LightShaftQuality:1]]
[2019.12.11-17.18.04:796][  0]LogConfig: Setting CVar [[r.Filter.SizeScale:1]]
[2019.12.11-17.18.04:796][  0]LogConfig: Setting CVar [[r.Tonemapper.Quality:5]]
[2019.12.11-17.18.04:796][  0]LogConfig: Setting CVar [[r.DOF.Gather.AccumulatorQuality:1        ; higher gathering accumulator quality]]
[2019.12.11-17.18.04:796][  0]LogConfig: Setting CVar [[r.DOF.Gather.PostfilterMethod:1          ; Median3x3 postfilering method]]
[2019.12.11-17.18.04:796][  0]LogConfig: Setting CVar [[r.DOF.Gather.EnableBokehSettings:0       ; no bokeh simulation when gathering]]
[2019.12.11-17.18.04:796][  0]LogConfig: Setting CVar [[r.DOF.Gather.RingCount:4                 ; medium number of samples when gathering]]
[2019.12.11-17.18.04:796][  0]LogConfig: Setting CVar [[r.DOF.Scatter.ForegroundCompositing:1    ; additive foreground scattering]]
[2019.12.11-17.18.04:796][  0]LogConfig: Setting CVar [[r.DOF.Scatter.BackgroundCompositing:2    ; additive background scattering]]
[2019.12.11-17.18.04:796][  0]LogConfig: Setting CVar [[r.DOF.Scatter.EnableBokehSettings:1      ; bokeh simulation when scattering]]
[2019.12.11-17.18.04:796][  0]LogConfig: Setting CVar [[r.DOF.Scatter.MaxSpriteRatio:0.1         ; only a maximum of 10% of scattered bokeh]]
[2019.12.11-17.18.04:796][  0]LogConfig: Setting CVar [[r.DOF.Recombine.Quality:1                ; cheap slight out of focus]]
[2019.12.11-17.18.04:796][  0]LogConfig: Setting CVar [[r.DOF.Recombine.EnableBokehSettings:0    ; no bokeh simulation on slight out of focus]]
[2019.12.11-17.18.04:796][  0]LogConfig: Setting CVar [[r.DOF.TemporalAAQuality:1                ; more stable temporal accumulation]]
[2019.12.11-17.18.04:796][  0]LogConfig: Setting CVar [[r.DOF.Kernel.MaxForegroundRadius:0.025]]
[2019.12.11-17.18.04:796][  0]LogConfig: Setting CVar [[r.DOF.Kernel.MaxBackgroundRadius:0.025]]
[2019.12.11-17.18.04:796][  0]LogConfig: Applying CVar settings from Section [TextureQuality@3] File [C:/Users/alumno/Documents/GitHub/JuegoX/JuegoX/Saved/Config/Windows/Scalability.ini]
[2019.12.11-17.18.04:796][  0]LogConfig: Setting CVar [[r.Streaming.MipBias:0]]
[2019.12.11-17.18.04:796][  0]LogConfig: Setting CVar [[r.Streaming.AmortizeCPUToGPUCopy:0]]
[2019.12.11-17.18.04:796][  0]LogConfig: Setting CVar [[r.Streaming.MaxNumTexturesToStreamPerFrame:0]]
[2019.12.11-17.18.04:796][  0]LogConfig: Setting CVar [[r.Streaming.Boost:1]]
[2019.12.11-17.18.04:796][  0]LogConfig: Setting CVar [[r.MaxAnisotropy:8]]
[2019.12.11-17.18.04:796][  0]LogConfig: Setting CVar [[r.Streaming.LimitPoolSizeToVRAM:0]]
[2019.12.11-17.18.04:796][  0]LogConfig: Setting CVar [[r.Streaming.PoolSize:1000]]
[2019.12.11-17.18.04:796][  0]LogConfig: Setting CVar [[r.Streaming.MaxEffectiveScreenSize:0]]
[2019.12.11-17.18.04:796][  0]LogConfig: Applying CVar settings from Section [EffectsQuality@3] File [C:/Users/alumno/Documents/GitHub/JuegoX/JuegoX/Saved/Config/Windows/Scalability.ini]
[2019.12.11-17.18.04:796][  0]LogConfig: Setting CVar [[r.TranslucencyLightingVolumeDim:64]]
[2019.12.11-17.18.04:796][  0]LogConfig: Setting CVar [[r.RefractionQuality:2]]
[2019.12.11-17.18.04:796][  0]LogConfig: Setting CVar [[r.SSR.Quality:3]]
[2019.12.11-17.18.04:796][  0]LogConfig: Setting CVar [[r.SceneColorFormat:4]]
[2019.12.11-17.18.04:796][  0]LogConfig: Setting CVar [[r.DetailMode:2]]
[2019.12.11-17.18.04:796][  0]LogConfig: Setting CVar [[r.TranslucencyVolumeBlur:1]]
[2019.12.11-17.18.04:796][  0]LogConfig: Setting CVar [[r.MaterialQualityLevel:1 ; High quality]]
[2019.12.11-17.18.04:796][  0]LogConfig: Setting CVar [[r.SSS.Scale:1]]
[2019.12.11-17.18.04:796][  0]LogConfig: Setting CVar [[r.SSS.SampleSet:2]]
[2019.12.11-17.18.04:797][  0]LogConfig: Setting CVar [[r.SSS.Quality:1]]
[2019.12.11-17.18.04:797][  0]LogConfig: Setting CVar [[r.SSS.HalfRes:1]]
[2019.12.11-17.18.04:797][  0]LogConfig: Setting CVar [[r.EmitterSpawnRateScale:1.0]]
[2019.12.11-17.18.04:797][  0]LogConfig: Setting CVar [[r.ParticleLightQuality:2]]
[2019.12.11-17.18.04:797][  0]LogConfig: Applying CVar settings from Section [FoliageQuality@3] File [C:/Users/alumno/Documents/GitHub/JuegoX/JuegoX/Saved/Config/Windows/Scalability.ini]
[2019.12.11-17.18.04:797][  0]LogConfig: Setting CVar [[foliage.DensityScale:1.0]]
[2019.12.11-17.18.04:797][  0]LogConfig: Setting CVar [[grass.DensityScale:1.0]]
[2019.12.11-17.18.04:797][  0]LogConfig: Applying CVar settings from Section [Startup] File [../../../Engine/Config/ConsoleVariables.ini]
[2019.12.11-17.18.04:797][  0]LogConfig: Setting CVar [[net.UseAdaptiveNetUpdateFrequency:0]]
[2019.12.11-17.18.04:797][  0]LogConfig: Setting CVar [[p.chaos.AllowCreatePhysxBodies:1]]
[2019.12.11-17.18.04:797][  0]LogConfig: Applying CVar settings from Section [ConsoleVariables] File [C:/Users/alumno/Documents/GitHub/JuegoX/JuegoX/Saved/Config/Windows/Engine.ini]
[2019.12.11-17.18.04:798][  0]LogInit: Computer: ASUS-62
[2019.12.11-17.18.04:798][  0]LogInit: User: alumno
[2019.12.11-17.18.04:798][  0]LogInit: CPU Page size=4096, Cores=4
[2019.12.11-17.18.04:798][  0]LogInit: High frequency timer resolution =10.000000 MHz
[2019.12.11-17.18.04:798][  0]LogMemory: Memory total: Physical=7.9GB (8GB approx)
[2019.12.11-17.18.04:798][  0]LogMemory: Platform Memory Stats for Windows
[2019.12.11-17.18.04:798][  0]LogMemory: Process Physical Memory: 99.84 MB used, 99.84 MB peak
[2019.12.11-17.18.04:798][  0]LogMemory: Process Virtual Memory: 88.48 MB used, 88.48 MB peak
[2019.12.11-17.18.04:798][  0]LogMemory: Physical Memory: 5071.82 MB used,  3005.59 MB free, 8077.41 MB total
[2019.12.11-17.18.04:798][  0]LogMemory: Virtual Memory: 4670.91 MB used,  134213056.00 MB free, 134217728.00 MB total
[2019.12.11-17.18.04:801][  0]LogWindows: WindowsPlatformFeatures enabled
[2019.12.11-17.18.04:828][  0]LogInit: Using OS detected language (en-US).
[2019.12.11-17.18.04:828][  0]LogInit: Using OS detected locale (en-US).
[2019.12.11-17.18.04:829][  0]LogTextLocalizationManager: No specific localization for 'en-US' exists, so the 'en' localization will be used.
[2019.12.11-17.18.04:994][  0]LogInit: Setting process to per monitor DPI aware
[2019.12.11-17.18.05:041][  0]LogSlate: New Slate User Created.  User Index 0, Is Virtual User: 0
[2019.12.11-17.18.05:041][  0]LogSlate: Slate User Registered.  User Index 0, Is Virtual User: 0
[2019.12.11-17.18.05:223][  0]LogHMD: Failed to initialize OpenVR with code 110
[2019.12.11-17.18.05:223][  0]LogD3D11RHI: D3D11 adapters:
[2019.12.11-17.18.05:294][  0]LogD3D11RHI:    0. 'NVIDIA GeForce GTX 1050' (Feature Level 11_0)
[2019.12.11-17.18.05:295][  0]LogD3D11RHI:       4021/0/4038 MB DedicatedVideo/DedicatedSystem/SharedSystem, Outputs:1, VendorId:0x10de
[2019.12.11-17.18.05:308][  0]LogD3D11RHI:    1. 'Intel(R) HD Graphics 630' (Feature Level 11_0)
[2019.12.11-17.18.05:308][  0]LogD3D11RHI:       128/0/4038 MB DedicatedVideo/DedicatedSystem/SharedSystem, Outputs:0, VendorId:0x8086
[2019.12.11-17.18.05:310][  0]LogD3D11RHI:    2. 'Microsoft Basic Render Driver' (Feature Level 11_0)
[2019.12.11-17.18.05:310][  0]LogD3D11RHI:       0/0/4038 MB DedicatedVideo/DedicatedSystem/SharedSystem, Outputs:0, VendorId:0x1414
[2019.12.11-17.18.05:310][  0]LogD3D11RHI: Chosen D3D11 Adapter: 0
[2019.12.11-17.18.05:339][  0]LogD3D11RHI: Creating new Direct3DDevice
[2019.12.11-17.18.05:339][  0]LogD3D11RHI:     GPU DeviceId: 0x1c8d (for the marketing name, search the web for "GPU Device Id")
[2019.12.11-17.18.05:339][  0]LogWindows: EnumDisplayDevices:
[2019.12.11-17.18.05:339][  0]LogWindows:    0. 'Intel(R) HD Graphics 630' (P:1 D:1)
[2019.12.11-17.18.05:339][  0]LogWindows:    1. 'Intel(R) HD Graphics 630' (P:0 D:0)
[2019.12.11-17.18.05:340][  0]LogWindows:    2. 'Intel(R) HD Graphics 630' (P:0 D:0)
[2019.12.11-17.18.05:340][  0]LogWindows: DebugString: PrimaryIsNotTheChoosenAdapter PrimaryIsNotTheChoosenAdapter PrimaryIsNotTheChoosenAdapter FoundDriverCount:0 
[2019.12.11-17.18.05:340][  0]LogD3D11RHI:     Adapter Name: NVIDIA GeForce GTX 1050
[2019.12.11-17.18.05:340][  0]LogD3D11RHI:   Driver Version: Unknown (internal:Unknown, unified:Unknown)
[2019.12.11-17.18.05:340][  0]LogD3D11RHI:      Driver Date: Unknown
[2019.12.11-17.18.05:340][  0]LogRHI: Texture pool is 2814 MB (70% of 4021 MB)
[2019.12.11-17.18.05:385][  0]LogD3D11RHI: Async texture creation enabled
[2019.12.11-17.18.05:397][  0]LogD3D11RHI: GPU Timing Frequency: 1000.000000 (Debug: 2 1)
[2019.12.11-17.18.05:711][  0]LogTemp: Display: Module 'AllDesktopTargetPlatform' loaded TargetPlatform 'AllDesktop'
[2019.12.11-17.18.05:720][  0]LogTemp: Display: Module 'MacClientTargetPlatform' loaded TargetPlatform 'MacClient'
[2019.12.11-17.18.05:728][  0]LogTemp: Display: Module 'MacNoEditorTargetPlatform' loaded TargetPlatform 'MacNoEditor'
[2019.12.11-17.18.05:738][  0]LogTemp: Display: Module 'MacServerTargetPlatform' loaded TargetPlatform 'MacServer'
[2019.12.11-17.18.05:749][  0]LogTemp: Display: Module 'MacTargetPlatform' loaded TargetPlatform 'Mac'
[2019.12.11-17.18.05:758][  0]LogTemp: Display: Module 'WindowsClientTargetPlatform' loaded TargetPlatform 'WindowsClient'
[2019.12.11-17.18.05:766][  0]LogTemp: Display: Module 'WindowsNoEditorTargetPlatform' loaded TargetPlatform 'WindowsNoEditor'
[2019.12.11-17.18.05:775][  0]LogTemp: Display: Module 'WindowsServerTargetPlatform' loaded TargetPlatform 'WindowsServer'
[2019.12.11-17.18.05:779][  0]LogTemp: Display: Module 'WindowsTargetPlatform' loaded TargetPlatform 'Windows'
[2019.12.11-17.18.05:813][  0]LogTemp: Display: Module 'AndroidTargetPlatform' loaded TargetPlatform 'Android'
[2019.12.11-17.18.05:813][  0]LogTemp: Display: Module 'AndroidTargetPlatform' loaded TargetPlatform 'Android_ASTC'
[2019.12.11-17.18.05:813][  0]LogTemp: Display: Module 'AndroidTargetPlatform' loaded TargetPlatform 'Android_ATC'
[2019.12.11-17.18.05:813][  0]LogTemp: Display: Module 'AndroidTargetPlatform' loaded TargetPlatform 'Android_DXT'
[2019.12.11-17.18.05:813][  0]LogTemp: Display: Module 'AndroidTargetPlatform' loaded TargetPlatform 'Android_ETC1'
[2019.12.11-17.18.05:813][  0]LogTemp: Display: Module 'AndroidTargetPlatform' loaded TargetPlatform 'Android_ETC1a'
[2019.12.11-17.18.05:813][  0]LogTemp: Display: Module 'AndroidTargetPlatform' loaded TargetPlatform 'Android_ETC2'
[2019.12.11-17.18.05:813][  0]LogTemp: Display: Module 'AndroidTargetPlatform' loaded TargetPlatform 'Android_PVRTC'
[2019.12.11-17.18.05:813][  0]LogTemp: Display: Module 'AndroidTargetPlatform' loaded TargetPlatform 'AndroidClient'
[2019.12.11-17.18.05:813][  0]LogTemp: Display: Module 'AndroidTargetPlatform' loaded TargetPlatform 'Android_ASTCClient'
[2019.12.11-17.18.05:813][  0]LogTemp: Display: Module 'AndroidTargetPlatform' loaded TargetPlatform 'Android_ATCClient'
[2019.12.11-17.18.05:813][  0]LogTemp: Display: Module 'AndroidTargetPlatform' loaded TargetPlatform 'Android_DXTClient'
[2019.12.11-17.18.05:813][  0]LogTemp: Display: Module 'AndroidTargetPlatform' loaded TargetPlatform 'Android_ETC1Client'
[2019.12.11-17.18.05:813][  0]LogTemp: Display: Module 'AndroidTargetPlatform' loaded TargetPlatform 'Android_ETC1aClient'
[2019.12.11-17.18.05:813][  0]LogTemp: Display: Module 'AndroidTargetPlatform' loaded TargetPlatform 'Android_ETC2Client'
[2019.12.11-17.18.05:813][  0]LogTemp: Display: Module 'AndroidTargetPlatform' loaded TargetPlatform 'Android_PVRTCClient'
[2019.12.11-17.18.05:813][  0]LogTemp: Display: Module 'AndroidTargetPlatform' loaded TargetPlatform 'Android_Multi'
[2019.12.11-17.18.05:813][  0]LogTemp: Display: Module 'AndroidTargetPlatform' loaded TargetPlatform 'Android_MultiClient'
[2019.12.11-17.18.05:814][  0]LogTemp: Display: Module 'HTML5TargetPlatform' loaded TargetPlatform 'HTML5'
[2019.12.11-17.18.05:831][  0]LogTemp: Display: Module 'IOSTargetPlatform' loaded TargetPlatform 'IOSClient'
[2019.12.11-17.18.05:831][  0]LogTemp: Display: Module 'IOSTargetPlatform' loaded TargetPlatform 'IOS'
[2019.12.11-17.18.05:844][  0]LogTemp: Display: Module 'TVOSTargetPlatform' loaded TargetPlatform 'TVOSClient'
[2019.12.11-17.18.05:844][  0]LogTemp: Display: Module 'TVOSTargetPlatform' loaded TargetPlatform 'TVOS'
[2019.12.11-17.18.05:851][  0]LogTemp: Display: Module 'LinuxClientTargetPlatform' loaded TargetPlatform 'LinuxClient'
[2019.12.11-17.18.05:857][  0]LogTemp: Display: Module 'LinuxNoEditorTargetPlatform' loaded TargetPlatform 'LinuxNoEditor'
[2019.12.11-17.18.05:864][  0]LogTemp: Display: Module 'LinuxServerTargetPlatform' loaded TargetPlatform 'LinuxServer'
[2019.12.11-17.18.05:870][  0]LogTemp: Display: Module 'LinuxTargetPlatform' loaded TargetPlatform 'Linux'
[2019.12.11-17.18.05:893][  0]LogTemp: Display: Module 'LuminTargetPlatform' loaded TargetPlatform 'Lumin'
[2019.12.11-17.18.05:893][  0]LogTemp: Display: Module 'LuminTargetPlatform' loaded TargetPlatform 'LuminClient'
[2019.12.11-17.18.05:893][  0]LogTargetPlatformManager: Display: Building Assets For Windows
[2019.12.11-17.18.05:902][  0]LogAudioDebug: Display: Lib vorbis DLL was dynamically loaded.
[2019.12.11-17.18.05:952][  0]LogShaderCompilers: Guid format shader working directory is -14 characters bigger than the processId version (../../../../../../Users/alumno/Documents/GitHub/JuegoX/JuegoX/Intermediate/Shaders/WorkingDirectory/3720/).
[2019.12.11-17.18.05:952][  0]LogShaderCompilers: Cleaned the shader compiler working directory 'C:/Users/alumno/AppData/Local/Temp/UnrealShaderWorkingDir/7E39D5064BB26A88A7831DA556ADC780/'.
[2019.12.11-17.18.05:954][  0]LogXGEController: Cleaning working directory: C:/Users/alumno/AppData/Local/Temp/UnrealXGEWorkingDir/
[2019.12.11-17.18.05:954][  0]LogXGEController: Cannot use XGE Controller as Incredibuild is not installed on this machine.
[2019.12.11-17.18.05:954][  0]LogShaderCompilers: Cannot use XGE Shader Compiler as Incredibuild is not installed on this machine.
[2019.12.11-17.18.05:954][  0]LogShaderCompilers: Display: Using Local Shader Compiler.
[2019.12.11-17.18.06:559][  0]LogDerivedDataCache: Display: Max Cache Size: 512 MB
[2019.12.11-17.18.06:614][  0]LogDerivedDataCache: Loaded boot cache 0.06s 73MB C:/Users/alumno/AppData/Local/UnrealEngine/4.23/DerivedDataCache/Boot.ddc.
[2019.12.11-17.18.06:614][  0]LogDerivedDataCache: Display: Loaded Boot cache: C:/Users/alumno/AppData/Local/UnrealEngine/4.23/DerivedDataCache/Boot.ddc
[2019.12.11-17.18.06:614][  0]LogDerivedDataCache: FDerivedDataBackendGraph:  Pak pak cache file ../../../../../../Users/alumno/Documents/GitHub/JuegoX/JuegoX/DerivedDataCache/DDC.ddp not found, will not use a pak cache.
[2019.12.11-17.18.06:614][  0]LogDerivedDataCache: Unable to find inner node Pak for hierarchical cache Hierarchy.
[2019.12.11-17.18.06:614][  0]LogDerivedDataCache: FDerivedDataBackendGraph:  CompressedPak pak cache file ../../../../../../Users/alumno/Documents/GitHub/JuegoX/JuegoX/DerivedDataCache/Compressed.ddp not found, will not use a pak cache.
[2019.12.11-17.18.06:614][  0]LogDerivedDataCache: Unable to find inner node CompressedPak for hierarchical cache Hierarchy.
[2019.12.11-17.18.06:626][  0]LogDerivedDataCache: Display: Pak cache opened for reading ../../../Engine/DerivedDataCache/Compressed.ddp.
[2019.12.11-17.18.06:626][  0]LogDerivedDataCache: FDerivedDataBackendGraph:  EnterprisePak pak cache file ../../../Enterprise/DerivedDataCache/Compressed.ddp not found, will not use a pak cache.
[2019.12.11-17.18.06:626][  0]LogDerivedDataCache: Unable to find inner node EnterprisePak for hierarchical cache Hierarchy.
[2019.12.11-17.18.06:627][  0]LogDerivedDataCache: Using Local data cache path C:/Users/alumno/AppData/Local/UnrealEngine/Common/DerivedDataCache: Writable
[2019.12.11-17.18.06:627][  0]LogDerivedDataCache: Shared data cache path not found in *engine.ini, will not use an Shared cache.
[2019.12.11-17.18.06:627][  0]LogDerivedDataCache: Unable to find inner node Shared for hierarchical cache Hierarchy.
[2019.12.11-17.18.06:649][  0]LogMaterial: Verifying Global Shaders for PCD3D_SM5
[2019.12.11-17.18.06:652][  0]LogSlate: Using FreeType 2.6.0
[2019.12.11-17.18.06:652][  0]LogSlate: SlateFontServices - WITH_FREETYPE: 1, WITH_HARFBUZZ: 1
[2019.12.11-17.18.06:707][  0]LogAssetRegistry: FAssetRegistry took 0.0025 seconds to start up
[2019.12.11-17.18.06:979][  0]LogInit: Selected Device Profile: [Windows]
[2019.12.11-17.18.07:127][  0]LogMeshReduction: Using QuadricMeshReduction for automatic static mesh reduction
[2019.12.11-17.18.07:127][  0]LogMeshReduction: Using SimplygonMeshReduction for automatic skeletal mesh reduction
[2019.12.11-17.18.07:127][  0]LogMeshReduction: Using ProxyLODMeshReduction for automatic mesh merging
[2019.12.11-17.18.07:127][  0]LogMeshReduction: No distributed automatic mesh merging module available
[2019.12.11-17.18.07:127][  0]LogMeshMerging: No distributed automatic mesh merging module available
[2019.12.11-17.18.07:137][  0]LogNetVersion: JuegoX 1.0.0, NetCL: 8386587, EngineNetVer: 11, GameNetVer: 0 (Checksum: 544456702)
[2019.12.11-17.18.07:563][  0]LogPackageLocalizationCache: Processed 12 localized package path(s) for 1 prioritized culture(s) in 0.053812 seconds
[2019.12.11-17.18.07:571][  0]LogUObjectArray: 43444 objects as part of root set at end of initial load.
[2019.12.11-17.18.07:571][  0]LogUObjectAllocator: 7548648 out of 0 bytes used by permanent object pool.
[2019.12.11-17.18.07:571][  0]LogUObjectArray: CloseDisregardForGC: 0/0 objects in disregard for GC pool
[2019.12.11-17.18.08:470][  0]LogTcpMessaging: Initializing TcpMessaging bridge
[2019.12.11-17.18.08:472][  0]LogUdpMessaging: Initializing bridge on interface 0.0.0.0:0 to multicast group 230.0.0.1:6666.
[2019.12.11-17.18.08:526][  0]SourceControl: Source control is disabled
[2019.12.11-17.18.08:526][  0]SourceControl: Source control is disabled
[2019.12.11-17.18.08:528][  0]SourceControl: Source control is disabled
[2019.12.11-17.18.08:529][  0]SourceControl: Source control is disabled
[2019.12.11-17.18.08:609][  0]LogAndroidPermission: UAndroidPermissionCallbackProxy::GetInstance
[2019.12.11-17.18.08:721][  0]LogOcInput: OculusInput pre-init called
[2019.12.11-17.18.08:727][  0]LogWindows: Failed to load 'OVRPlugin.dll' (GetLastError=126)
[2019.12.11-17.18.08:727][  0]LogWindows: File 'OVRPlugin.dll' does not exist
[2019.12.11-17.18.08:796][  0]LogEngine: Initializing Engine...
[2019.12.11-17.18.08:797][  0]LogHMD: Failed to initialize OpenVR with code 110
[2019.12.11-17.18.08:798][  0]LogStats: UGameplayTagsManager::InitializeManager -  0.000 s
[2019.12.11-17.18.09:042][  0]LogInit: Initializing FReadOnlyCVARCache
[2019.12.11-17.18.09:057][  0]LogAIModule: Creating AISystem for world Untitled
[2019.12.11-17.18.09:081][  0]LogInit: XAudio2 using 'Speakers (Realtek High Definition Audio)' : 2 channels at 48 kHz using 32 bits per sample (channel mask 0x3)
[2019.12.11-17.18.09:152][  0]LogInit: FAudioDevice initialized.
[2019.12.11-17.18.09:152][  0]LogNetVersion: Set ProjectVersion to 1.0.0.0. Version Checksum will be recalculated on next use.
[2019.12.11-17.18.09:233][  0]LogDerivedDataCache: Saved boot cache 0.08s 73MB C:/Users/alumno/AppData/Local/UnrealEngine/4.23/DerivedDataCache/Boot.ddc.
[2019.12.11-17.18.09:243][  0]LogInit: Texture streaming: Enabled
[2019.12.11-17.18.09:265][  0]LogEngineSessionManager: EngineSessionManager initialized
[2019.12.11-17.18.09:266][  0]LogEngineSessionManager: EngineSessionManager sent abnormal shutdown report. Type=Crashed, SessionId={89FCD79B-4793-F1FF-706E-F2BCDE6AFA00}
[2019.12.11-17.18.09:266][  0]LogEditorSessionSummary: Verbose: Initializing EditorSessionSummaryWriter for editor session tracking
[2019.12.11-17.18.09:268][  0]LogEditorSessionSummary: EditorSessionSummaryWriter initialized
[2019.12.11-17.18.09:327][  0]LogInit: Transaction tracking system initialized
[2019.12.11-17.18.09:358][  0]BlueprintLog: New page: Editor Load
[2019.12.11-17.18.09:433][  0]LocalizationService: Localization service is disabled
[2019.12.11-17.18.09:665][  0]LogFileCache: Scanning file cache for directory 'C:/Users/alumno/Documents/GitHub/JuegoX/JuegoX/Content/' took 0.01s
[2019.12.11-17.18.09:665][  0]LogCook: Display: Max memory allowance for cook 16384mb min free memory 0mb
[2019.12.11-17.18.09:665][  0]LogCook: Display: Mobile HDR setting 1
[2019.12.11-17.18.09:847][  0]SourceControl: Source control is disabled
[2019.12.11-17.18.09:848][  0]Cmd: MAP LOAD FILE="../../../../../../Users/alumno/Documents/GitHub/JuegoX/JuegoX/Content/JuegoX/Levels/Pruebas.umap" TEMPLATE=0 SHOWPROGRESS=1 FEATURELEVEL=3
[2019.12.11-17.18.09:848][  0]LightingResults: New page: Lighting Build
[2019.12.11-17.18.09:851][  0]LogWorld: UWorld::CleanupWorld for Untitled, bSessionEnded=true, bCleanupResources=true
[2019.12.11-17.18.09:852][  0]MapCheck: New page: Map Check
[2019.12.11-17.18.09:852][  0]LightingResults: New page: Lighting Build
[2019.12.11-17.18.09:881][  0]LogUObjectHash: Compacting FUObjectHashTables data took   2.48ms
[2019.12.11-17.18.10:568][  0]LogAIModule: Creating AISystem for world Pruebas
[2019.12.11-17.18.10:633][  0]LogEditorServer: Finished looking for orphan Actors (0.000 secs)
[2019.12.11-17.18.10:669][  0]LogUObjectHash: Compacting FUObjectHashTables data took   2.56ms
[2019.12.11-17.18.10:670][  0]Cmd: MAP CHECKDEP NOCLEARLOG
[2019.12.11-17.18.10:670][  0]MapCheck: Map check complete: 0 Error(s), 0 Warning(s), took 0.276ms to complete.
[2019.12.11-17.18.10:670][  0]LogFileHelpers: Loading map 'Pruebas' took 0.822
[2019.12.11-17.18.10:785][  0]LogSlate: Updating window title bar state: overlay mode, drag disabled, window buttons hidden, title bar hidden
[2019.12.11-17.18.10:792][  0]LogSlate: Updating window title bar state: overlay mode, drag disabled, window buttons hidden, title bar hidden
[2019.12.11-17.18.10:803][  0]LogSlate: Updating window title bar state: overlay mode, drag disabled, window buttons hidden, title bar hidden
[2019.12.11-17.18.10:810][  0]LogSlate: Updating window title bar state: overlay mode, drag disabled, window buttons hidden, title bar hidden
[2019.12.11-17.18.10:820][  0]LogCollectionManager: Loaded 0 collections in 0.002314 seconds
[2019.12.11-17.18.10:827][  0]LogFileCache: Scanning file cache for directory 'C:/Users/alumno/Documents/GitHub/JuegoX/JuegoX/Saved/Collections/' took 0.00s
[2019.12.11-17.18.10:827][  0]LogFileCache: Scanning file cache for directory 'C:/Users/alumno/Documents/GitHub/JuegoX/JuegoX/Content/Developers/alumno/Collections/' took 0.00s
[2019.12.11-17.18.10:827][  0]LogFileCache: Scanning file cache for directory 'C:/Users/alumno/Documents/GitHub/JuegoX/JuegoX/Content/Collections/' took 0.00s
[2019.12.11-17.18.10:827][  0]LogCollectionManager: Rebuilt the GUID cache for 0 collections in 0.000001 seconds
[2019.12.11-17.18.10:837][  0]LogContentBrowser: Native class hierarchy populated in 0.0094 seconds. Added 2863 classes and 680 folders.
[2019.12.11-17.18.10:843][  0]LogContentBrowser: Native class hierarchy updated for 'WidgetCarousel' in 0.0002 seconds. Added 0 classes and 0 folders.
[2019.12.11-17.18.10:878][  0]LogContentBrowser: Native class hierarchy updated for 'AddContentDialog' in 0.0002 seconds. Added 0 classes and 0 folders.
[2019.12.11-17.18.10:884][  0]LogContentBrowser: Native class hierarchy updated for 'SceneOutliner' in 0.0002 seconds. Added 1 classes and 2 folders.
[2019.12.11-17.18.10:910][  0]LogSlate: Took 0.000179 seconds to synchronously load lazily loaded font '../../../Engine/Content/Slate/Fonts/Roboto-Regular.ttf' (155K)
[2019.12.11-17.18.10:913][  0]LogSlate: Took 0.000157 seconds to synchronously load lazily loaded font '../../../Engine/Content/Slate/Fonts/Roboto-Bold.ttf' (160K)
[2019.12.11-17.18.10:924][  0]LogSlate: Took 0.000508 seconds to synchronously load lazily loaded font '../../../Engine/Content/Editor/Slate/Fonts/FontAwesome.ttf' (139K)
[2019.12.11-17.18.10:996][  0]LogRenderer: Reallocating scene render targets to support 964x452 Format 10 NumSamples 1 (Frame:1).
[2019.12.11-17.18.11:161][  0]LogContentBrowser: Native class hierarchy updated for 'HierarchicalLODOutliner' in 0.0002 seconds. Added 0 classes and 0 folders.
[2019.12.11-17.18.11:161][  0]LogLoad: (Engine Initialization) Total time: 7.40 seconds
[2019.12.11-17.18.11:161][  0]LogLoad: (Engine Initialization) Total Blueprint compile time: 0.00 seconds
[2019.12.11-17.18.11:226][  0]LogAssetRegistry: Asset discovery search completed in 4.5198 seconds
[2019.12.11-17.18.11:229][  0]LogCollectionManager: Rebuilt the object cache for 0 collections in 0.000004 seconds (found 0 objects)
[2019.12.11-17.18.11:229][  0]LogCollectionManager: Fixed up redirectors for 0 collections in 0.000053 seconds (updated 0 objects)
[2019.12.11-17.18.11:230][  0]LogContentStreaming: Texture pool size now 1000 MB
[2019.12.11-17.18.11:251][  0]LogSlate: Took 0.000158 seconds to synchronously load lazily loaded font '../../../Engine/Content/Slate/Fonts/Roboto-Light.ttf' (167K)
[2019.12.11-17.18.12:246][ 29]LogSlate: Took 0.000137 seconds to synchronously load lazily loaded font '../../../Engine/Content/Slate/Fonts/Roboto-Light.ttf' (167K)
[2019.12.11-17.18.16:818][158]LogSlate: FSceneViewport::OnFocusLost() reason 0
[2019.12.11-17.18.17:005][159]LogAssetEditorManager: Opening Asset editor for Blueprint /Game/JuegoX/Blueprints/Objects/Painting.Painting
[2019.12.11-17.18.17:423][159]LogContentBrowser: Native class hierarchy updated for 'BlueprintGraph' in 0.0005 seconds. Added 121 classes and 0 folders.
[2019.12.11-17.18.18:286][159]LogAssetEditorManager: Opening Asset editor for WidgetBlueprint /Game/JuegoX/UI/HUD/InteractWidget.InteractWidget
[2019.12.11-17.18.18:942][159]LogSlate: Took 0.000178 seconds to synchronously load lazily loaded font '../../../Engine/Content/Slate/Fonts/Roboto-BoldCondensed.ttf' (158K)
[2019.12.11-17.18.21:272][194]LogSlate: Took 0.000158 seconds to synchronously load lazily loaded font '../../../Engine/Content/Slate/Fonts/Roboto-Italic.ttf' (157K)
[2019.12.11-17.18.23:905][262]LogSlate: Window 'InteractWidget' being destroyed
[2019.12.11-17.18.26:984][356]LogTemp: Repeating last play command: Selected Viewport
[2019.12.11-17.18.26:998][356]LogBlueprintUserMessages: Early PlayInEditor Detection: Level '/Game/JuegoX/Levels/Pruebas.Pruebas:PersistentLevel' has LevelScriptBlueprint '/Game/JuegoX/Levels/Pruebas.Pruebas:PersistentLevel.Pruebas' with GeneratedClass '/Game/JuegoX/Levels/Pruebas.Pruebas_C' with ClassGeneratedBy '/Game/JuegoX/Levels/Pruebas.Pruebas:PersistentLevel.Pruebas'
[2019.12.11-17.18.26:999][356]LogPlayLevel: PlayLevel: No blueprints needed recompiling
[2019.12.11-17.18.27:000][356]PIE: New page: PIE session: Pruebas (Dec 11, 2019, 7:18:26 PM)
[2019.12.11-17.18.27:002][356]LogOnline: OSS: Creating online subsystem instance for: NULL
[2019.12.11-17.18.27:004][356]LogPlayLevel: Creating play world package: /Game/JuegoX/Levels/UEDPIE_0_Pruebas
[2019.12.11-17.18.27:039][356]LogPlayLevel: PIE: StaticDuplicateObject took: (0.035011s)
[2019.12.11-17.18.27:040][356]LogAIModule: Creating AISystem for world Pruebas
[2019.12.11-17.18.27:040][356]LogPlayLevel: PIE: World Init took: (0.000891s)
[2019.12.11-17.18.27:040][356]LogPlayLevel: PIE: Created PIE world by copying editor world from /Game/JuegoX/Levels/Pruebas.Pruebas to /Game/JuegoX/Levels/UEDPIE_0_Pruebas.Pruebas (0.036259s)
[2019.12.11-17.18.27:120][356]LogUObjectHash: Compacting FUObjectHashTables data took   5.36ms
[2019.12.11-17.18.27:126][356]LogInit: XAudio2 using 'Speakers (Realtek High Definition Audio)' : 2 channels at 48 kHz using 32 bits per sample (channel mask 0x3)
[2019.12.11-17.18.27:196][356]LogInit: FAudioDevice initialized.
[2019.12.11-17.18.27:220][356]LogLoad: Game class is 'BP_GameMode_C'
[2019.12.11-17.18.27:228][356]LogWorld: Bringing World /Game/JuegoX/Levels/UEDPIE_0_Pruebas.Pruebas up for play (max tick rate 60) at 2019.12.11-18.18.27
[2019.12.11-17.18.27:229][356]LogWorld: Bringing up level for play took: 0.007800
[2019.12.11-17.18.27:229][356]LogOnline: OSS: Creating online subsystem instance for: :Context_4
[2019.12.11-17.18.27:236][356]LogContentBrowser: Native class hierarchy updated for 'MovieSceneCapture' in 0.0002 seconds. Added 20 classes and 0 folders.
[2019.12.11-17.18.27:237][356]PIE: Play in editor start time for /Game/JuegoX/Levels/UEDPIE_0_Pruebas 1.172
[2019.12.11-17.18.27:237][356]LogBlueprintUserMessages: Late PlayInEditor Detection: Level '/Game/JuegoX/Levels/Pruebas.Pruebas:PersistentLevel' has LevelScriptBlueprint '/Game/JuegoX/Levels/Pruebas.Pruebas:PersistentLevel.Pruebas' with GeneratedClass '/Game/JuegoX/Levels/Pruebas.Pruebas_C' with ClassGeneratedBy '/Game/JuegoX/Levels/Pruebas.Pruebas:PersistentLevel.Pruebas'
[2019.12.11-17.18.29:972][430]LogBlueprintUserMessages: Early EndPlayMap Detection: Level '/Game/JuegoX/Levels/Pruebas.Pruebas:PersistentLevel' has LevelScriptBlueprint '/Game/JuegoX/Levels/Pruebas.Pruebas:PersistentLevel.Pruebas' with GeneratedClass '/Game/JuegoX/Levels/Pruebas.Pruebas_C' with ClassGeneratedBy '/Game/JuegoX/Levels/Pruebas.Pruebas:PersistentLevel.Pruebas'
[2019.12.11-17.18.29:972][430]LogSlate: Updating window title bar state: overlay mode, drag disabled, window buttons hidden, title bar hidden
[2019.12.11-17.18.29:972][430]LogWorld: BeginTearingDown for /Game/JuegoX/Levels/UEDPIE_0_Pruebas
[2019.12.11-17.18.29:973][430]LogWorld: UWorld::CleanupWorld for Pruebas, bSessionEnded=true, bCleanupResources=true
[2019.12.11-17.18.30:042][430]LogPlayLevel: Display: Shutting down PIE online subsystems
[2019.12.11-17.18.30:043][430]LogBlueprintUserMessages: Late EndPlayMap Detection: Level '/Game/JuegoX/Levels/Pruebas.Pruebas:PersistentLevel' has LevelScriptBlueprint '/Game/JuegoX/Levels/Pruebas.Pruebas:PersistentLevel.Pruebas' with GeneratedClass '/Game/JuegoX/Levels/Pruebas.Pruebas_C' with ClassGeneratedBy '/Game/JuegoX/Levels/Pruebas.Pruebas:PersistentLevel.Pruebas'
[2019.12.11-17.18.30:091][430]LogSlate: Updating window title bar state: overlay mode, drag disabled, window buttons hidden, title bar hidden
[2019.12.11-17.18.30:134][430]LogUObjectHash: Compacting FUObjectHashTables data took   4.80ms
[2019.12.11-17.18.30:155][431]LogPlayLevel: Display: Destroying online subsystem :Context_4
[2019.12.11-17.18.31:034][453]LogSlate: FSceneViewport::OnFocusLost() reason 0
[2019.12.11-17.18.37:920][578]LogAIModule: Creating AISystem for world Tutorial
[2019.12.11-17.18.37:961][578]LogAssetEditorManager: Opening Asset editor for World /Game/JuegoX/Levels/Tutorial.Tutorial
[2019.12.11-17.18.38:008][578]LogUObjectHash: Compacting FUObjectHashTables data took   4.23ms
[2019.12.11-17.18.38:009][578]Cmd: MAP LOAD FILE="../../../../../../Users/alumno/Documents/GitHub/JuegoX/JuegoX/Content/JuegoX/Levels/Tutorial.umap" TEMPLATE=0 SHOWPROGRESS=1 FEATURELEVEL=3
[2019.12.11-17.18.38:009][578]LightingResults: New page: Lighting Build
[2019.12.11-17.18.38:010][578]LoadErrors: New page: Loading map: Tutorial.umap
[2019.12.11-17.18.38:011][578]LogWorld: UWorld::CleanupWorld for Pruebas, bSessionEnded=true, bCleanupResources=true
[2019.12.11-17.18.38:012][578]MapCheck: New page: Map Check
[2019.12.11-17.18.38:012][578]LightingResults: New page: Lighting Build
[2019.12.11-17.18.38:056][578]LogUObjectHash: Compacting FUObjectHashTables data took   4.61ms
[2019.12.11-17.18.38:106][578]LogEditorServer: Finished looking for orphan Actors (0.000 secs)
[2019.12.11-17.18.38:151][578]LogUObjectHash: Compacting FUObjectHashTables data took   2.90ms
[2019.12.11-17.18.38:169][578]Cmd: MAP CHECKDEP NOCLEARLOG
[2019.12.11-17.18.38:171][578]MapCheck: Map check complete: 0 Error(s), 0 Warning(s), took 1.475ms to complete.
[2019.12.11-17.18.38:171][578]LogFileHelpers: Loading map 'Tutorial' took 0.161
[2019.12.11-17.18.40:517][635]LogTemp: Repeating last play command: Selected Viewport
[2019.12.11-17.18.40:539][635]LogBlueprintUserMessages: Early PlayInEditor Detection: Level '/Game/JuegoX/Levels/Tutorial.Tutorial:PersistentLevel' has LevelScriptBlueprint '/Game/JuegoX/Levels/Tutorial.Tutorial:PersistentLevel.Tutorial' with GeneratedClass '/Game/JuegoX/Levels/Tutorial.Tutorial_C' with ClassGeneratedBy '/Game/JuegoX/Levels/Tutorial.Tutorial:PersistentLevel.Tutorial'
[2019.12.11-17.18.40:539][635]LogPlayLevel: PlayLevel: No blueprints needed recompiling
[2019.12.11-17.18.40:539][635]PIE: New page: PIE session: Tutorial (Dec 11, 2019, 7:18:40 PM)
[2019.12.11-17.18.40:539][635]LogPlayLevel: Creating play world package: /Game/JuegoX/Levels/UEDPIE_0_Tutorial
[2019.12.11-17.18.40:572][635]LogPlayLevel: PIE: StaticDuplicateObject took: (0.032655s)
[2019.12.11-17.18.40:573][635]LogAIModule: Creating AISystem for world Tutorial
[2019.12.11-17.18.40:573][635]LogPlayLevel: PIE: World Init took: (0.000903s)
[2019.12.11-17.18.40:573][635]LogPlayLevel: PIE: Created PIE world by copying editor world from /Game/JuegoX/Levels/Tutorial.Tutorial to /Game/JuegoX/Levels/UEDPIE_0_Tutorial.Tutorial (0.033753s)
[2019.12.11-17.18.40:615][635]LogUObjectHash: Compacting FUObjectHashTables data took   3.10ms
[2019.12.11-17.18.40:621][635]LogInit: XAudio2 using 'Speakers (Realtek High Definition Audio)' : 2 channels at 48 kHz using 32 bits per sample (channel mask 0x3)
[2019.12.11-17.18.40:692][635]LogInit: FAudioDevice initialized.
[2019.12.11-17.18.40:703][635]LogLoad: Game class is 'FirstPersonGameMode_C'
[2019.12.11-17.18.40:712][635]LogWorld: Bringing World /Game/JuegoX/Levels/UEDPIE_0_Tutorial.Tutorial up for play (max tick rate 60) at 2019.12.11-18.18.40
[2019.12.11-17.18.40:713][635]LogWorld: Bringing up level for play took: 0.008938
[2019.12.11-17.18.40:713][635]LogOnline: OSS: Creating online subsystem instance for: :Context_5
[2019.12.11-17.18.40:717][635]PIE: Play in editor start time for /Game/JuegoX/Levels/UEDPIE_0_Tutorial 0.653
[2019.12.11-17.18.40:717][635]LogBlueprintUserMessages: Late PlayInEditor Detection: Level '/Game/JuegoX/Levels/Tutorial.Tutorial:PersistentLevel' has LevelScriptBlueprint '/Game/JuegoX/Levels/Tutorial.Tutorial:PersistentLevel.Tutorial' with GeneratedClass '/Game/JuegoX/Levels/Tutorial.Tutorial_C' with ClassGeneratedBy '/Game/JuegoX/Levels/Tutorial.Tutorial:PersistentLevel.Tutorial'
[2019.12.11-17.19.49:492][935]LogScript: Warning: Accessed None trying to read property DialogueWidget
	DialogueZone_C /Game/JuegoX/Levels/UEDPIE_0_Tutorial.Tutorial:PersistentLevel.DialogueZoneTutorialRoom
	Function /Game/JuegoX/UI/Dialogue/DialogueZone.DialogueZone_C:ExecuteUbergraph_DialogueZone:0364
[2019.12.11-17.19.49:492][935]PIE: Error: Blueprint Runtime Error: "Accessed None trying to read property DialogueWidget". Blueprint:  DialogueZone Function:  Execute Ubergraph Dialogue Zone Graph:  EventGraph Node:  Remove from Parent
[2019.12.11-17.19.51:107][ 88]LogBlueprintUserMessages: Early EndPlayMap Detection: Level '/Game/JuegoX/Levels/Tutorial.Tutorial:PersistentLevel' has LevelScriptBlueprint '/Game/JuegoX/Levels/Tutorial.Tutorial:PersistentLevel.Tutorial' with GeneratedClass '/Game/JuegoX/Levels/Tutorial.Tutorial_C' with ClassGeneratedBy '/Game/JuegoX/Levels/Tutorial.Tutorial:PersistentLevel.Tutorial'
[2019.12.11-17.19.51:107][ 88]LogSlate: Updating window title bar state: overlay mode, drag disabled, window buttons hidden, title bar hidden
[2019.12.11-17.19.51:107][ 88]LogWorld: BeginTearingDown for /Game/JuegoX/Levels/UEDPIE_0_Tutorial
[2019.12.11-17.19.51:108][ 88]LogWorld: UWorld::CleanupWorld for Tutorial, bSessionEnded=true, bCleanupResources=true
[2019.12.11-17.19.51:126][ 88]LogPlayLevel: Display: Shutting down PIE online subsystems
[2019.12.11-17.19.51:126][ 88]LogBlueprintUserMessages: Late EndPlayMap Detection: Level '/Game/JuegoX/Levels/Tutorial.Tutorial:PersistentLevel' has LevelScriptBlueprint '/Game/JuegoX/Levels/Tutorial.Tutorial:PersistentLevel.Tutorial' with GeneratedClass '/Game/JuegoX/Levels/Tutorial.Tutorial_C' with ClassGeneratedBy '/Game/JuegoX/Levels/Tutorial.Tutorial:PersistentLevel.Tutorial'
[2019.12.11-17.19.51:169][ 88]LogSlate: Updating window title bar state: overlay mode, drag disabled, window buttons hidden, title bar hidden
[2019.12.11-17.19.51:174][ 88]LogUObjectHash: Compacting FUObjectHashTables data took   3.00ms
[2019.12.11-17.19.51:198][ 88]LogSlate: FSceneViewport::OnFocusLost() reason 5
[2019.12.11-17.19.51:237][ 89]LogPlayLevel: Display: Destroying online subsystem :Context_5
[2019.12.11-17.19.52:651][187]LogSlate: Window 'Message Log' being destroyed
[2019.12.11-17.19.52:661][187]LogSlate: Window 'Message Log' being destroyed
[2019.12.11-17.22.04:506][245]LogEditorViewport: Clicking on Actor (LMB): CajasObstaculos_C (Paquete_cigarros2)
[2019.12.11-17.22.08:565][604]LogSlate: FSceneViewport::OnFocusLost() reason 0
[2019.12.11-17.22.08:633][610]LogTemp: Repeating last play command: Selected Viewport
[2019.12.11-17.22.08:653][610]LogBlueprintUserMessages: Early PlayInEditor Detection: Level '/Game/JuegoX/Levels/Tutorial.Tutorial:PersistentLevel' has LevelScriptBlueprint '/Game/JuegoX/Levels/Tutorial.Tutorial:PersistentLevel.Tutorial' with GeneratedClass '/Game/JuegoX/Levels/Tutorial.Tutorial_C' with ClassGeneratedBy '/Game/JuegoX/Levels/Tutorial.Tutorial:PersistentLevel.Tutorial'
[2019.12.11-17.22.08:654][610]LogPlayLevel: PlayLevel: No blueprints needed recompiling
[2019.12.11-17.22.08:654][610]PIE: New page: PIE session: Tutorial (Dec 11, 2019, 7:22:08 PM)
[2019.12.11-17.22.08:655][610]LogPlayLevel: Creating play world package: /Game/JuegoX/Levels/UEDPIE_0_Tutorial
[2019.12.11-17.22.08:688][610]LogPlayLevel: PIE: StaticDuplicateObject took: (0.032578s)
[2019.12.11-17.22.08:689][610]LogAIModule: Creating AISystem for world Tutorial
[2019.12.11-17.22.08:690][610]LogPlayLevel: PIE: World Init took: (0.001885s)
[2019.12.11-17.22.08:690][610]LogPlayLevel: PIE: Created PIE world by copying editor world from /Game/JuegoX/Levels/Tutorial.Tutorial to /Game/JuegoX/Levels/UEDPIE_0_Tutorial.Tutorial (0.034718s)
[2019.12.11-17.22.08:731][610]LogUObjectHash: Compacting FUObjectHashTables data took   3.10ms
[2019.12.11-17.22.08:736][610]LogInit: XAudio2 using 'Speakers (Realtek High Definition Audio)' : 2 channels at 48 kHz using 32 bits per sample (channel mask 0x3)
[2019.12.11-17.22.08:816][610]LogInit: FAudioDevice initialized.
[2019.12.11-17.22.08:829][610]LogLoad: Game class is 'FirstPersonGameMode_C'
[2019.12.11-17.22.08:840][610]LogWorld: Bringing World /Game/JuegoX/Levels/UEDPIE_0_Tutorial.Tutorial up for play (max tick rate 0) at 2019.12.11-18.22.08
[2019.12.11-17.22.08:841][610]LogWorld: Bringing up level for play took: 0.010693
[2019.12.11-17.22.08:841][610]LogOnline: OSS: Creating online subsystem instance for: :Context_6
[2019.12.11-17.22.08:844][610]PIE: Play in editor start time for /Game/JuegoX/Levels/UEDPIE_0_Tutorial 0.78
[2019.12.11-17.22.08:845][610]LogBlueprintUserMessages: Late PlayInEditor Detection: Level '/Game/JuegoX/Levels/Tutorial.Tutorial:PersistentLevel' has LevelScriptBlueprint '/Game/JuegoX/Levels/Tutorial.Tutorial:PersistentLevel.Tutorial' with GeneratedClass '/Game/JuegoX/Levels/Tutorial.Tutorial_C' with ClassGeneratedBy '/Game/JuegoX/Levels/Tutorial.Tutorial:PersistentLevel.Tutorial'
[2019.12.11-17.22.25:347][264]LogScript: Warning: Accessed None trying to read property DialogueWidget
	DialogueZone_C /Game/JuegoX/Levels/UEDPIE_0_Tutorial.Tutorial:PersistentLevel.DialogueZoneTutorialRoom
	Function /Game/JuegoX/UI/Dialogue/DialogueZone.DialogueZone_C:ExecuteUbergraph_DialogueZone:0364
[2019.12.11-17.22.25:348][264]PIE: Error: Blueprint Runtime Error: "Accessed None trying to read property DialogueWidget". Blueprint:  DialogueZone Function:  Execute Ubergraph Dialogue Zone Graph:  EventGraph Node:  Remove from Parent
[2019.12.11-17.22.59:707][794]LogScript: Warning: Accessed None trying to read property DialogueWidget
	DialogueZone_C /Game/JuegoX/Levels/UEDPIE_0_Tutorial.Tutorial:PersistentLevel.DialogueZoneTutorialRoom
	Function /Game/JuegoX/UI/Dialogue/DialogueZone.DialogueZone_C:ExecuteUbergraph_DialogueZone:0364
[2019.12.11-17.22.59:707][794]PIE: Error: Blueprint Runtime Error: "Accessed None trying to read property DialogueWidget". Blueprint:  DialogueZone Function:  Execute Ubergraph Dialogue Zone Graph:  EventGraph Node:  Remove from Parent
[2019.12.11-17.23.00:595][883]LogScript: Warning: Accessed None trying to read property DialogueWidget
	DialogueZone_C /Game/JuegoX/Levels/UEDPIE_0_Tutorial.Tutorial:PersistentLevel.DialogueZoneTutorialRoom
	Function /Game/JuegoX/UI/Dialogue/DialogueZone.DialogueZone_C:ExecuteUbergraph_DialogueZone:0364
[2019.12.11-17.23.00:595][883]PIE: Error: Blueprint Runtime Error: "Accessed None trying to read property DialogueWidget". Blueprint:  DialogueZone Function:  Execute Ubergraph Dialogue Zone Graph:  EventGraph Node:  Remove from Parent
[2019.12.11-17.23.07:391][584]LogScript: Warning: Accessed None trying to read property DialogueWidget
	DialogueZone_C /Game/JuegoX/Levels/UEDPIE_0_Tutorial.Tutorial:PersistentLevel.DialogueZoneCorridor
	Function /Game/JuegoX/UI/Dialogue/DialogueZone.DialogueZone_C:ExecuteUbergraph_DialogueZone:0364
[2019.12.11-17.23.07:391][584]PIE: Error: Blueprint Runtime Error: "Accessed None trying to read property DialogueWidget". Blueprint:  DialogueZone Function:  Execute Ubergraph Dialogue Zone Graph:  EventGraph Node:  Remove from Parent
[2019.12.11-17.23.20:296][917]LogBlueprintUserMessages: Early EndPlayMap Detection: Level '/Game/JuegoX/Levels/Tutorial.Tutorial:PersistentLevel' has LevelScriptBlueprint '/Game/JuegoX/Levels/Tutorial.Tutorial:PersistentLevel.Tutorial' with GeneratedClass '/Game/JuegoX/Levels/Tutorial.Tutorial_C' with ClassGeneratedBy '/Game/JuegoX/Levels/Tutorial.Tutorial:PersistentLevel.Tutorial'
[2019.12.11-17.23.20:296][917]LogSlate: Updating window title bar state: overlay mode, drag disabled, window buttons hidden, title bar hidden
[2019.12.11-17.23.20:296][917]LogWorld: BeginTearingDown for /Game/JuegoX/Levels/UEDPIE_0_Tutorial
[2019.12.11-17.23.20:297][917]LogWorld: UWorld::CleanupWorld for Tutorial, bSessionEnded=true, bCleanupResources=true
[2019.12.11-17.23.20:321][917]LogPlayLevel: Display: Shutting down PIE online subsystems
[2019.12.11-17.23.20:321][917]LogBlueprintUserMessages: Late EndPlayMap Detection: Level '/Game/JuegoX/Levels/Tutorial.Tutorial:PersistentLevel' has LevelScriptBlueprint '/Game/JuegoX/Levels/Tutorial.Tutorial:PersistentLevel.Tutorial' with GeneratedClass '/Game/JuegoX/Levels/Tutorial.Tutorial_C' with ClassGeneratedBy '/Game/JuegoX/Levels/Tutorial.Tutorial:PersistentLevel.Tutorial'
[2019.12.11-17.23.20:372][917]LogSlate: Updating window title bar state: overlay mode, drag disabled, window buttons hidden, title bar hidden
[2019.12.11-17.23.20:379][917]LogUObjectHash: Compacting FUObjectHashTables data took   3.35ms
[2019.12.11-17.23.20:396][917]LogSlate: FSceneViewport::OnFocusLost() reason 5
[2019.12.11-17.23.20:469][918]LogPlayLevel: Display: Destroying online subsystem :Context_6
[2019.12.11-17.23.25:122][277]LogAssetEditorManager: Opening Asset editor for Blueprint /Game/JuegoX/UI/Dialogue/DialogueZone.DialogueZone
[2019.12.11-17.24.30:609][866]LogTemp: Repeating last play command: Selected Viewport
[2019.12.11-17.24.30:626][866]LogBlueprintUserMessages: Early PlayInEditor Detection: Level '/Game/JuegoX/Levels/Tutorial.Tutorial:PersistentLevel' has LevelScriptBlueprint '/Game/JuegoX/Levels/Tutorial.Tutorial:PersistentLevel.Tutorial' with GeneratedClass '/Game/JuegoX/Levels/Tutorial.Tutorial_C' with ClassGeneratedBy '/Game/JuegoX/Levels/Tutorial.Tutorial:PersistentLevel.Tutorial'
[2019.12.11-17.24.30:626][866]BlueprintLog: New page: Pre-Play auto-recompile
[2019.12.11-17.24.30:627][866]LogPlayLevel: [PlayLevel] Compiling DialogueZone before play...
[2019.12.11-17.24.30:870][866]LogUObjectHash: Compacting FUObjectHashTables data took   4.22ms
[2019.12.11-17.24.30:871][866]LogPlayLevel: PlayLevel: Blueprint regeneration took 245 ms (1 blueprints)
[2019.12.11-17.24.30:871][866]PIE: New page: PIE session: Tutorial (Dec 11, 2019, 7:24:30 PM)
[2019.12.11-17.24.30:873][866]LogPlayLevel: Creating play world package: /Game/JuegoX/Levels/UEDPIE_0_Tutorial
[2019.12.11-17.24.30:904][866]LogPlayLevel: PIE: StaticDuplicateObject took: (0.030871s)
[2019.12.11-17.24.30:905][866]LogAIModule: Creating AISystem for world Tutorial
[2019.12.11-17.24.30:906][866]LogPlayLevel: PIE: World Init took: (0.001562s)
[2019.12.11-17.24.30:906][866]LogPlayLevel: PIE: Created PIE world by copying editor world from /Game/JuegoX/Levels/Tutorial.Tutorial to /Game/JuegoX/Levels/UEDPIE_0_Tutorial.Tutorial (0.032658s)
[2019.12.11-17.24.30:946][866]LogUObjectHash: Compacting FUObjectHashTables data took   3.78ms
[2019.12.11-17.24.30:950][866]LogInit: XAudio2 using 'Speakers (Realtek High Definition Audio)' : 2 channels at 48 kHz using 32 bits per sample (channel mask 0x3)
[2019.12.11-17.24.31:020][866]LogInit: FAudioDevice initialized.
[2019.12.11-17.24.31:034][866]LogSlate: Updating window title bar state: overlay mode, drag disabled, window buttons hidden, title bar hidden
[2019.12.11-17.24.31:034][866]LogLoad: Game class is 'FirstPersonGameMode_C'
[2019.12.11-17.24.31:050][866]LogWorld: Bringing World /Game/JuegoX/Levels/UEDPIE_0_Tutorial.Tutorial up for play (max tick rate 0) at 2019.12.11-18.24.31
[2019.12.11-17.24.31:054][866]LogWorld: Bringing up level for play took: 0.019184
[2019.12.11-17.24.31:054][866]LogOnline: OSS: Creating online subsystem instance for: :Context_8
[2019.12.11-17.24.31:055][866]LogGameMode: FindPlayerStart: PATHS NOT DEFINED or NO PLAYERSTART with positive rating
[2019.12.11-17.24.31:058][866]PIE: Play in editor start time for /Game/JuegoX/Levels/UEDPIE_0_Tutorial 0.993
[2019.12.11-17.24.31:058][866]LogBlueprintUserMessages: Late PlayInEditor Detection: Level '/Game/JuegoX/Levels/Tutorial.Tutorial:PersistentLevel' has LevelScriptBlueprint '/Game/JuegoX/Levels/Tutorial.Tutorial:PersistentLevel.Tutorial' with GeneratedClass '/Game/JuegoX/Levels/Tutorial.Tutorial_C' with ClassGeneratedBy '/Game/JuegoX/Levels/Tutorial.Tutorial:PersistentLevel.Tutorial'
[2019.12.11-17.24.31:141][867]LogRenderer: Reallocating scene render targets to support 1280x716 Format 10 NumSamples 1 (Frame:1).
[2019.12.11-17.24.33:164][983]LogBlueprintUserMessages: [Door_5] Need a Key to open it
[2019.12.11-17.24.51:448][133]LogScript: Warning: Accessed None trying to read property DialogueWidget
	DialogueZone_C /Game/JuegoX/Levels/UEDPIE_0_Tutorial.Tutorial:PersistentLevel.DialogueZoneTutorialRoom
	Function /Game/JuegoX/UI/Dialogue/DialogueZone.DialogueZone_C:DialogueCreate:0063
[2019.12.11-17.24.51:449][133]PIE: Error: Blueprint Runtime Error: "Accessed None trying to read property DialogueWidget". Blueprint:  DialogueZone Function:  Dialogue Create Graph:  DialogueCreate Node:  Set DialogueText
[2019.12.11-17.24.51:449][133]LogScript: Warning: Attempted to assign to None
	DialogueZone_C /Game/JuegoX/Levels/UEDPIE_0_Tutorial.Tutorial:PersistentLevel.DialogueZoneTutorialRoom
	Function /Game/JuegoX/UI/Dialogue/DialogueZone.DialogueZone_C:DialogueCreate:0078
[2019.12.11-17.24.51:449][133]PIE: Error: Blueprint Runtime Error: "Attempted to assign to None". Blueprint:  DialogueZone Function:  Dialogue Create Graph:  DialogueCreate Node:  Set DialogueText
[2019.12.11-17.24.53:461][262]LogScript: Warning: Accessed None trying to read property DialogueWidget
	DialogueZone_C /Game/JuegoX/Levels/UEDPIE_0_Tutorial.Tutorial:PersistentLevel.DialogueZoneTutorialRoom
	Function /Game/JuegoX/UI/Dialogue/DialogueZone.DialogueZone_C:DialogueCreate:0063
[2019.12.11-17.24.53:462][262]PIE: Error: Blueprint Runtime Error: "Accessed None trying to read property DialogueWidget". Blueprint:  DialogueZone Function:  Dialogue Create Graph:  DialogueCreate Node:  Set DialogueText
[2019.12.11-17.24.53:462][262]LogScript: Warning: Attempted to assign to None
	DialogueZone_C /Game/JuegoX/Levels/UEDPIE_0_Tutorial.Tutorial:PersistentLevel.DialogueZoneTutorialRoom
	Function /Game/JuegoX/UI/Dialogue/DialogueZone.DialogueZone_C:DialogueCreate:0078
[2019.12.11-17.24.53:462][262]PIE: Error: Blueprint Runtime Error: "Attempted to assign to None". Blueprint:  DialogueZone Function:  Dialogue Create Graph:  DialogueCreate Node:  Set DialogueText
[2019.12.11-17.24.56:881][471]LogScript: Warning: Accessed None trying to read property DialogueWidget
	DialogueZone_C /Game/JuegoX/Levels/UEDPIE_0_Tutorial.Tutorial:PersistentLevel.DialogueZoneCorridor
	Function /Game/JuegoX/UI/Dialogue/DialogueZone.DialogueZone_C:DialogueCreate:0063
[2019.12.11-17.24.56:881][471]PIE: Error: Blueprint Runtime Error: "Accessed None trying to read property DialogueWidget". Blueprint:  DialogueZone Function:  Dialogue Create Graph:  DialogueCreate Node:  Set DialogueText
[2019.12.11-17.24.56:881][471]LogScript: Warning: Attempted to assign to None
	DialogueZone_C /Game/JuegoX/Levels/UEDPIE_0_Tutorial.Tutorial:PersistentLevel.DialogueZoneCorridor
	Function /Game/JuegoX/UI/Dialogue/DialogueZone.DialogueZone_C:DialogueCreate:0078
[2019.12.11-17.24.56:882][471]PIE: Error: Blueprint Runtime Error: "Attempted to assign to None". Blueprint:  DialogueZone Function:  Dialogue Create Graph:  DialogueCreate Node:  Set DialogueText
[2019.12.11-17.24.58:310][558]LogScript: Warning: Accessed None trying to read property DialogueWidget
	DialogueZone_C /Game/JuegoX/Levels/UEDPIE_0_Tutorial.Tutorial:PersistentLevel.DialogueZoneCorridor
	Function /Game/JuegoX/UI/Dialogue/DialogueZone.DialogueZone_C:DialogueCreate:0063
[2019.12.11-17.24.58:311][558]PIE: Error: Blueprint Runtime Error: "Accessed None trying to read property DialogueWidget". Blueprint:  DialogueZone Function:  Dialogue Create Graph:  DialogueCreate Node:  Set DialogueText
[2019.12.11-17.24.58:311][558]LogScript: Warning: Attempted to assign to None
	DialogueZone_C /Game/JuegoX/Levels/UEDPIE_0_Tutorial.Tutorial:PersistentLevel.DialogueZoneCorridor
	Function /Game/JuegoX/UI/Dialogue/DialogueZone.DialogueZone_C:DialogueCreate:0078
[2019.12.11-17.24.58:311][558]PIE: Error: Blueprint Runtime Error: "Attempted to assign to None". Blueprint:  DialogueZone Function:  Dialogue Create Graph:  DialogueCreate Node:  Set DialogueText
[2019.12.11-17.24.59:781][647]LogBlueprintUserMessages: Early EndPlayMap Detection: Level '/Game/JuegoX/Levels/Tutorial.Tutorial:PersistentLevel' has LevelScriptBlueprint '/Game/JuegoX/Levels/Tutorial.Tutorial:PersistentLevel.Tutorial' with GeneratedClass '/Game/JuegoX/Levels/Tutorial.Tutorial_C' with ClassGeneratedBy '/Game/JuegoX/Levels/Tutorial.Tutorial:PersistentLevel.Tutorial'
[2019.12.11-17.24.59:781][647]LogSlate: Updating window title bar state: overlay mode, drag disabled, window buttons hidden, title bar hidden
[2019.12.11-17.24.59:781][647]LogWorld: BeginTearingDown for /Game/JuegoX/Levels/UEDPIE_0_Tutorial
[2019.12.11-17.24.59:798][647]LogSlate: Window 'JuegoX Game Preview Standalone (64-bit/PCD3D_SM5)' being destroyed
[2019.12.11-17.24.59:806][647]LogWorld: UWorld::CleanupWorld for Tutorial, bSessionEnded=true, bCleanupResources=true
[2019.12.11-17.24.59:823][647]LogPlayLevel: Display: Shutting down PIE online subsystems
[2019.12.11-17.24.59:823][647]LogBlueprintUserMessages: Late EndPlayMap Detection: Level '/Game/JuegoX/Levels/Tutorial.Tutorial:PersistentLevel' has LevelScriptBlueprint '/Game/JuegoX/Levels/Tutorial.Tutorial:PersistentLevel.Tutorial' with GeneratedClass '/Game/JuegoX/Levels/Tutorial.Tutorial_C' with ClassGeneratedBy '/Game/JuegoX/Levels/Tutorial.Tutorial:PersistentLevel.Tutorial'
[2019.12.11-17.24.59:905][647]LogUObjectHash: Compacting FUObjectHashTables data took   6.70ms
[2019.12.11-17.24.59:972][648]LogPlayLevel: Display: Destroying online subsystem :Context_8
[2019.12.11-17.25.10:683][535]LogSlate: Window 'Message Log' being destroyed
[2019.12.11-17.25.10:695][535]LogSlate: Window 'Message Log' being destroyed
