Log file open, 11/26/19 14:10:40
LogWindows: Failed to load 'aqProf.dll' (GetLastError=126)
LogWindows: File 'aqProf.dll' does not exist
LogWindows: Failed to load 'VtuneApi.dll' (GetLastError=126)
LogWindows: File 'VtuneApi.dll' does not exist
LogWindows: Failed to load 'VtuneApi32e.dll' (GetLastError=126)
LogWindows: File 'VtuneApi32e.dll' does not exist
LogConsoleResponse: Display: Failed to find resolution value strings in scalability ini. Falling back to default.
LogInit: Display: Running engine for game: JuegoX
LogPlatformFile: Not using cached read wrapper
LogTaskGraph: Started task graph with 5 named threads and 23 total threads with 3 sets of task threads.
LogStats: Stats thread started at 0.076614
LogD3D11RHI: Loaded GFSDK_Aftermath_Lib.x64.dll
LogICUInternationalization: ICU TimeZone Detection - Raw Offset: +1:00, Platform Override: ''
LogPluginManager: Mounting plugin Paper2D
LogPluginManager: Mounting plugin AISupport
LogPluginManager: Mounting plugin LightPropagationVolume
LogPluginManager: Mounting plugin ActorLayerUtilities
LogPluginManager: Mounting plugin AnimationSharing
LogPluginManager: Mounting plugin CLionSourceCodeAccess
LogPluginManager: Mounting plugin CodeLiteSourceCodeAccess
LogPluginManager: Mounting plugin GitSourceControl
LogPluginManager: Mounting plugin KDevelopSourceCodeAccess
LogPluginManager: Mounting plugin NullSourceCodeAccess
LogPluginManager: Mounting plugin PerforceSourceControl
LogPluginManager: Mounting plugin SubversionSourceControl
LogPluginManager: Mounting plugin UObjectPlugin
LogPluginManager: Mounting plugin VisualStudioCodeSourceCodeAccess
LogPluginManager: Mounting plugin VisualStudioSourceCodeAccess
LogPluginManager: Mounting plugin XCodeSourceCodeAccess
LogPluginManager: Mounting plugin AssetManagerEditor
LogPluginManager: Mounting plugin CryptoKeys
LogPluginManager: Mounting plugin CurveEditorTools
LogPluginManager: Mounting plugin DataValidation
LogPluginManager: Mounting plugin FacialAnimation
LogPluginManager: Mounting plugin GameplayTagsEditor
LogPluginManager: Mounting plugin MacGraphicsSwitching
LogPluginManager: Mounting plugin MaterialAnalyzer
LogPluginManager: Mounting plugin MobileLauncherProfileWizard
LogPluginManager: Mounting plugin PluginBrowser
LogPluginManager: Mounting plugin SpeedTreeImporter
LogPluginManager: Mounting plugin DatasmithContent
LogPluginManager: Mounting plugin VariantManagerContent
LogPluginManager: Mounting plugin AlembicImporter
LogPluginManager: Mounting plugin AutomationUtils
LogPluginManager: Mounting plugin BackChannel
LogPluginManager: Mounting plugin CharacterAI
LogPluginManager: Mounting plugin GeometryCache
LogPluginManager: Mounting plugin HTML5Networking
LogPluginManager: Mounting plugin PlatformCrypto
LogPluginManager: Mounting plugin ProxyLODPlugin
LogPluginManager: Mounting plugin SkeletalReduction
LogPluginManager: Mounting plugin MagicLeap
LogPluginManager: Mounting plugin MagicLeapMedia
LogPluginManager: Mounting plugin AndroidMedia
LogPluginManager: Mounting plugin AvfMedia
LogPluginManager: Mounting plugin ImgMedia
LogPluginManager: Mounting plugin MediaCompositing
LogPluginManager: Mounting plugin MediaPlayerEditor
LogPluginManager: Mounting plugin WebMMedia
LogPluginManager: Mounting plugin WmfMedia
LogPluginManager: Mounting plugin TcpMessaging
LogPluginManager: Mounting plugin UdpMessaging
LogPluginManager: Mounting plugin ActorSequence
LogPluginManager: Mounting plugin LevelSequenceEditor
LogPluginManager: Mounting plugin MatineeToLevelSequence
LogPluginManager: Mounting plugin NetcodeUnitTest
LogPluginManager: Mounting plugin NUTUnrealEngine4
LogPluginManager: Mounting plugin OnlineSubsystemGooglePlay
LogPluginManager: Mounting plugin OnlineSubsystemIOS
LogPluginManager: Mounting plugin OnlineSubsystem
LogPluginManager: Mounting plugin OnlineSubsystemNull
LogPluginManager: Mounting plugin OnlineSubsystemUtils
LogPluginManager: Mounting plugin LauncherChunkInstaller
LogPluginManager: Mounting plugin AndroidDeviceProfileSelector
LogPluginManager: Mounting plugin AndroidMoviePlayer
LogPluginManager: Mounting plugin AndroidPermission
LogPluginManager: Mounting plugin AppleImageUtils
LogPluginManager: Mounting plugin AppleMoviePlayer
LogPluginManager: Mounting plugin ArchVisCharacter
LogPluginManager: Mounting plugin AudioCapture
LogPluginManager: Mounting plugin CableComponent
LogPluginManager: Mounting plugin CustomMeshComponent
LogPluginManager: Mounting plugin EditableMesh
LogPluginManager: Mounting plugin ExampleDeviceProfileSelector
LogPluginManager: Mounting plugin GoogleCloudMessaging
LogPluginManager: Mounting plugin IOSDeviceProfileSelector
LogPluginManager: Mounting plugin LinuxDeviceProfileSelector
LogPluginManager: Mounting plugin LocationServicesBPLibrary
LogPluginManager: Mounting plugin MobilePatchingUtils
LogPluginManager: Mounting plugin OculusVR
LogPluginManager: Mounting plugin PhysXVehicles
LogPluginManager: Mounting plugin ProceduralMeshComponent
LogPluginManager: Mounting plugin RuntimePhysXCooking
LogPluginManager: Mounting plugin SignificanceManager
LogPluginManager: Mounting plugin SteamVR
LogPluginManager: Mounting plugin WebMMoviePlayer
LogPluginManager: Mounting plugin WindowsMoviePlayer
LogPluginManager: Mounting plugin ScreenshotTools
LogInit: Using libcurl 7.55.1-DEV
LogInit:  - built for x86_64-pc-win32
LogInit:  - supports SSL with OpenSSL/1.1.1
LogInit:  - supports HTTP deflate (compression) using libz 1.2.8
LogInit:  - other features:
LogInit:      CURL_VERSION_SSL
LogInit:      CURL_VERSION_LIBZ
LogInit:      CURL_VERSION_IPV6
LogInit:      CURL_VERSION_ASYNCHDNS
LogInit:      CURL_VERSION_LARGEFILE
LogInit:      CURL_VERSION_IDN
LogInit:  CurlRequestOptions (configurable via config and command line):
LogInit:  - bVerifyPeer = true  - Libcurl will verify peer certificate
LogInit:  - bUseHttpProxy = false  - Libcurl will NOT use HTTP proxy
LogInit:  - bDontReuseConnections = false  - Libcurl will reuse connections
LogInit:  - MaxHostConnections = 16  - Libcurl will limit the number of connections to a host
LogInit:  - LocalHostAddr = Default
LogInit:  - BufferSize = 65536
LogOnline: OSS: Creating online subsystem instance for: NULL
LogInit: WinSock: version 1.1 (2.2), MaxSocks=32767, MaxUdp=65467
LogInit: Build: ++UE4+Release-4.23-CL-9631420
LogInit: Engine Version: 4.23.1-9631420+++UE4+Release-4.23
LogInit: Compatible Engine Version: 4.23.0-8386587+++UE4+Release-4.23
LogInit: Net CL: 8386587
LogInit: OS: Windows 10 (Release 1809) (), CPU: Intel(R) Core(TM) i7-7700HQ CPU @ 2.80GHz, GPU: Intel(R) HD Graphics 630
LogInit: Compiled (64-bit): Oct 18 2019 02:07:44
LogInit: Compiled with Visual C++: 19.16.27030.01
LogInit: Build Configuration: Development
LogInit: Branch Name: ++UE4+Release-4.23
LogInit: Command Line: 
LogInit: Base Directory: D:/Epic Games/UE_4.23/Engine/Binaries/Win64/
LogInit: Installed Engine Build: 1
LogDevObjectVersion: Number of dev versions registered: 23
LogDevObjectVersion:   Dev-Blueprints (B0D832E4-1F89-4F0D-ACCF-7EB736FD4AA2): 10
LogDevObjectVersion:   Dev-Build (E1C64328-A22C-4D53-A36C-8E866417BD8C): 0
LogDevObjectVersion:   Dev-Core (375EC13C-06E4-48FB-B500-84F0262A717E): 3
LogDevObjectVersion:   Dev-Editor (E4B068ED-F494-42E9-A231-DA0B2E46BB41): 34
LogDevObjectVersion:   Dev-Framework (CFFC743F-43B0-4480-9391-14DF171D2073): 35
LogDevObjectVersion:   Dev-Mobile (B02B49B5-BB20-44E9-A304-32B752E40360): 2
LogDevObjectVersion:   Dev-Networking (A4E4105C-59A1-49B5-A7C5-40C4547EDFEE): 0
LogDevObjectVersion:   Dev-Online (39C831C9-5AE6-47DC-9A44-9C173E1C8E7C): 0
LogDevObjectVersion:   Dev-Physics (78F01B33-EBEA-4F98-B9B4-84EACCB95AA2): 0
LogDevObjectVersion:   Dev-Platform (6631380F-2D4D-43E0-8009-CF276956A95A): 0
LogDevObjectVersion:   Dev-Rendering (12F88B9F-8875-4AFC-A67C-D90C383ABD29): 31
LogDevObjectVersion:   Dev-Sequencer (7B5AE74C-D270-4C10-A958-57980B212A5A): 11
LogDevObjectVersion:   Dev-VR (D7296918-1DD6-4BDD-9DE2-64A83CC13884): 2
LogDevObjectVersion:   Dev-LoadTimes (C2A15278-BFE7-4AFE-6C17-90FF531DF755): 1
LogDevObjectVersion:   Private-Geometry (6EACA3D4-40EC-4CC1-B786-8BED09428FC5): 3
LogDevObjectVersion:   Dev-AnimPhys (29E575DD-E0A3-4627-9D10-D276232CDCEA): 17
LogDevObjectVersion:   Dev-Anim (AF43A65D-7FD3-4947-9873-3E8ED9C1BB05): 2
LogDevObjectVersion:   Dev-ReflectionCapture (6B266CEC-1EC7-4B8F-A30B-E4D90942FC07): 1
LogDevObjectVersion:   Dev-Automation (0DF73D61-A23F-47EA-B727-89E90C41499A): 1
LogDevObjectVersion:   FortniteMain (601D1886-AC64-4F84-AA16-D3DE0DEAC7D6): 27
LogDevObjectVersion:   Dev-Enterprise (9DFFBCD6-494F-0158-E221-12823C92A888): 6
LogDevObjectVersion:   Dev-Niagara (F2AED0AC-9AFE-416F-8664-AA7FFA26D6FC): 1
LogDevObjectVersion:   Dev-Destruction (174F1F0B-B4C6-45A5-B13F-2EE8D0FB917D): 9
LogInit: Presizing for max 16777216 objects, including 0 objects not considered by GC, pre-allocating 0 bytes for permanent pool.
LogInit: Object subsystem initialized
LogConfig: Setting CVar [[con.DebugEarlyDefault:1]]
LogConfig: Setting CVar [[r.setres:1280x720]]
[2019.11.26-13.10.40:905][  0]LogConfig: Setting CVar [[r.VSync:0]]
[2019.11.26-13.10.40:905][  0]LogConfig: Setting CVar [[r.RHICmdBypass:0]]
[2019.11.26-13.10.40:905][  0]LogConfig: Applying CVar settings from Section [/Script/Engine.RendererSettings] File [D:/TFG/JuegoX/JuegoX/Saved/Config/Windows/Engine.ini]
[2019.11.26-13.10.40:905][  0]LogConfig: Setting CVar [[r.GPUCrashDebugging:0]]
[2019.11.26-13.10.40:905][  0]LogConfig: Setting CVar [[r.CustomDepth:1]]
[2019.11.26-13.10.40:905][  0]LogConfig: Applying CVar settings from Section [/Script/Engine.RendererOverrideSettings] File [D:/TFG/JuegoX/JuegoX/Saved/Config/Windows/Engine.ini]
[2019.11.26-13.10.40:905][  0]LogConfig: Applying CVar settings from Section [/Script/Engine.StreamingSettings] File [D:/TFG/JuegoX/JuegoX/Saved/Config/Windows/Engine.ini]
[2019.11.26-13.10.40:905][  0]LogConfig: Setting CVar [[s.MinBulkDataSizeForAsyncLoading:131072]]
[2019.11.26-13.10.40:905][  0]LogConfig: Setting CVar [[s.AsyncLoadingThreadEnabled:0]]
[2019.11.26-13.10.40:906][  0]LogConfig: Setting CVar [[s.EventDrivenLoaderEnabled:1]]
[2019.11.26-13.10.40:906][  0]LogConfig: Setting CVar [[s.WarnIfTimeLimitExceeded:0]]
[2019.11.26-13.10.40:906][  0]LogConfig: Setting CVar [[s.TimeLimitExceededMultiplier:1.5]]
[2019.11.26-13.10.40:906][  0]LogConfig: Setting CVar [[s.TimeLimitExceededMinTime:0.005]]
[2019.11.26-13.10.40:906][  0]LogConfig: Setting CVar [[s.UseBackgroundLevelStreaming:1]]
[2019.11.26-13.10.40:906][  0]LogConfig: Setting CVar [[s.PriorityAsyncLoadingExtraTime:15.0]]
[2019.11.26-13.10.40:906][  0]LogConfig: Setting CVar [[s.LevelStreamingActorsUpdateTimeLimit:5.0]]
[2019.11.26-13.10.40:906][  0]LogConfig: Setting CVar [[s.PriorityLevelStreamingActorsUpdateExtraTime:5.0]]
[2019.11.26-13.10.40:906][  0]LogConfig: Setting CVar [[s.LevelStreamingComponentsRegistrationGranularity:10]]
[2019.11.26-13.10.40:906][  0]LogConfig: Setting CVar [[s.UnregisterComponentsTimeLimit:1.0]]
[2019.11.26-13.10.40:906][  0]LogConfig: Setting CVar [[s.LevelStreamingComponentsUnregistrationGranularity:5]]
[2019.11.26-13.10.40:906][  0]LogConfig: Applying CVar settings from Section [/Script/Engine.GarbageCollectionSettings] File [D:/TFG/JuegoX/JuegoX/Saved/Config/Windows/Engine.ini]
[2019.11.26-13.10.40:906][  0]LogConfig: Setting CVar [[gc.MaxObjectsNotConsideredByGC:1]]
[2019.11.26-13.10.40:906][  0]LogConfig: Setting CVar [[gc.SizeOfPermanentObjectPool:0]]
[2019.11.26-13.10.40:906][  0]LogConfig: Setting CVar [[gc.FlushStreamingOnGC:0]]
[2019.11.26-13.10.40:906][  0]LogConfig: Setting CVar [[gc.NumRetriesBeforeForcingGC:10]]
[2019.11.26-13.10.40:906][  0]LogConfig: Setting CVar [[gc.AllowParallelGC:1]]
[2019.11.26-13.10.40:906][  0]LogConfig: Setting CVar [[gc.TimeBetweenPurgingPendingKillObjects:61.1]]
[2019.11.26-13.10.40:906][  0]LogConfig: Setting CVar [[gc.MaxObjectsInEditor:16777216]]
[2019.11.26-13.10.40:906][  0]LogConfig: Setting CVar [[gc.IncrementalBeginDestroyEnabled:1]]
[2019.11.26-13.10.40:906][  0]LogConfig: Setting CVar [[gc.CreateGCClusters:1]]
[2019.11.26-13.10.40:906][  0]LogConfig: Setting CVar [[gc.MinGCClusterSize:5]]
[2019.11.26-13.10.40:906][  0]LogConfig: Setting CVar [[gc.ActorClusteringEnabled:0]]
[2019.11.26-13.10.40:906][  0]LogConfig: Setting CVar [[gc.BlueprintClusteringEnabled:0]]
[2019.11.26-13.10.40:906][  0]LogConfig: Setting CVar [[gc.UseDisregardForGCOnDedicatedServers:0]]
[2019.11.26-13.10.40:906][  0]LogConfig: Applying CVar settings from Section [/Script/Engine.NetworkSettings] File [D:/TFG/JuegoX/JuegoX/Saved/Config/Windows/Engine.ini]
[2019.11.26-13.10.40:906][  0]LogConfig: Applying CVar settings from Section [/Script/UnrealEd.CookerSettings] File [D:/TFG/JuegoX/JuegoX/Saved/Config/Windows/Engine.ini]
[2019.11.26-13.10.40:912][  0]LogConfig: Applying CVar settings from Section [ViewDistanceQuality@3] File [D:/TFG/JuegoX/JuegoX/Saved/Config/Windows/Scalability.ini]
[2019.11.26-13.10.40:912][  0]LogConfig: Setting CVar [[r.SkeletalMeshLODBias:0]]
[2019.11.26-13.10.40:912][  0]LogConfig: Setting CVar [[r.ViewDistanceScale:1.0]]
[2019.11.26-13.10.40:912][  0]LogConfig: Applying CVar settings from Section [AntiAliasingQuality@3] File [D:/TFG/JuegoX/JuegoX/Saved/Config/Windows/Scalability.ini]
[2019.11.26-13.10.40:912][  0]LogConfig: Setting CVar [[r.PostProcessAAQuality:4]]
[2019.11.26-13.10.40:912][  0]LogConfig: Applying CVar settings from Section [ShadowQuality@3] File [D:/TFG/JuegoX/JuegoX/Saved/Config/Windows/Scalability.ini]
[2019.11.26-13.10.40:912][  0]LogConfig: Setting CVar [[r.LightFunctionQuality:1]]
[2019.11.26-13.10.40:912][  0]LogConfig: Setting CVar [[r.ShadowQuality:5]]
[2019.11.26-13.10.40:912][  0]LogConfig: Setting CVar [[r.Shadow.CSM.MaxCascades:10]]
[2019.11.26-13.10.40:912][  0]LogConfig: Setting CVar [[r.Shadow.MaxResolution:2048]]
[2019.11.26-13.10.40:912][  0]LogConfig: Setting CVar [[r.Shadow.MaxCSMResolution:2048]]
[2019.11.26-13.10.40:912][  0]LogConfig: Setting CVar [[r.Shadow.RadiusThreshold:0.01]]
[2019.11.26-13.10.40:912][  0]LogConfig: Setting CVar [[r.Shadow.DistanceScale:1.0]]
[2019.11.26-13.10.40:912][  0]LogConfig: Setting CVar [[r.Shadow.CSM.TransitionScale:1.0]]
[2019.11.26-13.10.40:912][  0]LogConfig: Setting CVar [[r.Shadow.PreShadowResolutionFactor:1.0]]
[2019.11.26-13.10.40:912][  0]LogConfig: Setting CVar [[r.DistanceFieldShadowing:1]]
[2019.11.26-13.10.40:912][  0]LogConfig: Setting CVar [[r.DistanceFieldAO:1]]
[2019.11.26-13.10.40:912][  0]LogConfig: Setting CVar [[r.AOQuality:2]]
[2019.11.26-13.10.40:912][  0]LogConfig: Setting CVar [[r.VolumetricFog:1]]
[2019.11.26-13.10.40:912][  0]LogConfig: Setting CVar [[r.VolumetricFog.GridPixelSize:8]]
[2019.11.26-13.10.40:912][  0]LogConfig: Setting CVar [[r.VolumetricFog.GridSizeZ:128]]
[2019.11.26-13.10.40:912][  0]LogConfig: Setting CVar [[r.VolumetricFog.HistoryMissSupersampleCount:4]]
[2019.11.26-13.10.40:912][  0]LogConfig: Setting CVar [[r.LightMaxDrawDistanceScale:1]]
[2019.11.26-13.10.40:912][  0]LogConfig: Setting CVar [[r.CapsuleShadows:1]]
[2019.11.26-13.10.40:912][  0]LogConfig: Applying CVar settings from Section [PostProcessQuality@3] File [D:/TFG/JuegoX/JuegoX/Saved/Config/Windows/Scalability.ini]
[2019.11.26-13.10.40:912][  0]LogConfig: Setting CVar [[r.MotionBlurQuality:4]]
[2019.11.26-13.10.40:912][  0]LogConfig: Setting CVar [[r.AmbientOcclusionMipLevelFactor:0.4]]
[2019.11.26-13.10.40:912][  0]LogConfig: Setting CVar [[r.AmbientOcclusionMaxQuality:100]]
[2019.11.26-13.10.40:912][  0]LogConfig: Setting CVar [[r.AmbientOcclusionLevels:-1]]
[2019.11.26-13.10.40:912][  0]LogConfig: Setting CVar [[r.AmbientOcclusionRadiusScale:1.0]]
[2019.11.26-13.10.40:912][  0]LogConfig: Setting CVar [[r.DepthOfFieldQuality:2]]
[2019.11.26-13.10.40:912][  0]LogConfig: Setting CVar [[r.RenderTargetPoolMin:400]]
[2019.11.26-13.10.40:912][  0]LogConfig: Setting CVar [[r.LensFlareQuality:2]]
[2019.11.26-13.10.40:912][  0]LogConfig: Setting CVar [[r.SceneColorFringeQuality:1]]
[2019.11.26-13.10.40:912][  0]LogConfig: Setting CVar [[r.EyeAdaptationQuality:2]]
[2019.11.26-13.10.40:912][  0]LogConfig: Setting CVar [[r.BloomQuality:5]]
[2019.11.26-13.10.40:912][  0]LogConfig: Setting CVar [[r.FastBlurThreshold:100]]
[2019.11.26-13.10.40:912][  0]LogConfig: Setting CVar [[r.Upscale.Quality:3]]
[2019.11.26-13.10.40:912][  0]LogConfig: Setting CVar [[r.Tonemapper.GrainQuantization:1]]
[2019.11.26-13.10.40:912][  0]LogConfig: Setting CVar [[r.LightShaftQuality:1]]
[2019.11.26-13.10.40:912][  0]LogConfig: Setting CVar [[r.Filter.SizeScale:1]]
[2019.11.26-13.10.40:912][  0]LogConfig: Setting CVar [[r.Tonemapper.Quality:5]]
[2019.11.26-13.10.40:912][  0]LogConfig: Setting CVar [[r.DOF.Gather.AccumulatorQuality:1        ; higher gathering accumulator quality]]
[2019.11.26-13.10.40:912][  0]LogConfig: Setting CVar [[r.DOF.Gather.PostfilterMethod:1          ; Median3x3 postfilering method]]
[2019.11.26-13.10.40:912][  0]LogConfig: Setting CVar [[r.DOF.Gather.EnableBokehSettings:0       ; no bokeh simulation when gathering]]
[2019.11.26-13.10.40:912][  0]LogConfig: Setting CVar [[r.DOF.Gather.RingCount:4                 ; medium number of samples when gathering]]
[2019.11.26-13.10.40:912][  0]LogConfig: Setting CVar [[r.DOF.Scatter.ForegroundCompositing:1    ; additive foreground scattering]]
[2019.11.26-13.10.40:912][  0]LogConfig: Setting CVar [[r.DOF.Scatter.BackgroundCompositing:2    ; additive background scattering]]
[2019.11.26-13.10.40:912][  0]LogConfig: Setting CVar [[r.DOF.Scatter.EnableBokehSettings:1      ; bokeh simulation when scattering]]
[2019.11.26-13.10.40:912][  0]LogConfig: Setting CVar [[r.DOF.Scatter.MaxSpriteRatio:0.1         ; only a maximum of 10% of scattered bokeh]]
[2019.11.26-13.10.40:912][  0]LogConfig: Setting CVar [[r.DOF.Recombine.Quality:1                ; cheap slight out of focus]]
[2019.11.26-13.10.40:912][  0]LogConfig: Setting CVar [[r.DOF.Recombine.EnableBokehSettings:0    ; no bokeh simulation on slight out of focus]]
[2019.11.26-13.10.40:912][  0]LogConfig: Setting CVar [[r.DOF.TemporalAAQuality:1                ; more stable temporal accumulation]]
[2019.11.26-13.10.40:912][  0]LogConfig: Setting CVar [[r.DOF.Kernel.MaxForegroundRadius:0.025]]
[2019.11.26-13.10.40:912][  0]LogConfig: Setting CVar [[r.DOF.Kernel.MaxBackgroundRadius:0.025]]
[2019.11.26-13.10.40:912][  0]LogConfig: Applying CVar settings from Section [TextureQuality@3] File [D:/TFG/JuegoX/JuegoX/Saved/Config/Windows/Scalability.ini]
[2019.11.26-13.10.40:912][  0]LogConfig: Setting CVar [[r.Streaming.MipBias:0]]
[2019.11.26-13.10.40:912][  0]LogConfig: Setting CVar [[r.Streaming.AmortizeCPUToGPUCopy:0]]
[2019.11.26-13.10.40:912][  0]LogConfig: Setting CVar [[r.Streaming.MaxNumTexturesToStreamPerFrame:0]]
[2019.11.26-13.10.40:912][  0]LogConfig: Setting CVar [[r.Streaming.Boost:1]]
[2019.11.26-13.10.40:913][  0]LogConfig: Setting CVar [[r.MaxAnisotropy:8]]
[2019.11.26-13.10.40:913][  0]LogConfig: Setting CVar [[r.Streaming.LimitPoolSizeToVRAM:0]]
[2019.11.26-13.10.40:913][  0]LogConfig: Setting CVar [[r.Streaming.PoolSize:1000]]
[2019.11.26-13.10.40:913][  0]LogConfig: Setting CVar [[r.Streaming.MaxEffectiveScreenSize:0]]
[2019.11.26-13.10.40:913][  0]LogConfig: Applying CVar settings from Section [EffectsQuality@3] File [D:/TFG/JuegoX/JuegoX/Saved/Config/Windows/Scalability.ini]
[2019.11.26-13.10.40:913][  0]LogConfig: Setting CVar [[r.TranslucencyLightingVolumeDim:64]]
[2019.11.26-13.10.40:913][  0]LogConfig: Setting CVar [[r.RefractionQuality:2]]
[2019.11.26-13.10.40:913][  0]LogConfig: Setting CVar [[r.SSR.Quality:3]]
[2019.11.26-13.10.40:913][  0]LogConfig: Setting CVar [[r.SceneColorFormat:4]]
[2019.11.26-13.10.40:913][  0]LogConfig: Setting CVar [[r.DetailMode:2]]
[2019.11.26-13.10.40:913][  0]LogConfig: Setting CVar [[r.TranslucencyVolumeBlur:1]]
[2019.11.26-13.10.40:913][  0]LogConfig: Setting CVar [[r.MaterialQualityLevel:1 ; High quality]]
[2019.11.26-13.10.40:913][  0]LogConfig: Setting CVar [[r.SSS.Scale:1]]
[2019.11.26-13.10.40:913][  0]LogConfig: Setting CVar [[r.SSS.SampleSet:2]]
[2019.11.26-13.10.40:913][  0]LogConfig: Setting CVar [[r.SSS.Quality:1]]
[2019.11.26-13.10.40:913][  0]LogConfig: Setting CVar [[r.SSS.HalfRes:1]]
[2019.11.26-13.10.40:913][  0]LogConfig: Setting CVar [[r.EmitterSpawnRateScale:1.0]]
[2019.11.26-13.10.40:913][  0]LogConfig: Setting CVar [[r.ParticleLightQuality:2]]
[2019.11.26-13.10.40:913][  0]LogConfig: Applying CVar settings from Section [FoliageQuality@3] File [D:/TFG/JuegoX/JuegoX/Saved/Config/Windows/Scalability.ini]
[2019.11.26-13.10.40:913][  0]LogConfig: Setting CVar [[foliage.DensityScale:1.0]]
[2019.11.26-13.10.40:913][  0]LogConfig: Setting CVar [[grass.DensityScale:1.0]]
[2019.11.26-13.10.40:913][  0]LogInit: Selected Device Profile: [Windows]
[2019.11.26-13.10.40:913][  0]LogInit: Applying CVar settings loaded from the selected device profile: [Windows]
[2019.11.26-13.10.40:931][  0]LogHAL: Display: Platform has ~ 8 GB [8469774336 / 8589934592 / 8], which maps to Default [LargestMinGB=32, LargerMinGB=12, DefaultMinGB=8, SmallerMinGB=6, SmallestMinGB=0)
[2019.11.26-13.10.40:931][  0]LogInit: Going up to parent DeviceProfile []
[2019.11.26-13.10.40:931][  0]LogConfig: Applying CVar settings from Section [ViewDistanceQuality@3] File [D:/TFG/JuegoX/JuegoX/Saved/Config/Windows/Scalability.ini]
[2019.11.26-13.10.40:931][  0]LogConfig: Setting CVar [[r.SkeletalMeshLODBias:0]]
[2019.11.26-13.10.40:931][  0]LogConfig: Setting CVar [[r.ViewDistanceScale:1.0]]
[2019.11.26-13.10.40:931][  0]LogConfig: Applying CVar settings from Section [AntiAliasingQuality@3] File [D:/TFG/JuegoX/JuegoX/Saved/Config/Windows/Scalability.ini]
[2019.11.26-13.10.40:931][  0]LogConfig: Setting CVar [[r.PostProcessAAQuality:4]]
[2019.11.26-13.10.40:931][  0]LogConfig: Applying CVar settings from Section [ShadowQuality@3] File [D:/TFG/JuegoX/JuegoX/Saved/Config/Windows/Scalability.ini]
[2019.11.26-13.10.40:931][  0]LogConfig: Setting CVar [[r.LightFunctionQuality:1]]
[2019.11.26-13.10.40:931][  0]LogConfig: Setting CVar [[r.ShadowQuality:5]]
[2019.11.26-13.10.40:931][  0]LogConfig: Setting CVar [[r.Shadow.CSM.MaxCascades:10]]
[2019.11.26-13.10.40:932][  0]LogConfig: Setting CVar [[r.Shadow.MaxResolution:2048]]
[2019.11.26-13.10.40:932][  0]LogConfig: Setting CVar [[r.Shadow.MaxCSMResolution:2048]]
[2019.11.26-13.10.40:932][  0]LogConfig: Setting CVar [[r.Shadow.RadiusThreshold:0.01]]
[2019.11.26-13.10.40:932][  0]LogConfig: Setting CVar [[r.Shadow.DistanceScale:1.0]]
[2019.11.26-13.10.40:932][  0]LogConfig: Setting CVar [[r.Shadow.CSM.TransitionScale:1.0]]
[2019.11.26-13.10.40:932][  0]LogConfig: Setting CVar [[r.Shadow.PreShadowResolutionFactor:1.0]]
[2019.11.26-13.10.40:932][  0]LogConfig: Setting CVar [[r.DistanceFieldShadowing:1]]
[2019.11.26-13.10.40:932][  0]LogConfig: Setting CVar [[r.DistanceFieldAO:1]]
[2019.11.26-13.10.40:932][  0]LogConfig: Setting CVar [[r.AOQuality:2]]
[2019.11.26-13.10.40:932][  0]LogConfig: Setting CVar [[r.VolumetricFog:1]]
[2019.11.26-13.10.40:932][  0]LogConfig: Setting CVar [[r.VolumetricFog.GridPixelSize:8]]
[2019.11.26-13.10.40:932][  0]LogConfig: Setting CVar [[r.VolumetricFog.GridSizeZ:128]]
[2019.11.26-13.10.40:932][  0]LogConfig: Setting CVar [[r.VolumetricFog.HistoryMissSupersampleCount:4]]
[2019.11.26-13.10.40:932][  0]LogConfig: Setting CVar [[r.LightMaxDrawDistanceScale:1]]
[2019.11.26-13.10.40:932][  0]LogConfig: Setting CVar [[r.CapsuleShadows:1]]
[2019.11.26-13.10.40:932][  0]LogConfig: Applying CVar settings from Section [PostProcessQuality@3] File [D:/TFG/JuegoX/JuegoX/Saved/Config/Windows/Scalability.ini]
[2019.11.26-13.10.40:932][  0]LogConfig: Setting CVar [[r.MotionBlurQuality:4]]
[2019.11.26-13.10.40:932][  0]LogConfig: Setting CVar [[r.AmbientOcclusionMipLevelFactor:0.4]]
[2019.11.26-13.10.40:932][  0]LogConfig: Setting CVar [[r.AmbientOcclusionMaxQuality:100]]
[2019.11.26-13.10.40:932][  0]LogConfig: Setting CVar [[r.AmbientOcclusionLevels:-1]]
[2019.11.26-13.10.40:932][  0]LogConfig: Setting CVar [[r.AmbientOcclusionRadiusScale:1.0]]
[2019.11.26-13.10.40:932][  0]LogConfig: Setting CVar [[r.DepthOfFieldQuality:2]]
[2019.11.26-13.10.40:932][  0]LogConfig: Setting CVar [[r.RenderTargetPoolMin:400]]
[2019.11.26-13.10.40:932][  0]LogConfig: Setting CVar [[r.LensFlareQuality:2]]
[2019.11.26-13.10.40:932][  0]LogConfig: Setting CVar [[r.SceneColorFringeQuality:1]]
[2019.11.26-13.10.40:932][  0]LogConfig: Setting CVar [[r.EyeAdaptationQuality:2]]
[2019.11.26-13.10.40:932][  0]LogConfig: Setting CVar [[r.BloomQuality:5]]
[2019.11.26-13.10.40:932][  0]LogConfig: Setting CVar [[r.FastBlurThreshold:100]]
[2019.11.26-13.10.40:932][  0]LogConfig: Setting CVar [[r.Upscale.Quality:3]]
[2019.11.26-13.10.40:932][  0]LogConfig: Setting CVar [[r.Tonemapper.GrainQuantization:1]]
[2019.11.26-13.10.40:932][  0]LogConfig: Setting CVar [[r.LightShaftQuality:1]]
[2019.11.26-13.10.40:932][  0]LogConfig: Setting CVar [[r.Filter.SizeScale:1]]
[2019.11.26-13.10.40:932][  0]LogConfig: Setting CVar [[r.Tonemapper.Quality:5]]
[2019.11.26-13.10.40:932][  0]LogConfig: Setting CVar [[r.DOF.Gather.AccumulatorQuality:1        ; higher gathering accumulator quality]]
[2019.11.26-13.10.40:932][  0]LogConfig: Setting CVar [[r.DOF.Gather.PostfilterMethod:1          ; Median3x3 postfilering method]]
[2019.11.26-13.10.40:932][  0]LogConfig: Setting CVar [[r.DOF.Gather.EnableBokehSettings:0       ; no bokeh simulation when gathering]]
[2019.11.26-13.10.40:932][  0]LogConfig: Setting CVar [[r.DOF.Gather.RingCount:4                 ; medium number of samples when gathering]]
[2019.11.26-13.10.40:932][  0]LogConfig: Setting CVar [[r.DOF.Scatter.ForegroundCompositing:1    ; additive foreground scattering]]
[2019.11.26-13.10.40:932][  0]LogConfig: Setting CVar [[r.DOF.Scatter.BackgroundCompositing:2    ; additive background scattering]]
[2019.11.26-13.10.40:932][  0]LogConfig: Setting CVar [[r.DOF.Scatter.EnableBokehSettings:1      ; bokeh simulation when scattering]]
[2019.11.26-13.10.40:932][  0]LogConfig: Setting CVar [[r.DOF.Scatter.MaxSpriteRatio:0.1         ; only a maximum of 10% of scattered bokeh]]
[2019.11.26-13.10.40:932][  0]LogConfig: Setting CVar [[r.DOF.Recombine.Quality:1                ; cheap slight out of focus]]
[2019.11.26-13.10.40:932][  0]LogConfig: Setting CVar [[r.DOF.Recombine.EnableBokehSettings:0    ; no bokeh simulation on slight out of focus]]
[2019.11.26-13.10.40:932][  0]LogConfig: Setting CVar [[r.DOF.TemporalAAQuality:1                ; more stable temporal accumulation]]
[2019.11.26-13.10.40:932][  0]LogConfig: Setting CVar [[r.DOF.Kernel.MaxForegroundRadius:0.025]]
[2019.11.26-13.10.40:932][  0]LogConfig: Setting CVar [[r.DOF.Kernel.MaxBackgroundRadius:0.025]]
[2019.11.26-13.10.40:932][  0]LogConfig: Applying CVar settings from Section [TextureQuality@3] File [D:/TFG/JuegoX/JuegoX/Saved/Config/Windows/Scalability.ini]
[2019.11.26-13.10.40:932][  0]LogConfig: Setting CVar [[r.Streaming.MipBias:0]]
[2019.11.26-13.10.40:932][  0]LogConfig: Setting CVar [[r.Streaming.AmortizeCPUToGPUCopy:0]]
[2019.11.26-13.10.40:932][  0]LogConfig: Setting CVar [[r.Streaming.MaxNumTexturesToStreamPerFrame:0]]
[2019.11.26-13.10.40:932][  0]LogConfig: Setting CVar [[r.Streaming.Boost:1]]
[2019.11.26-13.10.40:932][  0]LogConfig: Setting CVar [[r.MaxAnisotropy:8]]
[2019.11.26-13.10.40:932][  0]LogConfig: Setting CVar [[r.Streaming.LimitPoolSizeToVRAM:0]]
[2019.11.26-13.10.40:932][  0]LogConfig: Setting CVar [[r.Streaming.PoolSize:1000]]
[2019.11.26-13.10.40:932][  0]LogConfig: Setting CVar [[r.Streaming.MaxEffectiveScreenSize:0]]
[2019.11.26-13.10.40:932][  0]LogConfig: Applying CVar settings from Section [EffectsQuality@3] File [D:/TFG/JuegoX/JuegoX/Saved/Config/Windows/Scalability.ini]
[2019.11.26-13.10.40:932][  0]LogConfig: Setting CVar [[r.TranslucencyLightingVolumeDim:64]]
[2019.11.26-13.10.40:932][  0]LogConfig: Setting CVar [[r.RefractionQuality:2]]
[2019.11.26-13.10.40:932][  0]LogConfig: Setting CVar [[r.SSR.Quality:3]]
[2019.11.26-13.10.40:932][  0]LogConfig: Setting CVar [[r.SceneColorFormat:4]]
[2019.11.26-13.10.40:932][  0]LogConfig: Setting CVar [[r.DetailMode:2]]
[2019.11.26-13.10.40:932][  0]LogConfig: Setting CVar [[r.TranslucencyVolumeBlur:1]]
[2019.11.26-13.10.40:932][  0]LogConfig: Setting CVar [[r.MaterialQualityLevel:1 ; High quality]]
[2019.11.26-13.10.40:932][  0]LogConfig: Setting CVar [[r.SSS.Scale:1]]
[2019.11.26-13.10.40:932][  0]LogConfig: Setting CVar [[r.SSS.SampleSet:2]]
[2019.11.26-13.10.40:932][  0]LogConfig: Setting CVar [[r.SSS.Quality:1]]
[2019.11.26-13.10.40:932][  0]LogConfig: Setting CVar [[r.SSS.HalfRes:1]]
[2019.11.26-13.10.40:932][  0]LogConfig: Setting CVar [[r.EmitterSpawnRateScale:1.0]]
[2019.11.26-13.10.40:932][  0]LogConfig: Setting CVar [[r.ParticleLightQuality:2]]
[2019.11.26-13.10.40:933][  0]LogConfig: Applying CVar settings from Section [FoliageQuality@3] File [D:/TFG/JuegoX/JuegoX/Saved/Config/Windows/Scalability.ini]
[2019.11.26-13.10.40:933][  0]LogConfig: Setting CVar [[foliage.DensityScale:1.0]]
[2019.11.26-13.10.40:933][  0]LogConfig: Setting CVar [[grass.DensityScale:1.0]]
[2019.11.26-13.10.40:933][  0]LogConfig: Applying CVar settings from Section [Startup] File [../../../Engine/Config/ConsoleVariables.ini]
[2019.11.26-13.10.40:933][  0]LogConfig: Setting CVar [[net.UseAdaptiveNetUpdateFrequency:0]]
[2019.11.26-13.10.40:933][  0]LogConfig: Setting CVar [[p.chaos.AllowCreatePhysxBodies:1]]
[2019.11.26-13.10.40:933][  0]LogConfig: Applying CVar settings from Section [ConsoleVariables] File [D:/TFG/JuegoX/JuegoX/Saved/Config/Windows/Engine.ini]
[2019.11.26-13.10.40:933][  0]LogInit: Computer: ASUS-69
[2019.11.26-13.10.40:933][  0]LogInit: User: alumno
[2019.11.26-13.10.40:933][  0]LogInit: CPU Page size=4096, Cores=4
[2019.11.26-13.10.40:933][  0]LogInit: High frequency timer resolution =10.000000 MHz
[2019.11.26-13.10.40:933][  0]LogMemory: Memory total: Physical=7.9GB (8GB approx)
[2019.11.26-13.10.40:933][  0]LogMemory: Platform Memory Stats for Windows
[2019.11.26-13.10.40:933][  0]LogMemory: Process Physical Memory: 101.57 MB used, 101.58 MB peak
[2019.11.26-13.10.40:933][  0]LogMemory: Process Virtual Memory: 98.72 MB used, 98.72 MB peak
[2019.11.26-13.10.40:933][  0]LogMemory: Physical Memory: 4807.21 MB used,  3270.20 MB free, 8077.41 MB total
[2019.11.26-13.10.40:933][  0]LogMemory: Virtual Memory: 4681.35 MB used,  134213048.00 MB free, 134217728.00 MB total
[2019.11.26-13.10.40:935][  0]LogWindows: WindowsPlatformFeatures enabled
[2019.11.26-13.10.40:951][  0]LogInit: Using OS detected language (en-US).
[2019.11.26-13.10.40:951][  0]LogInit: Using OS detected locale (en-US).
[2019.11.26-13.10.40:952][  0]LogTextLocalizationManager: No specific localization for 'en-US' exists, so the 'en' localization will be used.
[2019.11.26-13.10.41:193][  0]LogSlate: New Slate User Created.  User Index 0, Is Virtual User: 0
[2019.11.26-13.10.41:193][  0]LogSlate: Slate User Registered.  User Index 0, Is Virtual User: 0
[2019.11.26-13.10.41:389][  0]LogHMD: Failed to initialize OpenVR with code 110
[2019.11.26-13.10.41:389][  0]LogD3D11RHI: D3D11 adapters:
[2019.11.26-13.10.41:453][  0]LogD3D11RHI:    0. 'NVIDIA GeForce GTX 1050' (Feature Level 11_0)
[2019.11.26-13.10.41:453][  0]LogD3D11RHI:       4021/0/4038 MB DedicatedVideo/DedicatedSystem/SharedSystem, Outputs:2, VendorId:0x10de
[2019.11.26-13.10.41:461][  0]LogD3D11RHI:    1. 'Intel(R) HD Graphics 630' (Feature Level 11_0)
[2019.11.26-13.10.41:461][  0]LogD3D11RHI:       128/0/4038 MB DedicatedVideo/DedicatedSystem/SharedSystem, Outputs:0, VendorId:0x8086
[2019.11.26-13.10.41:463][  0]LogD3D11RHI:    2. 'Microsoft Basic Render Driver' (Feature Level 11_0)
[2019.11.26-13.10.41:463][  0]LogD3D11RHI:       0/0/4038 MB DedicatedVideo/DedicatedSystem/SharedSystem, Outputs:0, VendorId:0x1414
[2019.11.26-13.10.41:463][  0]LogD3D11RHI: Chosen D3D11 Adapter: 0
[2019.11.26-13.10.41:493][  0]LogD3D11RHI: Creating new Direct3DDevice
[2019.11.26-13.10.41:493][  0]LogD3D11RHI:     GPU DeviceId: 0x1c8d (for the marketing name, search the web for "GPU Device Id")
[2019.11.26-13.10.41:493][  0]LogWindows: EnumDisplayDevices:
[2019.11.26-13.10.41:493][  0]LogWindows:    0. 'Intel(R) HD Graphics 630' (P:1 D:1)
[2019.11.26-13.10.41:493][  0]LogWindows:    1. 'Intel(R) HD Graphics 630' (P:0 D:1)
[2019.11.26-13.10.41:493][  0]LogWindows:    2. 'Intel(R) HD Graphics 630' (P:0 D:0)
[2019.11.26-13.10.41:494][  0]LogWindows: DebugString: PrimaryIsNotTheChoosenAdapter PrimaryIsNotTheChoosenAdapter PrimaryIsNotTheChoosenAdapter FoundDriverCount:0 
[2019.11.26-13.10.41:494][  0]LogD3D11RHI:     Adapter Name: NVIDIA GeForce GTX 1050
[2019.11.26-13.10.41:494][  0]LogD3D11RHI:   Driver Version: Unknown (internal:Unknown, unified:Unknown)
[2019.11.26-13.10.41:494][  0]LogD3D11RHI:      Driver Date: Unknown
[2019.11.26-13.10.41:494][  0]LogRHI: Texture pool is 2814 MB (70% of 4021 MB)
[2019.11.26-13.10.41:532][  0]LogD3D11RHI: Async texture creation enabled
[2019.11.26-13.10.41:549][  0]LogD3D11RHI: GPU Timing Frequency: 1000.000000 (Debug: 2 2)
[2019.11.26-13.10.41:858][  0]LogTemp: Display: Module 'AllDesktopTargetPlatform' loaded TargetPlatform 'AllDesktop'
[2019.11.26-13.10.41:866][  0]LogTemp: Display: Module 'MacClientTargetPlatform' loaded TargetPlatform 'MacClient'
[2019.11.26-13.10.41:874][  0]LogTemp: Display: Module 'MacNoEditorTargetPlatform' loaded TargetPlatform 'MacNoEditor'
[2019.11.26-13.10.41:882][  0]LogTemp: Display: Module 'MacServerTargetPlatform' loaded TargetPlatform 'MacServer'
[2019.11.26-13.10.41:890][  0]LogTemp: Display: Module 'MacTargetPlatform' loaded TargetPlatform 'Mac'
[2019.11.26-13.10.41:898][  0]LogTemp: Display: Module 'WindowsClientTargetPlatform' loaded TargetPlatform 'WindowsClient'
[2019.11.26-13.10.41:906][  0]LogTemp: Display: Module 'WindowsNoEditorTargetPlatform' loaded TargetPlatform 'WindowsNoEditor'
[2019.11.26-13.10.41:913][  0]LogTemp: Display: Module 'WindowsServerTargetPlatform' loaded TargetPlatform 'WindowsServer'
[2019.11.26-13.10.41:916][  0]LogTemp: Display: Module 'WindowsTargetPlatform' loaded TargetPlatform 'Windows'
[2019.11.26-13.10.41:948][  0]LogTemp: Display: Module 'AndroidTargetPlatform' loaded TargetPlatform 'Android'
[2019.11.26-13.10.41:948][  0]LogTemp: Display: Module 'AndroidTargetPlatform' loaded TargetPlatform 'Android_ASTC'
[2019.11.26-13.10.41:948][  0]LogTemp: Display: Module 'AndroidTargetPlatform' loaded TargetPlatform 'Android_ATC'
[2019.11.26-13.10.41:948][  0]LogTemp: Display: Module 'AndroidTargetPlatform' loaded TargetPlatform 'Android_DXT'
[2019.11.26-13.10.41:948][  0]LogTemp: Display: Module 'AndroidTargetPlatform' loaded TargetPlatform 'Android_ETC1'
[2019.11.26-13.10.41:948][  0]LogTemp: Display: Module 'AndroidTargetPlatform' loaded TargetPlatform 'Android_ETC1a'
[2019.11.26-13.10.41:948][  0]LogTemp: Display: Module 'AndroidTargetPlatform' loaded TargetPlatform 'Android_ETC2'
[2019.11.26-13.10.41:948][  0]LogTemp: Display: Module 'AndroidTargetPlatform' loaded TargetPlatform 'Android_PVRTC'
[2019.11.26-13.10.41:948][  0]LogTemp: Display: Module 'AndroidTargetPlatform' loaded TargetPlatform 'AndroidClient'
[2019.11.26-13.10.41:948][  0]LogTemp: Display: Module 'AndroidTargetPlatform' loaded TargetPlatform 'Android_ASTCClient'
[2019.11.26-13.10.41:948][  0]LogTemp: Display: Module 'AndroidTargetPlatform' loaded TargetPlatform 'Android_ATCClient'
[2019.11.26-13.10.41:948][  0]LogTemp: Display: Module 'AndroidTargetPlatform' loaded TargetPlatform 'Android_DXTClient'
[2019.11.26-13.10.41:948][  0]LogTemp: Display: Module 'AndroidTargetPlatform' loaded TargetPlatform 'Android_ETC1Client'
[2019.11.26-13.10.41:948][  0]LogTemp: Display: Module 'AndroidTargetPlatform' loaded TargetPlatform 'Android_ETC1aClient'
[2019.11.26-13.10.41:948][  0]LogTemp: Display: Module 'AndroidTargetPlatform' loaded TargetPlatform 'Android_ETC2Client'
[2019.11.26-13.10.41:948][  0]LogTemp: Display: Module 'AndroidTargetPlatform' loaded TargetPlatform 'Android_PVRTCClient'
[2019.11.26-13.10.41:948][  0]LogTemp: Display: Module 'AndroidTargetPlatform' loaded TargetPlatform 'Android_Multi'
[2019.11.26-13.10.41:948][  0]LogTemp: Display: Module 'AndroidTargetPlatform' loaded TargetPlatform 'Android_MultiClient'
[2019.11.26-13.10.41:950][  0]LogTemp: Display: Module 'HTML5TargetPlatform' loaded TargetPlatform 'HTML5'
[2019.11.26-13.10.41:966][  0]LogTemp: Display: Module 'IOSTargetPlatform' loaded TargetPlatform 'IOSClient'
[2019.11.26-13.10.41:966][  0]LogTemp: Display: Module 'IOSTargetPlatform' loaded TargetPlatform 'IOS'
[2019.11.26-13.10.41:979][  0]LogTemp: Display: Module 'TVOSTargetPlatform' loaded TargetPlatform 'TVOSClient'
[2019.11.26-13.10.41:979][  0]LogTemp: Display: Module 'TVOSTargetPlatform' loaded TargetPlatform 'TVOS'
[2019.11.26-13.10.41:986][  0]LogTemp: Display: Module 'LinuxClientTargetPlatform' loaded TargetPlatform 'LinuxClient'
[2019.11.26-13.10.41:992][  0]LogTemp: Display: Module 'LinuxNoEditorTargetPlatform' loaded TargetPlatform 'LinuxNoEditor'
[2019.11.26-13.10.41:999][  0]LogTemp: Display: Module 'LinuxServerTargetPlatform' loaded TargetPlatform 'LinuxServer'
[2019.11.26-13.10.42:016][  0]LogTemp: Display: Module 'LinuxTargetPlatform' loaded TargetPlatform 'Linux'
[2019.11.26-13.10.42:046][  0]LogTemp: Display: Module 'LuminTargetPlatform' loaded TargetPlatform 'Lumin'
[2019.11.26-13.10.42:046][  0]LogTemp: Display: Module 'LuminTargetPlatform' loaded TargetPlatform 'LuminClient'
[2019.11.26-13.10.42:046][  0]LogTargetPlatformManager: Display: Building Assets For Windows
[2019.11.26-13.10.42:054][  0]LogAudioDebug: Display: Lib vorbis DLL was dynamically loaded.
[2019.11.26-13.10.42:097][  0]LogShaderCompilers: Guid format shader working directory is 14 characters bigger than the processId version (../../../../../TFG/JuegoX/JuegoX/Intermediate/Shaders/WorkingDirectory/12320/).
[2019.11.26-13.10.42:098][  0]LogShaderCompilers: Cleaned the shader compiler working directory 'C:/Users/alumno/AppData/Local/Temp/UnrealShaderWorkingDir/FA659F8647232B24A902A098F0F8DE7F/'.
[2019.11.26-13.10.42:099][  0]LogXGEController: Cannot use XGE Controller as Incredibuild is not installed on this machine.
[2019.11.26-13.10.42:099][  0]LogShaderCompilers: Cannot use XGE Shader Compiler as Incredibuild is not installed on this machine.
[2019.11.26-13.10.42:099][  0]LogShaderCompilers: Display: Using Local Shader Compiler.
[2019.11.26-13.10.42:731][  0]LogDerivedDataCache: Display: Max Cache Size: 512 MB
[2019.11.26-13.10.42:794][  0]LogDerivedDataCache: Loaded boot cache 0.06s 73MB C:/Users/alumno/AppData/Local/UnrealEngine/4.23/DerivedDataCache/Boot.ddc.
[2019.11.26-13.10.42:794][  0]LogDerivedDataCache: Display: Loaded Boot cache: C:/Users/alumno/AppData/Local/UnrealEngine/4.23/DerivedDataCache/Boot.ddc
[2019.11.26-13.10.42:794][  0]LogDerivedDataCache: FDerivedDataBackendGraph:  Pak pak cache file ../../../../../TFG/JuegoX/JuegoX/DerivedDataCache/DDC.ddp not found, will not use a pak cache.
[2019.11.26-13.10.42:794][  0]LogDerivedDataCache: Unable to find inner node Pak for hierarchical cache Hierarchy.
[2019.11.26-13.10.42:794][  0]LogDerivedDataCache: FDerivedDataBackendGraph:  CompressedPak pak cache file ../../../../../TFG/JuegoX/JuegoX/DerivedDataCache/Compressed.ddp not found, will not use a pak cache.
[2019.11.26-13.10.42:794][  0]LogDerivedDataCache: Unable to find inner node CompressedPak for hierarchical cache Hierarchy.
[2019.11.26-13.10.42:805][  0]LogDerivedDataCache: Display: Pak cache opened for reading ../../../Engine/DerivedDataCache/Compressed.ddp.
[2019.11.26-13.10.42:806][  0]LogDerivedDataCache: FDerivedDataBackendGraph:  EnterprisePak pak cache file ../../../Enterprise/DerivedDataCache/Compressed.ddp not found, will not use a pak cache.
[2019.11.26-13.10.42:806][  0]LogDerivedDataCache: Unable to find inner node EnterprisePak for hierarchical cache Hierarchy.
[2019.11.26-13.10.42:807][  0]LogDerivedDataCache: Using Local data cache path C:/Users/alumno/AppData/Local/UnrealEngine/Common/DerivedDataCache: Writable
[2019.11.26-13.10.42:807][  0]LogDerivedDataCache: Shared data cache path not found in *engine.ini, will not use an Shared cache.
[2019.11.26-13.10.42:807][  0]LogDerivedDataCache: Unable to find inner node Shared for hierarchical cache Hierarchy.
[2019.11.26-13.10.42:830][  0]LogMaterial: Verifying Global Shaders for PCD3D_SM5
[2019.11.26-13.10.42:833][  0]LogSlate: Using FreeType 2.6.0
[2019.11.26-13.10.42:833][  0]LogSlate: SlateFontServices - WITH_FREETYPE: 1, WITH_HARFBUZZ: 1
[2019.11.26-13.10.42:884][  0]LogAssetRegistry: FAssetRegistry took 0.0027 seconds to start up
[2019.11.26-13.10.43:168][  0]LogInit: Selected Device Profile: [Windows]
[2019.11.26-13.10.43:378][  0]LogMeshReduction: Using QuadricMeshReduction for automatic static mesh reduction
[2019.11.26-13.10.43:378][  0]LogMeshReduction: Using SimplygonMeshReduction for automatic skeletal mesh reduction
[2019.11.26-13.10.43:378][  0]LogMeshReduction: Using ProxyLODMeshReduction for automatic mesh merging
[2019.11.26-13.10.43:378][  0]LogMeshReduction: No distributed automatic mesh merging module available
[2019.11.26-13.10.43:378][  0]LogMeshMerging: No distributed automatic mesh merging module available
[2019.11.26-13.10.43:391][  0]LogNetVersion: JuegoX 1.0.0, NetCL: 8386587, EngineNetVer: 11, GameNetVer: 0 (Checksum: 544456702)
[2019.11.26-13.10.43:960][  0]LogPackageLocalizationCache: Processed 12 localized package path(s) for 1 prioritized culture(s) in 0.146698 seconds
[2019.11.26-13.10.43:968][  0]LogUObjectArray: 43444 objects as part of root set at end of initial load.
[2019.11.26-13.10.43:968][  0]LogUObjectAllocator: 7548648 out of 0 bytes used by permanent object pool.
[2019.11.26-13.10.43:968][  0]LogUObjectArray: CloseDisregardForGC: 0/0 objects in disregard for GC pool
[2019.11.26-13.10.44:895][  0]LogTcpMessaging: Initializing TcpMessaging bridge
[2019.11.26-13.10.44:898][  0]LogUdpMessaging: Initializing bridge on interface 0.0.0.0:0 to multicast group 230.0.0.1:6666.
[2019.11.26-13.10.44:960][  0]SourceControl: Source control is disabled
[2019.11.26-13.10.44:960][  0]SourceControl: Source control is disabled
[2019.11.26-13.10.44:961][  0]SourceControl: Source control is disabled
[2019.11.26-13.10.44:962][  0]SourceControl: Source control is disabled
[2019.11.26-13.10.45:077][  0]LogAndroidPermission: UAndroidPermissionCallbackProxy::GetInstance
[2019.11.26-13.10.45:223][  0]LogOcInput: OculusInput pre-init called
[2019.11.26-13.10.45:229][  0]LogWindows: Failed to load 'OVRPlugin.dll' (GetLastError=126)
[2019.11.26-13.10.45:229][  0]LogWindows: File 'OVRPlugin.dll' does not exist
[2019.11.26-13.10.45:298][  0]LogEngine: Initializing Engine...
[2019.11.26-13.10.45:298][  0]LogHMD: Failed to initialize OpenVR with code 110
[2019.11.26-13.10.45:299][  0]LogStats: UGameplayTagsManager::InitializeManager -  0.000 s
[2019.11.26-13.10.45:583][  0]LogInit: Initializing FReadOnlyCVARCache
[2019.11.26-13.10.45:597][  0]LogAIModule: Creating AISystem for world Untitled
[2019.11.26-13.10.45:682][  0]LogInit: XAudio2 using 'Speakers (Realtek High Definition Audio)' : 2 channels at 48 kHz using 32 bits per sample (channel mask 0x3)
[2019.11.26-13.10.46:230][  0]LogInit: FAudioDevice initialized.
[2019.11.26-13.10.46:230][  0]LogNetVersion: Set ProjectVersion to 1.0.0.0. Version Checksum will be recalculated on next use.
[2019.11.26-13.10.46:313][  0]LogDerivedDataCache: Saved boot cache 0.08s 73MB C:/Users/alumno/AppData/Local/UnrealEngine/4.23/DerivedDataCache/Boot.ddc.
[2019.11.26-13.10.46:323][  0]LogInit: Texture streaming: Enabled
[2019.11.26-13.10.46:338][  0]LogEngineSessionManager: EngineSessionManager initialized
[2019.11.26-13.10.46:338][  0]LogEditorSessionSummary: Verbose: Initializing EditorSessionSummaryWriter for editor session tracking
[2019.11.26-13.10.46:339][  0]LogEditorSessionSummary: EditorSessionSummaryWriter initialized
[2019.11.26-13.10.46:403][  0]LogInit: Transaction tracking system initialized
[2019.11.26-13.10.46:426][  0]BlueprintLog: New page: Editor Load
[2019.11.26-13.10.46:512][  0]LocalizationService: Localization service is disabled
[2019.11.26-13.10.46:815][  0]LogFileCache: Scanning file cache for directory 'D:/TFG/JuegoX/JuegoX/Content/' took 0.01s
[2019.11.26-13.10.46:815][  0]LogCook: Display: Max memory allowance for cook 16384mb min free memory 0mb
[2019.11.26-13.10.46:815][  0]LogCook: Display: Mobile HDR setting 1
[2019.11.26-13.10.46:980][  0]SourceControl: Source control is disabled
[2019.11.26-13.10.46:980][  0]Cmd: MAP LOAD FILE="../../../../../TFG/JuegoX/JuegoX/Content/JuegoX/Levels/MainMenu.umap" TEMPLATE=0 SHOWPROGRESS=1 FEATURELEVEL=3
[2019.11.26-13.10.46:998][  0]LightingResults: New page: Lighting Build
[2019.11.26-13.10.47:000][  0]LogWorld: UWorld::CleanupWorld for Untitled, bSessionEnded=true, bCleanupResources=true
[2019.11.26-13.10.47:000][  0]MapCheck: New page: Map Check
[2019.11.26-13.10.47:000][  0]LightingResults: New page: Lighting Build
[2019.11.26-13.10.47:029][  0]LogUObjectHash: Compacting FUObjectHashTables data took   1.77ms
[2019.11.26-13.10.47:232][  0]LogAIModule: Creating AISystem for world MainMenu
[2019.11.26-13.10.47:233][  0]LogEditorServer: Finished looking for orphan Actors (0.000 secs)
[2019.11.26-13.10.47:259][  0]LogUObjectHash: Compacting FUObjectHashTables data took   2.43ms
[2019.11.26-13.10.47:260][  0]Cmd: MAP CHECKDEP NOCLEARLOG
[2019.11.26-13.10.47:260][  0]MapCheck: Map check complete: 0 Error(s), 0 Warning(s), took 0.135ms to complete.
[2019.11.26-13.10.47:260][  0]LogFileHelpers: Loading map 'MainMenu' took 0.279
[2019.11.26-13.10.47:769][  0]LogSlate: Updating window title bar state: overlay mode, drag disabled, window buttons hidden, title bar hidden
[2019.11.26-13.10.47:783][  0]LogSlate: Updating window title bar state: overlay mode, drag disabled, window buttons hidden, title bar hidden
[2019.11.26-13.10.47:791][  0]LogSlate: Updating window title bar state: overlay mode, drag disabled, window buttons hidden, title bar hidden
[2019.11.26-13.10.47:798][  0]LogSlate: Updating window title bar state: overlay mode, drag disabled, window buttons hidden, title bar hidden
[2019.11.26-13.10.47:807][  0]LogCollectionManager: Loaded 0 collections in 0.001050 seconds
[2019.11.26-13.10.47:879][  0]LogFileCache: Scanning file cache for directory 'D:/TFG/JuegoX/JuegoX/Saved/Collections/' took 0.00s
[2019.11.26-13.10.47:879][  0]LogFileCache: Scanning file cache for directory 'D:/TFG/JuegoX/JuegoX/Content/Developers/alumno/Collections/' took 0.00s
[2019.11.26-13.10.47:879][  0]LogFileCache: Scanning file cache for directory 'D:/TFG/JuegoX/JuegoX/Content/Collections/' took 0.00s
[2019.11.26-13.10.47:879][  0]LogCollectionManager: Rebuilt the GUID cache for 0 collections in 0.000002 seconds
[2019.11.26-13.10.47:888][  0]LogContentBrowser: Native class hierarchy populated in 0.0086 seconds. Added 2863 classes and 680 folders.
[2019.11.26-13.10.47:922][  0]LogContentBrowser: Native class hierarchy updated for 'WidgetCarousel' in 0.0002 seconds. Added 0 classes and 0 folders.
[2019.11.26-13.10.49:208][  0]LogContentBrowser: Native class hierarchy updated for 'AddContentDialog' in 0.0002 seconds. Added 0 classes and 0 folders.
[2019.11.26-13.10.49:246][  0]LogContentBrowser: Native class hierarchy updated for 'SceneOutliner' in 0.0002 seconds. Added 1 classes and 2 folders.
[2019.11.26-13.10.49:620][  0]LogSlate: Took 0.000183 seconds to synchronously load lazily loaded font '../../../Engine/Content/Slate/Fonts/Roboto-Regular.ttf' (155K)
[2019.11.26-13.10.49:623][  0]LogSlate: Took 0.000185 seconds to synchronously load lazily loaded font '../../../Engine/Content/Slate/Fonts/Roboto-Bold.ttf' (160K)
[2019.11.26-13.10.49:696][  0]LogSlate: Took 0.046983 seconds to synchronously load lazily loaded font '../../../Engine/Content/Editor/Slate/Fonts/FontAwesome.ttf' (139K)
[2019.11.26-13.10.50:039][  0]LogRenderer: Reallocating scene render targets to support 944x552 Format 10 NumSamples 1 (Frame:1).
[2019.11.26-13.10.50:225][  0]LogContentBrowser: Native class hierarchy updated for 'HierarchicalLODOutliner' in 0.0002 seconds. Added 0 classes and 0 folders.
[2019.11.26-13.10.50:225][  0]LogLoad: (Engine Initialization) Total time: 10.83 seconds
[2019.11.26-13.10.50:225][  0]LogLoad: (Engine Initialization) Total Blueprint compile time: 0.00 seconds
[2019.11.26-13.10.50:307][  0]LogContentStreaming: Texture pool size now 1000 MB
[2019.11.26-13.10.50:861][  8]LogAssetRegistry: Asset discovery search completed in 7.9771 seconds
[2019.11.26-13.10.50:864][  8]LogCollectionManager: Rebuilt the object cache for 0 collections in 0.000005 seconds (found 0 objects)
[2019.11.26-13.10.50:864][  8]LogCollectionManager: Fixed up redirectors for 0 collections in 0.000095 seconds (updated 0 objects)
[2019.11.26-13.10.54:440][218]LogSlate: Took 0.058888 seconds to synchronously load lazily loaded font '../../../Engine/Content/Slate/Fonts/Roboto-Light.ttf' (167K)
[2019.11.26-13.11.50:239][566]LogEditorSessionSummary: EditorSessionSummary sent report. Type=Shutdown, SessionId={58CF9DCE-4E70-3844-557C-B1A448E1161B}
[2019.11.26-13.13.45:962][495]LogSlate: FSceneViewport::OnFocusLost() reason 0
[2019.11.26-13.13.55:356][ 29]LogSlate: Took 0.005353 seconds to synchronously load lazily loaded font '../../../Engine/Content/Slate/Fonts/Roboto-Light.ttf' (167K)
[2019.11.26-13.13.56:264][ 29]LogBlueprint: Error: [Compiler Door] This blueprint (self) is not a ActorSequenceComponent, therefore ' Target ' must have a connection.
[2019.11.26-13.13.56:265][ 29]LogBlueprint: Error: [Compiler Door] Variable node  Get SequencePlayer  uses an invalid target.  It may depend on a node that is not connected to the execution chain, and got purged.
[2019.11.26-13.13.57:299][ 29]LogAIModule: Creating AISystem for world Tutorial
[2019.11.26-13.13.57:371][ 29]LogAssetEditorManager: Opening Asset editor for World /Game/FirstPersonBP/Maps/Tutorial.Tutorial
[2019.11.26-13.13.57:431][ 29]LogUObjectHash: Compacting FUObjectHashTables data took   2.43ms
[2019.11.26-13.13.57:433][ 29]Cmd: MAP LOAD FILE="../../../../../TFG/JuegoX/JuegoX/Content/FirstPersonBP/Maps/Tutorial.umap" TEMPLATE=0 SHOWPROGRESS=1 FEATURELEVEL=3
[2019.11.26-13.13.57:433][ 29]LightingResults: New page: Lighting Build
[2019.11.26-13.13.57:434][ 29]LoadErrors: New page: Loading map: Tutorial.umap
[2019.11.26-13.13.57:434][ 29]LogWorld: UWorld::CleanupWorld for MainMenu, bSessionEnded=true, bCleanupResources=true
[2019.11.26-13.13.57:434][ 29]MapCheck: New page: Map Check
[2019.11.26-13.13.57:434][ 29]LightingResults: New page: Lighting Build
[2019.11.26-13.13.57:461][ 29]LogUObjectHash: Compacting FUObjectHashTables data took   1.98ms
[2019.11.26-13.13.57:537][ 29]LogEditorServer: Finished looking for orphan Actors (0.000 secs)
[2019.11.26-13.13.57:568][ 29]LogUObjectHash: Compacting FUObjectHashTables data took   2.32ms
[2019.11.26-13.13.57:610][ 29]Cmd: MAP CHECKDEP NOCLEARLOG
[2019.11.26-13.13.57:611][ 29]MapCheck: Map check complete: 0 Error(s), 0 Warning(s), took 0.16ms to complete.
[2019.11.26-13.13.57:611][ 29]LogFileHelpers: Loading map 'Tutorial' took 0.179
[2019.11.26-13.14.16:338][125]LogEditorViewport: Clicking on Actor (LMB): StaticMeshActor (Door)
[2019.11.26-13.14.21:958][411]LogSlate: FSceneViewport::OnFocusLost() reason 0
[2019.11.26-13.14.39:507][444]LogSlate: FSceneViewport::OnFocusLost() reason 0
[2019.11.26-13.14.40:899][519]LogSlate: Took 0.047439 seconds to synchronously load lazily loaded font '../../../Engine/Content/Slate/Fonts/Roboto-Italic.ttf' (157K)
[2019.11.26-13.15.08:449][150]LogSlate: FSceneViewport::OnFocusLost() reason 0
[2019.11.26-13.15.14:512][493]LogSlate: Window 'Select Path' being destroyed
[2019.11.26-13.15.14:579][493]LogUObjectHash: Compacting FUObjectHashTables data took   2.47ms
[2019.11.26-13.15.14:684][493]LogAssetEditorManager: Opening Asset editor for Blueprint /Game/JuegoX/Blueprints/Objects/Door_Blueprint.Door_Blueprint
[2019.11.26-13.15.15:633][493]LogContentBrowser: Native class hierarchy updated for 'BlueprintGraph' in 0.0007 seconds. Added 121 classes and 0 folders.
[2019.11.26-13.15.22:514][712]LogRenderer: Reallocating scene render targets to support 1144x720 Format 10 NumSamples 1 (Frame:214).
[2019.11.26-13.15.41:631][545]LogSlate: FSceneViewport::OnFocusLost() reason 2
[2019.11.26-13.15.43:630][642]Cmd: ACTOR CREATE_BV_BOUNDINGBOX SnapToGrid=1
[2019.11.26-13.15.43:698][642]Cmd: BRUSH ADDVOLUME CLASS=BlockingVolume
[2019.11.26-13.15.45:921][731]LogSlate: FSceneViewport::OnFocusLost() reason 2
[2019.11.26-13.16.59:153][275]BlueprintLog: New page: Compile Door_Blueprint
[2019.11.26-13.16.59:531][275]LogUObjectHash: Compacting FUObjectHashTables data took   4.38ms
[2019.11.26-13.17.00:136][290]Cmd: OBJ SAVEPACKAGE PACKAGE="/Game/JuegoX/Blueprints/Objects/Door_Blueprint" FILE="../../../../../TFG/JuegoX/JuegoX/Content/JuegoX/Blueprints/Objects/Door_Blueprint.uasset" SILENT=true
[2019.11.26-13.17.00:196][290]LogSavePackage: Moving '../../../../../TFG/JuegoX/JuegoX/Saved/Door_Blueprint2363F3C049244801018479979BDF5AD4.tmp' to '../../../../../TFG/JuegoX/JuegoX/Content/JuegoX/Blueprints/Objects/Door_Blueprint.uasset'
[2019.11.26-13.20.50:607][184]LogEditorSessionSummary: EditorSessionSummary sent report. Type=Shutdown, SessionId={7C953D6D-47FE-4E13-6352-D19B96BCC1A8}
[2019.11.26-13.22.05:569][643]LogPhysics: Warning: Initialising Body : Scale3D is (nearly) zero: Component: '/Engine/Transient.World_2:PersistentLevel.Door_Blueprint_C_0.Frame' 
[2019.11.26-13.22.05:570][643]LogPhysics: Warning: Initialising Body : Scale3D is (nearly) zero: Component: '/Game/FirstPersonBP/Maps/Tutorial.Tutorial:PersistentLevel.Door_Blueprint.Frame' 
[2019.11.26-13.22.05:570][643]LogPhysics: Warning: Initialising Body : Scale3D is (nearly) zero: Component: '/Engine/Transient.World_2:PersistentLevel.Door_Blueprint_C_0.Frame' 
[2019.11.26-13.22.05:596][644]LogPhysics: Warning: Initialising Body : Scale3D is (nearly) zero: Component: '/Engine/Transient.World_2:PersistentLevel.Door_Blueprint_C_0.Frame' 
[2019.11.26-13.22.05:596][644]LogPhysics: Warning: Initialising Body : Scale3D is (nearly) zero: Component: '/Engine/Transient.World_2:PersistentLevel.Door_Blueprint_C_0.Frame' 
[2019.11.26-13.22.05:596][644]LogPhysics: Warning: Initialising Body : Scale3D is (nearly) zero: Component: '/Engine/Transient.World_2:PersistentLevel.Door_Blueprint_C_0.Frame' 
[2019.11.26-13.22.05:618][645]LogPhysics: Warning: Initialising Body : Scale3D is (nearly) zero: Component: '/Engine/Transient.World_2:PersistentLevel.Door_Blueprint_C_0.Frame' 
[2019.11.26-13.22.05:618][645]LogPhysics: Warning: Initialising Body : Scale3D is (nearly) zero: Component: '/Engine/Transient.World_2:PersistentLevel.Door_Blueprint_C_0.Frame' 
[2019.11.26-13.22.05:618][645]LogPhysics: Warning: Initialising Body : Scale3D is (nearly) zero: Component: '/Engine/Transient.World_2:PersistentLevel.Door_Blueprint_C_0.Frame' 
[2019.11.26-13.22.05:636][646]LogPhysics: Warning: Initialising Body : Scale3D is (nearly) zero: Component: '/Engine/Transient.World_2:PersistentLevel.Door_Blueprint_C_0.Frame' 
[2019.11.26-13.22.05:636][646]LogPhysics: Warning: Initialising Body : Scale3D is (nearly) zero: Component: '/Engine/Transient.World_2:PersistentLevel.Door_Blueprint_C_0.Frame' 
[2019.11.26-13.22.05:636][646]LogPhysics: Warning: Initialising Body : Scale3D is (nearly) zero: Component: '/Engine/Transient.World_2:PersistentLevel.Door_Blueprint_C_0.Frame' 
[2019.11.26-13.22.05:662][647]LogPhysics: Warning: Initialising Body : Scale3D is (nearly) zero: Component: '/Engine/Transient.World_2:PersistentLevel.Door_Blueprint_C_0.Frame' 
[2019.11.26-13.22.05:662][647]LogPhysics: Warning: Initialising Body : Scale3D is (nearly) zero: Component: '/Engine/Transient.World_2:PersistentLevel.Door_Blueprint_C_0.Frame' 
[2019.11.26-13.22.05:662][647]LogPhysics: Warning: Initialising Body : Scale3D is (nearly) zero: Component: '/Engine/Transient.World_2:PersistentLevel.Door_Blueprint_C_0.Frame' 
[2019.11.26-13.22.05:684][648]LogPhysics: Warning: Initialising Body : Scale3D is (nearly) zero: Component: '/Engine/Transient.World_2:PersistentLevel.Door_Blueprint_C_0.Frame' 
[2019.11.26-13.22.05:684][648]LogPhysics: Warning: Initialising Body : Scale3D is (nearly) zero: Component: '/Engine/Transient.World_2:PersistentLevel.Door_Blueprint_C_0.Frame' 
[2019.11.26-13.22.05:684][648]LogPhysics: Warning: Initialising Body : Scale3D is (nearly) zero: Component: '/Engine/Transient.World_2:PersistentLevel.Door_Blueprint_C_0.Frame' 
[2019.11.26-13.22.05:703][649]LogPhysics: Warning: Initialising Body : Scale3D is (nearly) zero: Component: '/Engine/Transient.World_2:PersistentLevel.Door_Blueprint_C_0.Frame' 
[2019.11.26-13.22.05:703][649]LogPhysics: Warning: Initialising Body : Scale3D is (nearly) zero: Component: '/Engine/Transient.World_2:PersistentLevel.Door_Blueprint_C_0.Frame' 
[2019.11.26-13.22.28:631][629]LogSlate: FSceneViewport::OnFocusLost() reason 0
[2019.11.26-13.22.28:724][634]BlueprintLog: New page: Compile Door_Blueprint
[2019.11.26-13.22.29:073][634]LogUObjectHash: Compacting FUObjectHashTables data took   4.67ms
[2019.11.26-13.22.30:018][669]Cmd: OBJ SAVEPACKAGE PACKAGE="/Game/JuegoX/Blueprints/Objects/Door_Blueprint" FILE="../../../../../TFG/JuegoX/JuegoX/Content/JuegoX/Blueprints/Objects/Door_Blueprint.uasset" SILENT=true
[2019.11.26-13.22.30:345][669]LogSavePackage: Moving '../../../../../TFG/JuegoX/JuegoX/Saved/Door_Blueprint7822DF954E80A0DEA96D32A4CB5AF37F.tmp' to '../../../../../TFG/JuegoX/JuegoX/Content/JuegoX/Blueprints/Objects/Door_Blueprint.uasset'
[2019.11.26-13.22.42:346][198]LogSlate: FSceneViewport::OnFocusLost() reason 0
[2019.11.26-13.23.26:416][231]LogSlate: FSceneViewport::OnFocusLost() reason 0
[2019.11.26-13.23.26:570][237]Cmd: OBJ SAVEPACKAGE PACKAGE="/Game/JuegoX/Blueprints/Objects/Door_Blueprint" FILE="../../../../../TFG/JuegoX/JuegoX/Content/JuegoX/Blueprints/Objects/Door_Blueprint.uasset" SILENT=true
[2019.11.26-13.23.26:591][237]LogSavePackage: Moving '../../../../../TFG/JuegoX/JuegoX/Saved/Door_Blueprint596507B64680933079A3898D9FE4CA15.tmp' to '../../../../../TFG/JuegoX/JuegoX/Content/JuegoX/Blueprints/Objects/Door_Blueprint.uasset'
[2019.11.26-13.23.55:459][584]LogUObjectHash: Compacting FUObjectHashTables data took   6.55ms
[2019.11.26-13.23.55:927][584]LogSavePackage: Moving '../../../../../TFG/JuegoX/JuegoX/Saved/Tutorial_Auto1E1C4E6064F703C7F62F2368E727A1321.tmp' to '../../../../../TFG/JuegoX/JuegoX/Saved/Autosaves/Game/FirstPersonBP/Maps/Tutorial_Auto1.umap'
[2019.11.26-13.23.55:935][584]LogFileHelpers: Editor autosave (incl. sublevels) for '/Game/FirstPersonBP/Maps/Tutorial' took 0.532
[2019.11.26-13.23.55:935][584]LogFileHelpers: Editor autosave (incl. sublevels) for all levels took 0.532
[2019.11.26-13.30.46:916][327]LogSlate: FSceneViewport::OnFocusLost() reason 0
[2019.11.26-13.30.51:266][527]LogSlate: FSceneViewport::OnFocusLost() reason 0
[2019.11.26-13.30.55:656][725]LogSlate: FSceneViewport::OnFocusLost() reason 0
[2019.11.26-13.30.55:750][730]LogTemp: Repeating last play command: Selected Viewport
[2019.11.26-13.30.55:863][730]LogBlueprintUserMessages: Early PlayInEditor Detection: Level '/Game/FirstPersonBP/Maps/Tutorial.Tutorial:PersistentLevel' has LevelScriptBlueprint '/Game/FirstPersonBP/Maps/Tutorial.Tutorial:PersistentLevel.Tutorial' with GeneratedClass '/Game/FirstPersonBP/Maps/Tutorial.Tutorial_C' with ClassGeneratedBy '/Game/FirstPersonBP/Maps/Tutorial.Tutorial:PersistentLevel.Tutorial'
[2019.11.26-13.30.55:894][730]LogPlayLevel: PlayLevel: No blueprints needed recompiling
[2019.11.26-13.30.55:894][730]BlueprintLog: Warning: Blueprint failed to compile:  Door
[2019.11.26-13.30.55:908][730]LogCustomDialog: Dialog displayed:
[2019.11.26-13.30.57:527][730]LogSlate: Window 'Blueprint Compilation Errors' being destroyed
[2019.11.26-13.30.57:600][730]PIE: New page: PIE session: Tutorial (Nov 26, 2019, 3:30:57 PM)
[2019.11.26-13.30.57:652][730]LogOnline: OSS: Creating online subsystem instance for: NULL
[2019.11.26-13.30.57:662][730]LogPlayLevel: Creating play world package: /Game/FirstPersonBP/Maps/UEDPIE_0_Tutorial
[2019.11.26-13.30.57:783][730]LogPlayLevel: PIE: StaticDuplicateObject took: (0.120837s)
[2019.11.26-13.30.57:793][730]LogAIModule: Creating AISystem for world Tutorial
[2019.11.26-13.30.57:805][730]LogPlayLevel: PIE: World Init took: (0.021947s)
[2019.11.26-13.30.57:818][730]LogPlayLevel: PIE: Created PIE world by copying editor world from /Game/FirstPersonBP/Maps/Tutorial.Tutorial to /Game/FirstPersonBP/Maps/UEDPIE_0_Tutorial.Tutorial (0.156070s)
[2019.11.26-13.30.57:864][730]LogUObjectHash: Compacting FUObjectHashTables data took   4.64ms
[2019.11.26-13.30.57:912][730]LogInit: XAudio2 using 'Speakers (Realtek High Definition Audio)' : 2 channels at 48 kHz using 32 bits per sample (channel mask 0x3)
[2019.11.26-13.30.57:984][730]LogInit: FAudioDevice initialized.
[2019.11.26-13.30.58:036][730]LogLoad: Game class is 'FirstPersonGameMode_C'
[2019.11.26-13.30.58:141][730]LogWorld: Bringing World /Game/FirstPersonBP/Maps/UEDPIE_0_Tutorial.Tutorial up for play (max tick rate 60) at 2019.11.26-14.30.58
[2019.11.26-13.30.58:263][730]LogWorld: Bringing up level for play took: 0.136163
[2019.11.26-13.30.58:273][730]LogOnline: OSS: Creating online subsystem instance for: :Context_5
[2019.11.26-13.30.58:478][730]LogContentBrowser: Native class hierarchy updated for 'MovieSceneCapture' in 0.0003 seconds. Added 20 classes and 0 folders.
[2019.11.26-13.30.58:533][730]PIE: Play in editor start time for /Game/FirstPersonBP/Maps/UEDPIE_0_Tutorial 2.468
[2019.11.26-13.30.58:533][730]LogBlueprintUserMessages: Late PlayInEditor Detection: Level '/Game/FirstPersonBP/Maps/Tutorial.Tutorial:PersistentLevel' has LevelScriptBlueprint '/Game/FirstPersonBP/Maps/Tutorial.Tutorial:PersistentLevel.Tutorial' with GeneratedClass '/Game/FirstPersonBP/Maps/Tutorial.Tutorial_C' with ClassGeneratedBy '/Game/FirstPersonBP/Maps/Tutorial.Tutorial:PersistentLevel.Tutorial'
[2019.11.26-13.31.07:612][151]LogBlueprintUserMessages: Early EndPlayMap Detection: Level '/Game/FirstPersonBP/Maps/Tutorial.Tutorial:PersistentLevel' has LevelScriptBlueprint '/Game/FirstPersonBP/Maps/Tutorial.Tutorial:PersistentLevel.Tutorial' with GeneratedClass '/Game/FirstPersonBP/Maps/Tutorial.Tutorial_C' with ClassGeneratedBy '/Game/FirstPersonBP/Maps/Tutorial.Tutorial:PersistentLevel.Tutorial'
[2019.11.26-13.31.07:619][151]LogSlate: Updating window title bar state: overlay mode, drag disabled, window buttons hidden, title bar hidden
[2019.11.26-13.31.07:619][151]LogWorld: BeginTearingDown for /Game/FirstPersonBP/Maps/UEDPIE_0_Tutorial
[2019.11.26-13.31.07:624][151]LogWorld: UWorld::CleanupWorld for Tutorial, bSessionEnded=true, bCleanupResources=true
[2019.11.26-13.31.07:664][151]LogPlayLevel: Display: Shutting down PIE online subsystems
[2019.11.26-13.31.07:665][151]LogBlueprintUserMessages: Late EndPlayMap Detection: Level '/Game/FirstPersonBP/Maps/Tutorial.Tutorial:PersistentLevel' has LevelScriptBlueprint '/Game/FirstPersonBP/Maps/Tutorial.Tutorial:PersistentLevel.Tutorial' with GeneratedClass '/Game/FirstPersonBP/Maps/Tutorial.Tutorial_C' with ClassGeneratedBy '/Game/FirstPersonBP/Maps/Tutorial.Tutorial:PersistentLevel.Tutorial'
[2019.11.26-13.31.07:762][151]LogSlate: Updating window title bar state: overlay mode, drag disabled, window buttons hidden, title bar hidden
[2019.11.26-13.31.07:922][151]LogUObjectHash: Compacting FUObjectHashTables data took   4.76ms
[2019.11.26-13.31.07:972][152]LogPlayLevel: Display: Destroying online subsystem :Context_5
[2019.11.26-13.31.10:908][293]LogSlate: FSceneViewport::OnFocusLost() reason 0
[2019.11.26-13.31.35:625][376]LogSlate: Took 0.024936 seconds to synchronously load lazily loaded font '../../../Engine/Content/Slate/Fonts/Roboto-BoldCondensed.ttf' (158K)
[2019.11.26-13.33.13:794][ 44]LogAssetEditorManager: Opening Asset editor for LevelScriptBlueprint /Game/FirstPersonBP/Maps/Tutorial.Tutorial:PersistentLevel.Tutorial
[2019.11.26-13.33.42:878][339]LogProperty: Warning: Illegal TEXT reference to a private object in external package (LevelSequenceActor /Game/FirstPersonBP/Maps/Tutorial.Tutorial:PersistentLevel.OpenDoor) from referencer (K2Node_Literal /Game/JuegoX/Blueprints/Objects/Door_Blueprint.Door_Blueprint:Interact.K2Node_Literal_2).  Import failed...
[2019.11.26-13.33.42:878][339]LogProperty: Warning: ObjectProperty /Script/BlueprintGraph.K2Node_Literal:ObjectRef: unresolved reference to 'LevelSequenceActor'"/Game/FirstPersonBP/Maps/Tutorial.Tutorial:PersistentLevel.OpenDoor"''
[2019.11.26-13.33.42:879][339]LogProperty: Warning: Illegal TEXT reference to a private object in external package (LevelSequenceActor /Game/FirstPersonBP/Maps/Tutorial.Tutorial:PersistentLevel.OpenDoor) from referencer (K2Node_Literal /Game/JuegoX/Blueprints/Objects/Door_Blueprint.Door_Blueprint:Interact.K2Node_Literal_3).  Import failed...
[2019.11.26-13.33.42:879][339]LogProperty: Warning: ObjectProperty /Script/BlueprintGraph.K2Node_Literal:ObjectRef: unresolved reference to 'LevelSequenceActor'"/Game/FirstPersonBP/Maps/Tutorial.Tutorial:PersistentLevel.OpenDoor"''
[2019.11.26-13.34.30:272][493]BlueprintLog: New page: Compile Door_Blueprint
[2019.11.26-13.34.30:278][493]LogBlueprint: Warning: [Compiler Door_Blueprint] Node  Unknown  is not referencing a valid level actor
[2019.11.26-13.34.30:279][493]LogBlueprint: Warning: [Compiler Door_Blueprint] Node  Unknown  is not referencing a valid level actor
[2019.11.26-13.34.30:660][493]LogUObjectHash: Compacting FUObjectHashTables data took   5.68ms
[2019.11.26-13.34.31:259][514]Cmd: OBJ SAVEPACKAGE PACKAGE="/Game/JuegoX/Blueprints/Objects/Door_Blueprint" FILE="../../../../../TFG/JuegoX/JuegoX/Content/JuegoX/Blueprints/Objects/Door_Blueprint.uasset" SILENT=true
[2019.11.26-13.34.31:336][514]LogSavePackage: Moving '../../../../../TFG/JuegoX/JuegoX/Saved/Door_BlueprintE85CB5524436FB31AB907591BD6A4A99.tmp' to '../../../../../TFG/JuegoX/JuegoX/Content/JuegoX/Blueprints/Objects/Door_Blueprint.uasset'
[2019.11.26-13.35.47:814][169]LogSlate: FSceneViewport::OnFocusLost() reason 0
[2019.11.26-13.38.18:305][443]LogUObjectHash: Compacting FUObjectHashTables data took   6.33ms
[2019.11.26-13.38.18:729][443]LogSavePackage: Moving '../../../../../TFG/JuegoX/JuegoX/Saved/Tutorial_Auto225DB5ECC44EE185AE2075183558FEC47.tmp' to '../../../../../TFG/JuegoX/JuegoX/Saved/Autosaves/Game/FirstPersonBP/Maps/Tutorial_Auto2.umap'
[2019.11.26-13.38.18:746][443]LogFileHelpers: Editor autosave (incl. sublevels) for '/Game/FirstPersonBP/Maps/Tutorial' took 0.491
[2019.11.26-13.38.18:746][443]LogFileHelpers: Editor autosave (incl. sublevels) for all levels took 0.491
[2019.11.26-13.38.18:766][443]OBJ SavePackage: Generating thumbnails for [1] asset(s) in package [/Game/JuegoX/Blueprints/Objects/Door_Blueprint] ([1] browsable assets)...
[2019.11.26-13.38.18:802][443]OBJ SavePackage:     Rendered thumbnail for [Blueprint /Game/JuegoX/Blueprints/Objects/Door_Blueprint.Door_Blueprint]
[2019.11.26-13.38.18:802][443]OBJ SavePackage: Finished generating thumbnails for package [/Game/JuegoX/Blueprints/Objects/Door_Blueprint]
[2019.11.26-13.38.18:835][443]LogSavePackage: Moving '../../../../../TFG/JuegoX/JuegoX/Saved/Door_Blueprint_Auto248C3FEE1406BF401E1D62B8709EAAA32.tmp' to '../../../../../TFG/JuegoX/JuegoX/Saved/Autosaves/Game/JuegoX/Blueprints/Objects/Door_Blueprint_Auto2.uasset'
[2019.11.26-13.38.18:848][443]LogFileHelpers: Auto-saving content packages took 0.099
[2019.11.26-13.39.43:853][744]LogSlate: FSceneViewport::OnFocusLost() reason 0
[2019.11.26-13.39.44:075][749]LogAssetEditorManager: Opening Asset editor for LevelSequence /Game/JuegoX/Object_Animations/OpenDoor.OpenDoor
[2019.11.26-13.40.09:125][820]LogSlate: Window 'Select Path' being destroyed
[2019.11.26-13.40.09:300][820]LogUObjectHash: Compacting FUObjectHashTables data took   6.09ms
[2019.11.26-13.40.09:354][820]LogAssetEditorManager: Opening Asset editor for Blueprint /Game/JuegoX/Blueprints/Objects/OpenDoor_Blueprint.OpenDoor_Blueprint
[2019.11.26-13.40.40:903][133]LogEditorTransaction: Undo Edit Static Mesh
[2019.11.26-13.40.40:943][133]LogActorComponent: ~FComponentReregisterContext: (/Engine/Transient.World_6:PersistentLevel.OpenDoor_Blueprint_C_0.SceneComp) Component already registered.
[2019.11.26-13.40.40:944][133]LogActorComponent: ~FComponentReregisterContext: (/Game/FirstPersonBP/Maps/Tutorial.Tutorial:PersistentLevel.OpenDoor_Blueprint.SceneComp) Component already registered.
[2019.11.26-13.40.50:895][598]LogSlate: FSceneViewport::OnFocusLost() reason 0
[2019.11.26-13.40.51:011][602]LogWorld: UWorld::CleanupWorld for World_6, bSessionEnded=true, bCleanupResources=true
[2019.11.26-13.41.58:203][651]BlueprintLog: New page: Compile Door_Blueprint
[2019.11.26-13.41.58:205][651]LogBlueprint: Error: [Compiler Door_Blueprint] This blueprint (self) is not a LevelSequenceActor, therefore ' Target ' must have a connection.
[2019.11.26-13.41.58:205][651]LogBlueprint: Error: [Compiler Door_Blueprint] This blueprint (self) is not a LevelSequenceActor, therefore ' Target ' must have a connection.
[2019.11.26-13.41.58:609][651]LogUObjectHash: Compacting FUObjectHashTables data took   6.75ms
[2019.11.26-13.42.33:958][224]BlueprintLog: New page: Compile Door_Blueprint
[2019.11.26-13.42.34:288][224]LogUObjectHash: Compacting FUObjectHashTables data took   6.01ms
[2019.11.26-13.42.34:975][248]Cmd: OBJ SAVEPACKAGE PACKAGE="/Game/JuegoX/Blueprints/Objects/Door_Blueprint" FILE="../../../../../TFG/JuegoX/JuegoX/Content/JuegoX/Blueprints/Objects/Door_Blueprint.uasset" SILENT=true
[2019.11.26-13.42.35:063][248]LogSavePackage: Moving '../../../../../TFG/JuegoX/JuegoX/Saved/Door_Blueprint7D75C22442EF490432201B9599D62AC2.tmp' to '../../../../../TFG/JuegoX/JuegoX/Content/JuegoX/Blueprints/Objects/Door_Blueprint.uasset'
[2019.11.26-13.43.52:789][450]LogEditorTransaction: Undo Add Folder
[2019.11.26-13.48.19:375][869]LogUObjectHash: Compacting FUObjectHashTables data took   6.03ms
[2019.11.26-13.48.19:445][869]LogBlueprint: Warning: [Compiler PersistentLevel.Tutorial] Node  Unknown  is not referencing a valid level actor
[2019.11.26-13.48.19:445][869]LogBlueprint: Warning: [Compiler PersistentLevel.Tutorial] Node  Unknown  is not referencing a valid level actor
[2019.11.26-13.48.19:805][869]LogSavePackage: Moving '../../../../../TFG/JuegoX/JuegoX/Saved/Tutorial_Auto348DBFBFF457AFE561800F7A2716703B7.tmp' to '../../../../../TFG/JuegoX/JuegoX/Saved/Autosaves/Game/FirstPersonBP/Maps/Tutorial_Auto3.umap'
[2019.11.26-13.48.19:819][869]LogFileHelpers: Editor autosave (incl. sublevels) for '/Game/FirstPersonBP/Maps/Tutorial' took 0.515
[2019.11.26-13.48.19:820][869]LogFileHelpers: Editor autosave (incl. sublevels) for all levels took 0.515
[2019.11.26-13.48.19:821][869]OBJ SavePackage: Generating thumbnails for [1] asset(s) in package [/Game/JuegoX/Blueprints/Objects/Door_Blueprint] ([1] browsable assets)...
[2019.11.26-13.48.19:858][869]OBJ SavePackage:     Rendered thumbnail for [Blueprint /Game/JuegoX/Blueprints/Objects/Door_Blueprint.Door_Blueprint]
[2019.11.26-13.48.19:858][869]OBJ SavePackage: Finished generating thumbnails for package [/Game/JuegoX/Blueprints/Objects/Door_Blueprint]
[2019.11.26-13.48.19:894][869]LogSavePackage: Moving '../../../../../TFG/JuegoX/JuegoX/Saved/Door_Blueprint_Auto3B671564C4CF7D0F65043B6AD2A8CB3DB.tmp' to '../../../../../TFG/JuegoX/JuegoX/Saved/Autosaves/Game/JuegoX/Blueprints/Objects/Door_Blueprint_Auto3.uasset'
[2019.11.26-13.48.19:895][869]OBJ SavePackage: Generating thumbnails for [0] asset(s) in package [/Game/JuegoX/Blueprints/Objects/OpenDoor_Blueprint] ([1] browsable assets)...
[2019.11.26-13.48.19:895][869]OBJ SavePackage: Finished generating thumbnails for package [/Game/JuegoX/Blueprints/Objects/OpenDoor_Blueprint]
[2019.11.26-13.48.19:911][869]LogSavePackage: Moving '../../../../../TFG/JuegoX/JuegoX/Saved/OpenDoor_Blueprint_Auto3158BFB6F40AB642CBE00219D2BFA97B9.tmp' to '../../../../../TFG/JuegoX/JuegoX/Saved/Autosaves/Game/JuegoX/Blueprints/Objects/OpenDoor_Blueprint_Auto3.uasset'
[2019.11.26-13.48.19:911][869]LogFileHelpers: Auto-saving content packages took 0.090
[2019.11.26-13.48.50:849][965]BlueprintLog: New page: Compile Door_Blueprint
[2019.11.26-13.48.51:156][965]LogUObjectHash: Compacting FUObjectHashTables data took   5.87ms
[2019.11.26-13.49.11:500][862]BlueprintLog: New page: Compile Door_Blueprint
[2019.11.26-13.49.11:502][862]LogBlueprint: Error: [Compiler Door_Blueprint] This blueprint (self) is not a ActorSequenceComponent, therefore ' Target ' must have a connection.
[2019.11.26-13.49.11:503][862]LogBlueprint: Error: [Compiler Door_Blueprint] Variable node  Get SequencePlayer  uses an invalid target.  It may depend on a node that is not connected to the execution chain, and got purged.
[2019.11.26-13.49.11:798][862]LogUObjectHash: Compacting FUObjectHashTables data took   6.02ms
[2019.11.26-13.49.12:348][881]Cmd: OBJ SAVEPACKAGE PACKAGE="/Game/JuegoX/Blueprints/Objects/Door_Blueprint" FILE="../../../../../TFG/JuegoX/JuegoX/Content/JuegoX/Blueprints/Objects/Door_Blueprint.uasset" SILENT=true
[2019.11.26-13.49.12:374][881]LogSavePackage: Moving '../../../../../TFG/JuegoX/JuegoX/Saved/Door_Blueprint72E96DB843D64C4D43018A981052110B.tmp' to '../../../../../TFG/JuegoX/JuegoX/Content/JuegoX/Blueprints/Objects/Door_Blueprint.uasset'
[2019.11.26-13.49.22:040][326]BlueprintLog: New page: Compile Door_Blueprint
[2019.11.26-13.49.22:042][326]LogBlueprint: Error: [Compiler Door_Blueprint] This blueprint (self) is not a MovieSceneSequencePlayer, therefore ' Target ' must have a connection.
[2019.11.26-13.49.22:042][326]LogBlueprint: Error: [Compiler Door_Blueprint] This blueprint (self) is not a MovieSceneSequencePlayer, therefore ' Target ' must have a connection.
[2019.11.26-13.49.22:337][326]LogUObjectHash: Compacting FUObjectHashTables data took   6.30ms
[2019.11.26-13.55.32:904][500]BlueprintLog: New page: Compile Door_Blueprint
[2019.11.26-13.55.32:907][500]LogBlueprint: Error: [Compiler Door_Blueprint] This blueprint (self) is not a MovieSceneSequencePlayer, therefore ' Target ' must have a connection.
[2019.11.26-13.55.32:907][500]LogBlueprint: Error: [Compiler Door_Blueprint] This blueprint (self) is not a MovieSceneSequencePlayer, therefore ' Target ' must have a connection.
[2019.11.26-13.55.33:258][500]LogUObjectHash: Compacting FUObjectHashTables data took   6.36ms
[2019.11.26-13.55.39:057][761]BlueprintLog: New page: Compile Door_Blueprint
[2019.11.26-13.55.39:407][761]LogUObjectHash: Compacting FUObjectHashTables data took   7.08ms
[2019.11.26-13.55.40:192][788]Cmd: OBJ SAVEPACKAGE PACKAGE="/Game/JuegoX/Blueprints/Objects/Door_Blueprint" FILE="../../../../../TFG/JuegoX/JuegoX/Content/JuegoX/Blueprints/Objects/Door_Blueprint.uasset" SILENT=true
[2019.11.26-13.55.40:223][788]LogSavePackage: Moving '../../../../../TFG/JuegoX/JuegoX/Saved/Door_BlueprintB62FFAA94CDD720932C6CA94EB0DD6A1.tmp' to '../../../../../TFG/JuegoX/JuegoX/Content/JuegoX/Blueprints/Objects/Door_Blueprint.uasset'
[2019.11.26-13.56.16:167][486]Cmd: DELETE
[2019.11.26-13.56.16:168][486]Cmd: ACTOR DELETE
[2019.11.26-13.56.16:249][486]LogEditorActor: Deleted Actor: OpenDoor_Blueprint_C
[2019.11.26-13.56.16:308][486]LogUObjectHash: Compacting FUObjectHashTables data took   6.27ms
[2019.11.26-13.56.16:309][486]LogEditorActor: Deleted 1 Actors (0.107 secs)
[2019.11.26-13.56.40:971][837]LogSlate: FSceneViewport::OnFocusLost() reason 0
[2019.11.26-13.58.05:329][751]LogSlate: Window 'Save Asset As' being destroyed
[2019.11.26-13.58.28:335][879]LogSlate: FSceneViewport::OnFocusLost() reason 0
[2019.11.26-13.58.28:495][882]Cmd: OBJ SAVEPACKAGE PACKAGE="/Game/FirstPersonBP/Maps/Tutorial" FILE="../../../../../TFG/JuegoX/JuegoX/Content/FirstPersonBP/Maps/Tutorial.umap" SILENT=true AUTOSAVING=false KEEPDIRTY=false
[2019.11.26-13.58.28:545][882]LogUObjectHash: Compacting FUObjectHashTables data took   4.05ms
[2019.11.26-13.58.28:571][882]LogBlueprint: Error: [Compiler PersistentLevel.Tutorial] This blueprint (self) is not a LevelSequenceActor, therefore ' Target ' must have a connection.
[2019.11.26-13.58.28:571][882]LogBlueprint: Error: [Compiler PersistentLevel.Tutorial] This blueprint (self) is not a LevelSequenceActor, therefore ' Target ' must have a connection.
[2019.11.26-13.58.28:956][882]LogSavePackage: Moving '../../../../../TFG/JuegoX/JuegoX/Saved/Tutorial78B770254CB6D2F4F128B2B9820BA08C.tmp' to '../../../../../TFG/JuegoX/JuegoX/Content/FirstPersonBP/Maps/Tutorial.umap'
[2019.11.26-13.58.53:434][  5]BlueprintLog: New page: Compile Tutorial
[2019.11.26-13.58.53:802][  5]LogUObjectHash: Compacting FUObjectHashTables data took   7.19ms
[2019.11.26-13.59.19:309][  5]LogWindows: Error: === Critical error: ===
[2019.11.26-13.59.19:309][  5]LogWindows: Error: 
[2019.11.26-13.59.19:309][  5]LogWindows: Error: Fatal error!
[2019.11.26-13.59.19:309][  5]LogWindows: Error: 
[2019.11.26-13.59.19:309][  5]LogWindows: Error: Unhandled Exception: EXCEPTION_ACCESS_VIOLATION reading address 0x00000000
[2019.11.26-13.59.19:309][  5]LogWindows: Error: 
[2019.11.26-13.59.19:309][  5]LogWindows: Error: [Callstack] 0x00007fffe3bf8013 UE4Editor-Sequencer.dll!UnknownFunction []
[2019.11.26-13.59.19:309][  5]LogWindows: Error: [Callstack] 0x00007fffeb9072ad UE4Editor-UnrealEd.dll!UnknownFunction []
[2019.11.26-13.59.19:309][  5]LogWindows: Error: [Callstack] 0x00007fffebccd437 UE4Editor-UnrealEd.dll!UnknownFunction []
[2019.11.26-13.59.19:309][  5]LogWindows: Error: [Callstack] 0x00007fffec525296 UE4Editor-UnrealEd.dll!UnknownFunction []
[2019.11.26-13.59.19:309][  5]LogWindows: Error: [Callstack] 0x00007ff7f4447b0a UE4Editor.exe!UnknownFunction []
[2019.11.26-13.59.19:309][  5]LogWindows: Error: [Callstack] 0x00007ff7f445a91c UE4Editor.exe!UnknownFunction []
[2019.11.26-13.59.19:309][  5]LogWindows: Error: [Callstack] 0x00007ff7f445a9fa UE4Editor.exe!UnknownFunction []
[2019.11.26-13.59.19:309][  5]LogWindows: Error: [Callstack] 0x00007ff7f446b92c UE4Editor.exe!UnknownFunction []
[2019.11.26-13.59.19:309][  5]LogWindows: Error: [Callstack] 0x00007ff7f446e60e UE4Editor.exe!UnknownFunction []
[2019.11.26-13.59.19:309][  5]LogWindows: Error: [Callstack] 0x00007ff83de47974 KERNEL32.DLL!UnknownFunction []
[2019.11.26-13.59.19:309][  5]LogWindows: Error: [Callstack] 0x00007ff83dfea271 ntdll.dll!UnknownFunction []
[2019.11.26-13.59.19:309][  5]LogWindows: Error: 
[2019.11.26-13.59.19:375][  5]LogExit: Executing StaticShutdownAfterError
[2019.11.26-13.59.19:691][  5]LogWindows: FPlatformMisc::RequestExit(1)
[2019.11.26-13.59.19:722][  5]Log file closed, 11/26/19 14:59:19
